/Users/mattg0/miniconda3/envs/HorseAIv2/lib/python3.11/site-packages/pytorch_tabnet/abstract_model.py:82: UserWarning: Device used : cpu
  warnings.warn(f"Device used : {self.device}")
🚀 Starting batch prediction job: batch_20251117_154946
   Total races: 23
   Workers: 3
   Chunk size: 50
   Memory limit: 4096.0MB
   Database: 2years

✓ Loaded 25 selected features from models/2025-11-13/2years_144333/feature_selector.json
[5%] Loading races from database...
[15%] Loaded 23 races, starting predictions...
[20%] Processing chunk 1/1 (Mem: 701MB)...
/Users/mattg0/miniconda3/envs/HorseAIv2/lib/python3.11/site-packages/pytorch_tabnet/abstract_model.py:82: UserWarning: Device used : cpu
  warnings.warn(f"Device used : {self.device}")
/Users/mattg0/miniconda3/envs/HorseAIv2/lib/python3.11/site-packages/pytorch_tabnet/abstract_model.py:82: UserWarning: Device used : cpu
  warnings.warn(f"Device used : {self.device}")
/Users/mattg0/miniconda3/envs/HorseAIv2/lib/python3.11/site-packages/pytorch_tabnet/abstract_model.py:82: UserWarning: Device used : cpu
  warnings.warn(f"Device used : {self.device}")
2025-11-17 15:50:00,898 - core.orchestrators.feature_selector - INFO - RF features: 113 domain features (no embeddings)
2025-11-17 15:50:00,899 - core.orchestrators.feature_selector - INFO - RF features: 114 domain features (no embeddings)
2025-11-17 15:50:00,899 - core.orchestrators.feature_selector - INFO - Dropped 104 features for rf model
2025-11-17 15:50:00,899 - core.orchestrators.feature_selector - INFO - Dropped 113 features for rf model
2025-11-17 15:50:00,899 - core.orchestrators.feature_selector - INFO - RF features: 113 domain features (no embeddings)
2025-11-17 15:50:00,899 - core.orchestrators.feature_selector - INFO - RF features: 114 domain features (no embeddings)
2025-11-17 15:50:00,902 - core.orchestrators.feature_selector - INFO - RF features: 113 domain features (no embeddings)
2025-11-17 15:50:00,902 - core.orchestrators.feature_selector - INFO - RF features: 114 domain features (no embeddings)
2025-11-17 15:50:00,907 - core.orchestrators.feature_selector - INFO - RF features: 114 domain features (no embeddings)
2025-11-17 15:50:00,908 - core.orchestrators.feature_selector - INFO - Dropped 113 features for rf model
2025-11-17 15:50:00,908 - core.orchestrators.feature_selector - INFO - RF features: 114 domain features (no embeddings)
2025-11-17 15:50:00,911 - core.orchestrators.feature_selector - INFO - RF features: 114 domain features (no embeddings)
2025-11-17 15:50:24,891 - core.orchestrators.feature_selector - INFO - RF features: 114 domain features (no embeddings)
2025-11-17 15:50:24,892 - core.orchestrators.feature_selector - INFO - Dropped 113 features for rf model
2025-11-17 15:50:24,892 - core.orchestrators.feature_selector - INFO - RF features: 114 domain features (no embeddings)
2025-11-17 15:50:24,894 - core.orchestrators.feature_selector - INFO - RF features: 114 domain features (no embeddings)
2025-11-17 15:50:24,894 - core.orchestrators.feature_selector - INFO - RF features: 114 domain features (no embeddings)
2025-11-17 15:50:24,895 - core.orchestrators.feature_selector - INFO - Dropped 113 features for rf model
2025-11-17 15:50:24,895 - core.orchestrators.feature_selector - INFO - RF features: 114 domain features (no embeddings)
2025-11-17 15:50:24,898 - core.orchestrators.feature_selector - INFO - RF features: 114 domain features (no embeddings)
2025-11-17 15:50:24,899 - core.orchestrators.feature_selector - INFO - RF features: 114 domain features (no embeddings)
2025-11-17 15:50:24,899 - core.orchestrators.feature_selector - INFO - Dropped 113 features for rf model
2025-11-17 15:50:24,899 - core.orchestrators.feature_selector - INFO - RF features: 114 domain features (no embeddings)
2025-11-17 15:50:24,902 - core.orchestrators.feature_selector - INFO - RF features: 114 domain features (no embeddings)
2025-11-17 15:50:49,237 - core.orchestrators.feature_selector - INFO - RF features: 114 domain features (no embeddings)
2025-11-17 15:50:49,237 - core.orchestrators.feature_selector - INFO - Dropped 113 features for rf model
2025-11-17 15:50:49,237 - core.orchestrators.feature_selector - INFO - RF features: 114 domain features (no embeddings)
2025-11-17 15:50:49,240 - core.orchestrators.feature_selector - INFO - RF features: 114 domain features (no embeddings)
2025-11-17 15:50:49,243 - core.orchestrators.feature_selector - INFO - RF features: 114 domain features (no embeddings)
2025-11-17 15:50:49,244 - core.orchestrators.feature_selector - INFO - Dropped 113 features for rf model
2025-11-17 15:50:49,244 - core.orchestrators.feature_selector - INFO - RF features: 114 domain features (no embeddings)
2025-11-17 15:50:49,244 - core.orchestrators.feature_selector - INFO - RF features: 114 domain features (no embeddings)
2025-11-17 15:50:49,244 - core.orchestrators.feature_selector - INFO - Dropped 113 features for rf model
2025-11-17 15:50:49,244 - core.orchestrators.feature_selector - INFO - RF features: 114 domain features (no embeddings)
2025-11-17 15:50:49,246 - core.orchestrators.feature_selector - INFO - RF features: 114 domain features (no embeddings)
2025-11-17 15:50:49,247 - core.orchestrators.feature_selector - INFO - RF features: 114 domain features (no embeddings)
2025-11-17 15:51:10,585 - core.orchestrators.feature_selector - INFO - RF features: 114 domain features (no embeddings)
2025-11-17 15:51:10,586 - core.orchestrators.feature_selector - INFO - Dropped 113 features for rf model
2025-11-17 15:51:10,586 - core.orchestrators.feature_selector - INFO - RF features: 114 domain features (no embeddings)
2025-11-17 15:51:10,589 - core.orchestrators.feature_selector - INFO - RF features: 114 domain features (no embeddings)
2025-11-17 15:51:10,592 - core.orchestrators.feature_selector - INFO - RF features: 114 domain features (no embeddings)
2025-11-17 15:51:10,593 - core.orchestrators.feature_selector - INFO - Dropped 113 features for rf model
2025-11-17 15:51:10,593 - core.orchestrators.feature_selector - INFO - RF features: 114 domain features (no embeddings)
2025-11-17 15:51:10,596 - core.orchestrators.feature_selector - INFO - RF features: 114 domain features (no embeddings)
2025-11-17 15:51:10,596 - core.orchestrators.feature_selector - INFO - RF features: 114 domain features (no embeddings)
2025-11-17 15:51:10,597 - core.orchestrators.feature_selector - INFO - Dropped 113 features for rf model
2025-11-17 15:51:10,597 - core.orchestrators.feature_selector - INFO - RF features: 114 domain features (no embeddings)
2025-11-17 15:51:10,600 - core.orchestrators.feature_selector - INFO - RF features: 114 domain features (no embeddings)
2025-11-17 15:51:31,594 - core.orchestrators.feature_selector - INFO - RF features: 114 domain features (no embeddings)
2025-11-17 15:51:31,594 - core.orchestrators.feature_selector - INFO - Dropped 113 features for rf model
2025-11-17 15:51:31,594 - core.orchestrators.feature_selector - INFO - RF features: 114 domain features (no embeddings)
2025-11-17 15:51:31,597 - core.orchestrators.feature_selector - INFO - RF features: 114 domain features (no embeddings)
2025-11-17 15:51:31,603 - core.orchestrators.feature_selector - INFO - RF features: 114 domain features (no embeddings)
2025-11-17 15:51:31,603 - core.orchestrators.feature_selector - INFO - Dropped 113 features for rf model
2025-11-17 15:51:31,603 - core.orchestrators.feature_selector - INFO - RF features: 114 domain features (no embeddings)
2025-11-17 15:51:31,605 - core.orchestrators.feature_selector - INFO - RF features: 114 domain features (no embeddings)
2025-11-17 15:51:31,607 - core.orchestrators.feature_selector - INFO - RF features: 114 domain features (no embeddings)
2025-11-17 15:51:31,608 - core.orchestrators.feature_selector - INFO - Dropped 113 features for rf model
2025-11-17 15:51:31,608 - core.orchestrators.feature_selector - INFO - RF features: 114 domain features (no embeddings)
2025-11-17 15:51:31,611 - core.orchestrators.feature_selector - INFO - RF features: 114 domain features (no embeddings)
2025-11-17 15:51:53,733 - core.orchestrators.feature_selector - INFO - RF features: 114 domain features (no embeddings)
2025-11-17 15:51:53,733 - core.orchestrators.feature_selector - INFO - RF features: 114 domain features (no embeddings)
2025-11-17 15:51:53,733 - core.orchestrators.feature_selector - INFO - RF features: 114 domain features (no embeddings)
2025-11-17 15:51:53,735 - core.orchestrators.feature_selector - INFO - Dropped 113 features for rf model
2025-11-17 15:51:53,870 - core.orchestrators.feature_selector - INFO - RF features: 114 domain features (no embeddings)
2025-11-17 15:51:53,871 - core.orchestrators.feature_selector - INFO - Dropped 113 features for rf model
2025-11-17 15:51:53,871 - core.orchestrators.feature_selector - INFO - RF features: 114 domain features (no embeddings)
2025-11-17 15:51:53,871 - core.orchestrators.feature_selector - INFO - Dropped 113 features for rf model
2025-11-17 15:51:53,871 - core.orchestrators.feature_selector - INFO - RF features: 114 domain features (no embeddings)
2025-11-17 15:51:53,879 - core.orchestrators.feature_selector - INFO - RF features: 114 domain features (no embeddings)
2025-11-17 15:51:53,879 - core.orchestrators.feature_selector - INFO - RF features: 114 domain features (no embeddings)
2025-11-17 15:51:53,880 - core.orchestrators.feature_selector - INFO - RF features: 114 domain features (no embeddings)
2025-11-17 15:53:27,269 - core.orchestrators.feature_selector - INFO - RF features: 114 domain features (no embeddings)
2025-11-17 15:53:27,270 - core.orchestrators.feature_selector - INFO - Dropped 113 features for rf model
2025-11-17 15:53:27,270 - core.orchestrators.feature_selector - INFO - RF features: 114 domain features (no embeddings)
2025-11-17 15:53:27,272 - core.orchestrators.feature_selector - INFO - RF features: 114 domain features (no embeddings)
2025-11-17 15:53:27,273 - core.orchestrators.feature_selector - INFO - RF features: 114 domain features (no embeddings)
2025-11-17 15:53:27,273 - core.orchestrators.feature_selector - INFO - Dropped 113 features for rf model
2025-11-17 15:53:27,273 - core.orchestrators.feature_selector - INFO - RF features: 114 domain features (no embeddings)
2025-11-17 15:53:27,275 - core.orchestrators.feature_selector - INFO - RF features: 114 domain features (no embeddings)
2025-11-17 15:53:27,277 - core.orchestrators.feature_selector - INFO - RF features: 114 domain features (no embeddings)
2025-11-17 15:53:27,278 - core.orchestrators.feature_selector - INFO - Dropped 113 features for rf model
2025-11-17 15:53:27,278 - core.orchestrators.feature_selector - INFO - RF features: 114 domain features (no embeddings)
2025-11-17 15:53:27,281 - core.orchestrators.feature_selector - INFO - RF features: 114 domain features (no embeddings)
2025-11-17 15:57:24,700 - core.orchestrators.feature_selector - INFO - RF features: 114 domain features (no embeddings)
2025-11-17 15:57:24,701 - core.orchestrators.feature_selector - INFO - Dropped 113 features for rf model
2025-11-17 15:57:24,701 - core.orchestrators.feature_selector - INFO - RF features: 114 domain features (no embeddings)
2025-11-17 15:57:24,704 - core.orchestrators.feature_selector - INFO - RF features: 114 domain features (no embeddings)
2025-11-17 15:57:24,708 - core.orchestrators.feature_selector - INFO - RF features: 114 domain features (no embeddings)
2025-11-17 15:57:24,709 - core.orchestrators.feature_selector - INFO - Dropped 113 features for rf model
2025-11-17 15:57:24,709 - core.orchestrators.feature_selector - INFO - RF features: 114 domain features (no embeddings)
2025-11-17 15:57:24,712 - core.orchestrators.feature_selector - INFO - RF features: 114 domain features (no embeddings)
[95%] Storing predictions to database...
[100%] Complete! Processed 23 races in 1006.8s

============================================================
✅ BATCH PREDICTION COMPLETE
============================================================
  Job ID: batch_20251117_154946
  Total races: 23
  Successful: 23
  Failed: 0
  Total time: 1007.02s
  Throughput: 0.0 races/second
============================================================
