/Users/mattg0/miniconda3/envs/HorseAIv2/lib/python3.11/site-packages/pytorch_tabnet/abstract_model.py:82: UserWarning: Device used : cpu
  warnings.warn(f"Device used : {self.device}")
🚀 Starting batch prediction job: batch_20251116_203906
   Total races: 116
   Workers: 3
   Chunk size: 50
   Memory limit: 4096.0MB
   Database: 2years

✓ Loaded 25 selected features from models/2025-11-13/2years_144333/feature_selector.json
[5%] Loading races from database...
[15%] Loaded 116 races, starting predictions...
[20%] Processing chunk 1/3 (Mem: 614MB)...
/Users/mattg0/miniconda3/envs/HorseAIv2/lib/python3.11/site-packages/pytorch_tabnet/abstract_model.py:82: UserWarning: Device used : cpu
  warnings.warn(f"Device used : {self.device}")
/Users/mattg0/miniconda3/envs/HorseAIv2/lib/python3.11/site-packages/pytorch_tabnet/abstract_model.py:82: UserWarning: Device used : cpu
  warnings.warn(f"Device used : {self.device}")
/Users/mattg0/miniconda3/envs/HorseAIv2/lib/python3.11/site-packages/pytorch_tabnet/abstract_model.py:82: UserWarning: Device used : cpu
  warnings.warn(f"Device used : {self.device}")
2025-11-16 20:39:25,860 - core.orchestrators.feature_selector - INFO - RF features: 114 domain features (no embeddings)
2025-11-16 20:39:25,861 - core.orchestrators.feature_selector - INFO - Dropped 113 features for rf model
2025-11-16 20:39:25,861 - core.orchestrators.feature_selector - INFO - RF features: 114 domain features (no embeddings)
2025-11-16 20:39:25,863 - core.orchestrators.feature_selector - INFO - RF features: 114 domain features (no embeddings)
2025-11-16 20:39:25,864 - core.orchestrators.feature_selector - INFO - Dropped 113 features for rf model
2025-11-16 20:39:25,864 - core.orchestrators.feature_selector - INFO - RF features: 114 domain features (no embeddings)
2025-11-16 20:39:25,864 - core.orchestrators.feature_selector - INFO - RF features: 114 domain features (no embeddings)
2025-11-16 20:39:25,864 - core.orchestrators.feature_selector - INFO - Dropped 113 features for rf model
2025-11-16 20:39:25,864 - core.orchestrators.feature_selector - INFO - RF features: 114 domain features (no embeddings)
2025-11-16 20:39:25,865 - core.orchestrators.feature_selector - INFO - RF features: 114 domain features (no embeddings)
2025-11-16 20:39:25,867 - core.orchestrators.feature_selector - INFO - RF features: 114 domain features (no embeddings)
2025-11-16 20:39:25,868 - core.orchestrators.feature_selector - INFO - RF features: 114 domain features (no embeddings)
2025-11-16 20:39:51,540 - core.orchestrators.feature_selector - INFO - RF features: 114 domain features (no embeddings)
2025-11-16 20:39:51,541 - core.orchestrators.feature_selector - INFO - RF features: 114 domain features (no embeddings)
2025-11-16 20:39:51,541 - core.orchestrators.feature_selector - INFO - Dropped 113 features for rf model
2025-11-16 20:39:51,542 - core.orchestrators.feature_selector - INFO - Dropped 113 features for rf model
2025-11-16 20:39:51,542 - core.orchestrators.feature_selector - INFO - RF features: 114 domain features (no embeddings)
2025-11-16 20:39:51,542 - core.orchestrators.feature_selector - INFO - RF features: 114 domain features (no embeddings)
2025-11-16 20:39:51,542 - core.orchestrators.feature_selector - INFO - RF features: 114 domain features (no embeddings)
2025-11-16 20:39:51,542 - core.orchestrators.feature_selector - INFO - Dropped 113 features for rf model
2025-11-16 20:39:51,542 - core.orchestrators.feature_selector - INFO - RF features: 114 domain features (no embeddings)
2025-11-16 20:39:51,545 - core.orchestrators.feature_selector - INFO - RF features: 114 domain features (no embeddings)
2025-11-16 20:39:51,545 - core.orchestrators.feature_selector - INFO - RF features: 114 domain features (no embeddings)
2025-11-16 20:39:51,545 - core.orchestrators.feature_selector - INFO - RF features: 114 domain features (no embeddings)
2025-11-16 20:40:15,280 - core.orchestrators.feature_selector - INFO - RF features: 114 domain features (no embeddings)
2025-11-16 20:40:15,280 - core.orchestrators.feature_selector - INFO - Dropped 113 features for rf model
2025-11-16 20:40:15,280 - core.orchestrators.feature_selector - INFO - RF features: 114 domain features (no embeddings)
2025-11-16 20:40:15,281 - core.orchestrators.feature_selector - INFO - RF features: 114 domain features (no embeddings)
2025-11-16 20:40:15,282 - core.orchestrators.feature_selector - INFO - Dropped 113 features for rf model
2025-11-16 20:40:15,282 - core.orchestrators.feature_selector - INFO - RF features: 114 domain features (no embeddings)
2025-11-16 20:40:15,283 - core.orchestrators.feature_selector - INFO - RF features: 114 domain features (no embeddings)
2025-11-16 20:40:15,283 - core.orchestrators.feature_selector - INFO - RF features: 114 domain features (no embeddings)
2025-11-16 20:40:15,284 - core.orchestrators.feature_selector - INFO - Dropped 113 features for rf model
2025-11-16 20:40:15,284 - core.orchestrators.feature_selector - INFO - RF features: 114 domain features (no embeddings)
2025-11-16 20:40:15,284 - core.orchestrators.feature_selector - INFO - RF features: 114 domain features (no embeddings)
2025-11-16 20:40:15,287 - core.orchestrators.feature_selector - INFO - RF features: 114 domain features (no embeddings)
2025-11-16 20:40:37,873 - core.orchestrators.feature_selector - INFO - RF features: 114 domain features (no embeddings)
2025-11-16 20:40:37,874 - core.orchestrators.feature_selector - INFO - Dropped 113 features for rf model
2025-11-16 20:40:37,874 - core.orchestrators.feature_selector - INFO - RF features: 114 domain features (no embeddings)
2025-11-16 20:40:37,876 - core.orchestrators.feature_selector - INFO - RF features: 114 domain features (no embeddings)
2025-11-16 20:40:37,880 - core.orchestrators.feature_selector - INFO - RF features: 114 domain features (no embeddings)
2025-11-16 20:40:37,880 - core.orchestrators.feature_selector - INFO - Dropped 113 features for rf model
2025-11-16 20:40:37,880 - core.orchestrators.feature_selector - INFO - RF features: 114 domain features (no embeddings)
2025-11-16 20:40:37,881 - core.orchestrators.feature_selector - INFO - RF features: 114 domain features (no embeddings)
2025-11-16 20:40:37,881 - core.orchestrators.feature_selector - INFO - Dropped 113 features for rf model
2025-11-16 20:40:37,881 - core.orchestrators.feature_selector - INFO - RF features: 114 domain features (no embeddings)
2025-11-16 20:40:37,883 - core.orchestrators.feature_selector - INFO - RF features: 114 domain features (no embeddings)
2025-11-16 20:40:37,883 - core.orchestrators.feature_selector - INFO - RF features: 114 domain features (no embeddings)
2025-11-16 20:40:59,911 - core.orchestrators.feature_selector - INFO - RF features: 114 domain features (no embeddings)
2025-11-16 20:40:59,912 - core.orchestrators.feature_selector - INFO - Dropped 113 features for rf model
2025-11-16 20:40:59,912 - core.orchestrators.feature_selector - INFO - RF features: 114 domain features (no embeddings)
2025-11-16 20:40:59,914 - core.orchestrators.feature_selector - INFO - RF features: 114 domain features (no embeddings)
2025-11-16 20:40:59,916 - core.orchestrators.feature_selector - INFO - RF features: 114 domain features (no embeddings)
2025-11-16 20:40:59,916 - core.orchestrators.feature_selector - INFO - Dropped 113 features for rf model
2025-11-16 20:40:59,916 - core.orchestrators.feature_selector - INFO - RF features: 114 domain features (no embeddings)
2025-11-16 20:40:59,918 - core.orchestrators.feature_selector - INFO - RF features: 114 domain features (no embeddings)
2025-11-16 20:40:59,924 - core.orchestrators.feature_selector - INFO - RF features: 114 domain features (no embeddings)
2025-11-16 20:40:59,924 - core.orchestrators.feature_selector - INFO - Dropped 113 features for rf model
2025-11-16 20:40:59,924 - core.orchestrators.feature_selector - INFO - RF features: 114 domain features (no embeddings)
2025-11-16 20:40:59,927 - core.orchestrators.feature_selector - INFO - RF features: 114 domain features (no embeddings)
2025-11-16 20:41:20,989 - core.orchestrators.feature_selector - INFO - RF features: 114 domain features (no embeddings)
2025-11-16 20:41:20,991 - core.orchestrators.feature_selector - INFO - Dropped 113 features for rf model
2025-11-16 20:41:20,991 - core.orchestrators.feature_selector - INFO - RF features: 114 domain features (no embeddings)
2025-11-16 20:41:20,994 - core.orchestrators.feature_selector - INFO - RF features: 114 domain features (no embeddings)
2025-11-16 20:41:20,998 - core.orchestrators.feature_selector - INFO - RF features: 114 domain features (no embeddings)
2025-11-16 20:41:20,998 - core.orchestrators.feature_selector - INFO - Dropped 113 features for rf model
2025-11-16 20:41:20,998 - core.orchestrators.feature_selector - INFO - RF features: 114 domain features (no embeddings)
2025-11-16 20:41:21,001 - core.orchestrators.feature_selector - INFO - RF features: 114 domain features (no embeddings)
2025-11-16 20:41:21,003 - core.orchestrators.feature_selector - INFO - RF features: 114 domain features (no embeddings)
2025-11-16 20:41:21,004 - core.orchestrators.feature_selector - INFO - Dropped 113 features for rf model
2025-11-16 20:41:21,004 - core.orchestrators.feature_selector - INFO - RF features: 114 domain features (no embeddings)
2025-11-16 20:41:21,007 - core.orchestrators.feature_selector - INFO - RF features: 114 domain features (no embeddings)
2025-11-16 20:41:43,129 - core.orchestrators.feature_selector - INFO - RF features: 114 domain features (no embeddings)
2025-11-16 20:41:43,130 - core.orchestrators.feature_selector - INFO - Dropped 113 features for rf model
2025-11-16 20:41:43,130 - core.orchestrators.feature_selector - INFO - RF features: 114 domain features (no embeddings)
2025-11-16 20:41:43,132 - core.orchestrators.feature_selector - INFO - RF features: 114 domain features (no embeddings)
2025-11-16 20:41:43,133 - core.orchestrators.feature_selector - INFO - RF features: 114 domain features (no embeddings)
2025-11-16 20:41:43,133 - core.orchestrators.feature_selector - INFO - Dropped 113 features for rf model
2025-11-16 20:41:43,133 - core.orchestrators.feature_selector - INFO - RF features: 114 domain features (no embeddings)
2025-11-16 20:41:43,135 - core.orchestrators.feature_selector - INFO - RF features: 114 domain features (no embeddings)
2025-11-16 20:41:43,135 - core.orchestrators.feature_selector - INFO - Dropped 113 features for rf model
2025-11-16 20:41:43,135 - core.orchestrators.feature_selector - INFO - RF features: 114 domain features (no embeddings)
2025-11-16 20:41:43,136 - core.orchestrators.feature_selector - INFO - RF features: 114 domain features (no embeddings)
2025-11-16 20:41:43,138 - core.orchestrators.feature_selector - INFO - RF features: 114 domain features (no embeddings)
2025-11-16 20:42:05,061 - core.orchestrators.feature_selector - INFO - RF features: 114 domain features (no embeddings)
2025-11-16 20:42:05,062 - core.orchestrators.feature_selector - INFO - Dropped 113 features for rf model
2025-11-16 20:42:05,062 - core.orchestrators.feature_selector - INFO - RF features: 114 domain features (no embeddings)
2025-11-16 20:42:05,064 - core.orchestrators.feature_selector - INFO - RF features: 114 domain features (no embeddings)
2025-11-16 20:42:05,066 - core.orchestrators.feature_selector - INFO - RF features: 114 domain features (no embeddings)
2025-11-16 20:42:05,066 - core.orchestrators.feature_selector - INFO - Dropped 113 features for rf model
2025-11-16 20:42:05,067 - core.orchestrators.feature_selector - INFO - RF features: 114 domain features (no embeddings)
2025-11-16 20:42:05,068 - core.orchestrators.feature_selector - INFO - RF features: 114 domain features (no embeddings)
2025-11-16 20:42:05,068 - core.orchestrators.feature_selector - INFO - Dropped 113 features for rf model
2025-11-16 20:42:05,068 - core.orchestrators.feature_selector - INFO - RF features: 114 domain features (no embeddings)
2025-11-16 20:42:05,069 - core.orchestrators.feature_selector - INFO - RF features: 114 domain features (no embeddings)
2025-11-16 20:42:05,071 - core.orchestrators.feature_selector - INFO - RF features: 114 domain features (no embeddings)
2025-11-16 20:42:26,507 - core.orchestrators.feature_selector - INFO - RF features: 114 domain features (no embeddings)
2025-11-16 20:42:26,508 - core.orchestrators.feature_selector - INFO - Dropped 113 features for rf model
2025-11-16 20:42:26,508 - core.orchestrators.feature_selector - INFO - RF features: 114 domain features (no embeddings)
2025-11-16 20:42:26,508 - core.orchestrators.feature_selector - INFO - RF features: 114 domain features (no embeddings)
2025-11-16 20:42:26,509 - core.orchestrators.feature_selector - INFO - Dropped 113 features for rf model
2025-11-16 20:42:26,509 - core.orchestrators.feature_selector - INFO - RF features: 114 domain features (no embeddings)
2025-11-16 20:42:26,510 - core.orchestrators.feature_selector - INFO - RF features: 114 domain features (no embeddings)
2025-11-16 20:42:26,511 - core.orchestrators.feature_selector - INFO - RF features: 114 domain features (no embeddings)
2025-11-16 20:42:26,513 - core.orchestrators.feature_selector - INFO - RF features: 114 domain features (no embeddings)
2025-11-16 20:42:26,513 - core.orchestrators.feature_selector - INFO - Dropped 113 features for rf model
2025-11-16 20:42:26,513 - core.orchestrators.feature_selector - INFO - RF features: 114 domain features (no embeddings)
2025-11-16 20:42:26,516 - core.orchestrators.feature_selector - INFO - RF features: 114 domain features (no embeddings)
2025-11-16 20:42:50,468 - core.orchestrators.feature_selector - INFO - RF features: 114 domain features (no embeddings)
2025-11-16 20:42:50,468 - core.orchestrators.feature_selector - INFO - RF features: 114 domain features (no embeddings)
2025-11-16 20:42:50,468 - core.orchestrators.feature_selector - INFO - Dropped 113 features for rf model
2025-11-16 20:42:50,468 - core.orchestrators.feature_selector - INFO - Dropped 113 features for rf model
2025-11-16 20:42:50,468 - core.orchestrators.feature_selector - INFO - RF features: 114 domain features (no embeddings)
2025-11-16 20:42:50,468 - core.orchestrators.feature_selector - INFO - RF features: 114 domain features (no embeddings)
2025-11-16 20:42:50,471 - core.orchestrators.feature_selector - INFO - RF features: 114 domain features (no embeddings)
2025-11-16 20:42:50,471 - core.orchestrators.feature_selector - INFO - RF features: 114 domain features (no embeddings)
2025-11-16 20:42:50,475 - core.orchestrators.feature_selector - INFO - RF features: 114 domain features (no embeddings)
2025-11-16 20:42:50,476 - core.orchestrators.feature_selector - INFO - Dropped 113 features for rf model
2025-11-16 20:42:50,476 - core.orchestrators.feature_selector - INFO - RF features: 114 domain features (no embeddings)
2025-11-16 20:42:50,479 - core.orchestrators.feature_selector - INFO - RF features: 114 domain features (no embeddings)
2025-11-16 20:45:31,388 - core.orchestrators.feature_selector - INFO - RF features: 114 domain features (no embeddings)
2025-11-16 20:45:31,388 - core.orchestrators.feature_selector - INFO - RF features: 114 domain features (no embeddings)
2025-11-16 20:45:31,388 - core.orchestrators.feature_selector - INFO - RF features: 114 domain features (no embeddings)
2025-11-16 20:45:31,389 - core.orchestrators.feature_selector - INFO - Dropped 113 features for rf model
2025-11-16 20:45:31,389 - core.orchestrators.feature_selector - INFO - Dropped 113 features for rf model
2025-11-16 20:45:31,389 - core.orchestrators.feature_selector - INFO - Dropped 113 features for rf model
2025-11-16 20:45:31,389 - core.orchestrators.feature_selector - INFO - RF features: 114 domain features (no embeddings)
2025-11-16 20:45:31,389 - core.orchestrators.feature_selector - INFO - RF features: 114 domain features (no embeddings)
2025-11-16 20:45:31,389 - core.orchestrators.feature_selector - INFO - RF features: 114 domain features (no embeddings)
2025-11-16 20:45:31,393 - core.orchestrators.feature_selector - INFO - RF features: 114 domain features (no embeddings)
2025-11-16 20:45:31,393 - core.orchestrators.feature_selector - INFO - RF features: 114 domain features (no embeddings)
2025-11-16 20:45:31,393 - core.orchestrators.feature_selector - INFO - RF features: 114 domain features (no embeddings)
2025-11-16 20:48:08,708 - core.orchestrators.feature_selector - INFO - RF features: 114 domain features (no embeddings)
2025-11-16 20:48:08,708 - core.orchestrators.feature_selector - INFO - RF features: 114 domain features (no embeddings)
2025-11-16 20:48:08,709 - core.orchestrators.feature_selector - INFO - Dropped 113 features for rf model
2025-11-16 20:48:08,709 - core.orchestrators.feature_selector - INFO - RF features: 114 domain features (no embeddings)
2025-11-16 20:48:08,710 - core.orchestrators.feature_selector - INFO - Dropped 113 features for rf model
2025-11-16 20:48:08,710 - core.orchestrators.feature_selector - INFO - RF features: 114 domain features (no embeddings)
2025-11-16 20:48:08,709 - core.orchestrators.feature_selector - INFO - RF features: 114 domain features (no embeddings)
2025-11-16 20:48:08,711 - core.orchestrators.feature_selector - INFO - Dropped 113 features for rf model
2025-11-16 20:48:08,711 - core.orchestrators.feature_selector - INFO - RF features: 114 domain features (no embeddings)
2025-11-16 20:48:08,713 - core.orchestrators.feature_selector - INFO - RF features: 114 domain features (no embeddings)
2025-11-16 20:48:08,713 - core.orchestrators.feature_selector - INFO - RF features: 114 domain features (no embeddings)
2025-11-16 20:48:08,715 - core.orchestrators.feature_selector - INFO - RF features: 114 domain features (no embeddings)
2025-11-16 20:51:50,667 - core.orchestrators.feature_selector - INFO - RF features: 114 domain features (no embeddings)
2025-11-16 20:51:50,669 - core.orchestrators.feature_selector - INFO - Dropped 113 features for rf model
2025-11-16 20:51:50,669 - core.orchestrators.feature_selector - INFO - RF features: 114 domain features (no embeddings)
2025-11-16 20:51:50,670 - core.orchestrators.feature_selector - INFO - RF features: 114 domain features (no embeddings)
2025-11-16 20:51:50,672 - core.orchestrators.feature_selector - INFO - RF features: 114 domain features (no embeddings)
2025-11-16 20:51:50,672 - core.orchestrators.feature_selector - INFO - Dropped 113 features for rf model
2025-11-16 20:51:50,672 - core.orchestrators.feature_selector - INFO - RF features: 114 domain features (no embeddings)
2025-11-16 20:51:50,675 - core.orchestrators.feature_selector - INFO - RF features: 114 domain features (no embeddings)
2025-11-16 20:51:50,679 - core.orchestrators.feature_selector - INFO - RF features: 114 domain features (no embeddings)
2025-11-16 20:51:50,680 - core.orchestrators.feature_selector - INFO - Dropped 113 features for rf model
2025-11-16 20:51:50,680 - core.orchestrators.feature_selector - INFO - RF features: 114 domain features (no embeddings)
2025-11-16 20:51:50,682 - core.orchestrators.feature_selector - INFO - RF features: 114 domain features (no embeddings)
2025-11-16 20:56:24,273 - core.orchestrators.feature_selector - INFO - RF features: 114 domain features (no embeddings)
2025-11-16 20:56:24,274 - core.orchestrators.feature_selector - INFO - Dropped 113 features for rf model
2025-11-16 20:56:24,274 - core.orchestrators.feature_selector - INFO - RF features: 114 domain features (no embeddings)
2025-11-16 20:56:24,275 - core.orchestrators.feature_selector - INFO - RF features: 114 domain features (no embeddings)
2025-11-16 20:56:24,279 - core.orchestrators.feature_selector - INFO - RF features: 114 domain features (no embeddings)
2025-11-16 20:56:24,280 - core.orchestrators.feature_selector - INFO - Dropped 113 features for rf model
2025-11-16 20:56:24,280 - core.orchestrators.feature_selector - INFO - RF features: 114 domain features (no embeddings)
2025-11-16 20:56:24,279 - core.orchestrators.feature_selector - INFO - RF features: 114 domain features (no embeddings)
2025-11-16 20:56:24,280 - core.orchestrators.feature_selector - INFO - Dropped 113 features for rf model
2025-11-16 20:56:24,280 - core.orchestrators.feature_selector - INFO - RF features: 114 domain features (no embeddings)
2025-11-16 20:56:24,282 - core.orchestrators.feature_selector - INFO - RF features: 114 domain features (no embeddings)
2025-11-16 20:56:24,283 - core.orchestrators.feature_selector - INFO - RF features: 114 domain features (no embeddings)
2025-11-16 21:14:03,142 - core.orchestrators.feature_selector - INFO - RF features: 114 domain features (no embeddings)
2025-11-16 21:14:03,143 - core.orchestrators.feature_selector - INFO - RF features: 114 domain features (no embeddings)
2025-11-16 21:14:03,143 - core.orchestrators.feature_selector - INFO - RF features: 114 domain features (no embeddings)
2025-11-16 21:14:03,144 - core.orchestrators.feature_selector - INFO - Dropped 113 features for rf model
2025-11-16 21:14:03,144 - core.orchestrators.feature_selector - INFO - Dropped 113 features for rf model
2025-11-16 21:14:03,144 - core.orchestrators.feature_selector - INFO - Dropped 113 features for rf model
2025-11-16 21:14:03,144 - core.orchestrators.feature_selector - INFO - RF features: 114 domain features (no embeddings)
2025-11-16 21:14:03,144 - core.orchestrators.feature_selector - INFO - RF features: 114 domain features (no embeddings)
2025-11-16 21:14:03,144 - core.orchestrators.feature_selector - INFO - RF features: 114 domain features (no embeddings)
2025-11-16 21:14:03,148 - core.orchestrators.feature_selector - INFO - RF features: 114 domain features (no embeddings)
2025-11-16 21:14:03,148 - core.orchestrators.feature_selector - INFO - RF features: 114 domain features (no embeddings)
2025-11-16 21:14:03,148 - core.orchestrators.feature_selector - INFO - RF features: 114 domain features (no embeddings)
2025-11-16 21:38:01,663 - core.orchestrators.feature_selector - INFO - RF features: 114 domain features (no embeddings)
2025-11-16 21:38:01,664 - core.orchestrators.feature_selector - INFO - Dropped 113 features for rf model
2025-11-16 21:38:01,664 - core.orchestrators.feature_selector - INFO - RF features: 114 domain features (no embeddings)
2025-11-16 21:38:01,667 - core.orchestrators.feature_selector - INFO - RF features: 114 domain features (no embeddings)
2025-11-16 21:49:23,766 - core.orchestrators.feature_selector - INFO - RF features: 114 domain features (no embeddings)
2025-11-16 21:49:23,768 - core.orchestrators.feature_selector - INFO - Dropped 113 features for rf model
2025-11-16 21:49:23,768 - core.orchestrators.feature_selector - INFO - RF features: 114 domain features (no embeddings)
2025-11-16 21:49:23,771 - core.orchestrators.feature_selector - INFO - RF features: 114 domain features (no embeddings)
2025-11-16 22:07:52,751 - core.orchestrators.feature_selector - INFO - RF features: 114 domain features (no embeddings)
2025-11-16 22:07:52,752 - core.orchestrators.feature_selector - INFO - Dropped 113 features for rf model
2025-11-16 22:07:52,752 - core.orchestrators.feature_selector - INFO - RF features: 114 domain features (no embeddings)
2025-11-16 22:07:52,756 - core.orchestrators.feature_selector - INFO - RF features: 114 domain features (no embeddings)
2025-11-16 22:45:28,673 - core.orchestrators.feature_selector - INFO - RF features: 114 domain features (no embeddings)
2025-11-16 22:45:28,674 - core.orchestrators.feature_selector - INFO - Dropped 113 features for rf model
2025-11-16 22:45:28,674 - core.orchestrators.feature_selector - INFO - RF features: 114 domain features (no embeddings)
2025-11-16 22:45:28,677 - core.orchestrators.feature_selector - INFO - RF features: 114 domain features (no embeddings)
2025-11-16 23:17:05,903 - core.orchestrators.feature_selector - INFO - RF features: 114 domain features (no embeddings)
2025-11-16 23:17:05,903 - core.orchestrators.feature_selector - INFO - Dropped 113 features for rf model
2025-11-16 23:17:05,904 - core.orchestrators.feature_selector - INFO - RF features: 114 domain features (no embeddings)
2025-11-16 23:17:05,907 - core.orchestrators.feature_selector - INFO - RF features: 114 domain features (no embeddings)
[45%] Processing chunk 2/3 (Mem: 323MB)...
/Users/mattg0/miniconda3/envs/HorseAIv2/lib/python3.11/site-packages/pytorch_tabnet/abstract_model.py:82: UserWarning: Device used : cpu
  warnings.warn(f"Device used : {self.device}")
/Users/mattg0/miniconda3/envs/HorseAIv2/lib/python3.11/site-packages/pytorch_tabnet/abstract_model.py:82: UserWarning: Device used : cpu
  warnings.warn(f"Device used : {self.device}")
/Users/mattg0/miniconda3/envs/HorseAIv2/lib/python3.11/site-packages/pytorch_tabnet/abstract_model.py:82: UserWarning: Device used : cpu
  warnings.warn(f"Device used : {self.device}")
2025-11-16 23:50:24,977 - core.orchestrators.feature_selector - INFO - RF features: 114 domain features (no embeddings)
2025-11-16 23:50:24,977 - core.orchestrators.feature_selector - INFO - RF features: 114 domain features (no embeddings)
2025-11-16 23:50:24,977 - core.orchestrators.feature_selector - INFO - Dropped 113 features for rf model
2025-11-16 23:50:24,977 - core.orchestrators.feature_selector - INFO - Dropped 113 features for rf model
2025-11-16 23:50:24,977 - core.orchestrators.feature_selector - INFO - RF features: 114 domain features (no embeddings)
2025-11-16 23:50:24,977 - core.orchestrators.feature_selector - INFO - RF features: 114 domain features (no embeddings)
2025-11-16 23:50:24,979 - core.orchestrators.feature_selector - INFO - RF features: 114 domain features (no embeddings)
2025-11-16 23:50:24,979 - core.orchestrators.feature_selector - INFO - Dropped 113 features for rf model
2025-11-16 23:50:24,979 - core.orchestrators.feature_selector - INFO - RF features: 114 domain features (no embeddings)
2025-11-16 23:50:24,980 - core.orchestrators.feature_selector - INFO - RF features: 114 domain features (no embeddings)
2025-11-16 23:50:24,980 - core.orchestrators.feature_selector - INFO - RF features: 114 domain features (no embeddings)
2025-11-17 00:07:43,567 - core.orchestrators.feature_selector - INFO - RF features: 114 domain features (no embeddings)
2025-11-17 00:25:04,569 - core.orchestrators.feature_selector - INFO - RF features: 114 domain features (no embeddings)
2025-11-17 00:25:04,570 - core.orchestrators.feature_selector - INFO - RF features: 114 domain features (no embeddings)
2025-11-17 00:25:04,570 - core.orchestrators.feature_selector - INFO - RF features: 114 domain features (no embeddings)
2025-11-17 00:25:04,571 - core.orchestrators.feature_selector - INFO - Dropped 113 features for rf model
2025-11-17 00:25:04,571 - core.orchestrators.feature_selector - INFO - Dropped 113 features for rf model
2025-11-17 00:25:04,571 - core.orchestrators.feature_selector - INFO - Dropped 113 features for rf model
2025-11-17 00:25:04,571 - core.orchestrators.feature_selector - INFO - RF features: 114 domain features (no embeddings)
2025-11-17 00:25:04,571 - core.orchestrators.feature_selector - INFO - RF features: 114 domain features (no embeddings)
2025-11-17 00:25:04,571 - core.orchestrators.feature_selector - INFO - RF features: 114 domain features (no embeddings)
2025-11-17 00:25:04,576 - core.orchestrators.feature_selector - INFO - RF features: 114 domain features (no embeddings)
2025-11-17 00:25:04,576 - core.orchestrators.feature_selector - INFO - RF features: 114 domain features (no embeddings)
2025-11-17 00:25:04,576 - core.orchestrators.feature_selector - INFO - RF features: 114 domain features (no embeddings)
2025-11-17 00:56:43,825 - core.orchestrators.feature_selector - INFO - RF features: 114 domain features (no embeddings)
2025-11-17 00:56:43,826 - core.orchestrators.feature_selector - INFO - Dropped 113 features for rf model
2025-11-17 00:56:43,826 - core.orchestrators.feature_selector - INFO - RF features: 114 domain features (no embeddings)
2025-11-17 00:56:43,828 - core.orchestrators.feature_selector - INFO - RF features: 114 domain features (no embeddings)
2025-11-17 00:56:43,829 - core.orchestrators.feature_selector - INFO - RF features: 114 domain features (no embeddings)
2025-11-17 00:56:43,829 - core.orchestrators.feature_selector - INFO - Dropped 113 features for rf model
2025-11-17 00:56:43,829 - core.orchestrators.feature_selector - INFO - RF features: 114 domain features (no embeddings)
2025-11-17 00:56:43,831 - core.orchestrators.feature_selector - INFO - RF features: 114 domain features (no embeddings)
2025-11-17 00:56:43,832 - core.orchestrators.feature_selector - INFO - Dropped 113 features for rf model
2025-11-17 00:56:43,832 - core.orchestrators.feature_selector - INFO - RF features: 114 domain features (no embeddings)
2025-11-17 00:56:43,832 - core.orchestrators.feature_selector - INFO - RF features: 114 domain features (no embeddings)
2025-11-17 00:56:43,835 - core.orchestrators.feature_selector - INFO - RF features: 114 domain features (no embeddings)
2025-11-17 00:58:37,562 - core.orchestrators.feature_selector - INFO - RF features: 114 domain features (no embeddings)
2025-11-17 00:58:37,564 - core.orchestrators.feature_selector - INFO - Dropped 113 features for rf model
2025-11-17 00:58:37,564 - core.orchestrators.feature_selector - INFO - RF features: 114 domain features (no embeddings)
2025-11-17 00:58:37,567 - core.orchestrators.feature_selector - INFO - RF features: 114 domain features (no embeddings)
2025-11-17 00:58:37,567 - core.orchestrators.feature_selector - INFO - RF features: 114 domain features (no embeddings)
2025-11-17 00:58:37,568 - core.orchestrators.feature_selector - INFO - Dropped 113 features for rf model
2025-11-17 00:58:37,568 - core.orchestrators.feature_selector - INFO - RF features: 114 domain features (no embeddings)
2025-11-17 00:58:37,571 - core.orchestrators.feature_selector - INFO - RF features: 114 domain features (no embeddings)
2025-11-17 00:58:37,579 - core.orchestrators.feature_selector - INFO - RF features: 114 domain features (no embeddings)
2025-11-17 00:58:37,579 - core.orchestrators.feature_selector - INFO - Dropped 113 features for rf model
2025-11-17 00:58:37,580 - core.orchestrators.feature_selector - INFO - RF features: 114 domain features (no embeddings)
2025-11-17 00:58:37,583 - core.orchestrators.feature_selector - INFO - RF features: 114 domain features (no embeddings)
2025-11-17 01:01:48,623 - core.orchestrators.feature_selector - INFO - RF features: 114 domain features (no embeddings)
2025-11-17 01:01:48,625 - core.orchestrators.feature_selector - INFO - Dropped 113 features for rf model
2025-11-17 01:01:48,625 - core.orchestrators.feature_selector - INFO - RF features: 114 domain features (no embeddings)
2025-11-17 01:01:48,641 - core.orchestrators.feature_selector - INFO - RF features: 114 domain features (no embeddings)
2025-11-17 01:01:48,719 - core.orchestrators.feature_selector - INFO - RF features: 114 domain features (no embeddings)
2025-11-17 01:01:48,720 - core.orchestrators.feature_selector - INFO - Dropped 113 features for rf model
2025-11-17 01:01:48,720 - core.orchestrators.feature_selector - INFO - RF features: 114 domain features (no embeddings)
2025-11-17 01:01:48,717 - core.orchestrators.feature_selector - INFO - RF features: 114 domain features (no embeddings)
2025-11-17 01:01:48,732 - core.orchestrators.feature_selector - INFO - Dropped 113 features for rf model
2025-11-17 01:01:48,732 - core.orchestrators.feature_selector - INFO - RF features: 114 domain features (no embeddings)
2025-11-17 01:01:48,734 - core.orchestrators.feature_selector - INFO - RF features: 114 domain features (no embeddings)
2025-11-17 01:01:48,744 - core.orchestrators.feature_selector - INFO - RF features: 114 domain features (no embeddings)
2025-11-17 01:04:09,303 - core.orchestrators.feature_selector - INFO - RF features: 114 domain features (no embeddings)
2025-11-17 01:04:09,368 - core.orchestrators.feature_selector - INFO - Dropped 113 features for rf model
2025-11-17 01:04:09,368 - core.orchestrators.feature_selector - INFO - RF features: 114 domain features (no embeddings)
2025-11-17 01:04:09,395 - core.orchestrators.feature_selector - INFO - RF features: 114 domain features (no embeddings)
2025-11-17 01:04:09,398 - core.orchestrators.feature_selector - INFO - RF features: 114 domain features (no embeddings)
2025-11-17 01:04:09,399 - core.orchestrators.feature_selector - INFO - Dropped 113 features for rf model
2025-11-17 01:04:09,399 - core.orchestrators.feature_selector - INFO - RF features: 114 domain features (no embeddings)
2025-11-17 01:04:09,439 - core.orchestrators.feature_selector - INFO - RF features: 114 domain features (no embeddings)
2025-11-17 01:04:09,513 - core.orchestrators.feature_selector - INFO - RF features: 114 domain features (no embeddings)
2025-11-17 01:04:09,515 - core.orchestrators.feature_selector - INFO - Dropped 113 features for rf model
2025-11-17 01:04:09,515 - core.orchestrators.feature_selector - INFO - RF features: 114 domain features (no embeddings)
2025-11-17 01:04:09,523 - core.orchestrators.feature_selector - INFO - RF features: 114 domain features (no embeddings)
2025-11-17 01:21:24,405 - core.orchestrators.feature_selector - INFO - RF features: 114 domain features (no embeddings)
2025-11-17 01:21:24,405 - core.orchestrators.feature_selector - INFO - Dropped 113 features for rf model
2025-11-17 01:21:24,405 - core.orchestrators.feature_selector - INFO - RF features: 114 domain features (no embeddings)
2025-11-17 01:21:24,406 - core.orchestrators.feature_selector - INFO - RF features: 114 domain features (no embeddings)
2025-11-17 01:21:24,407 - core.orchestrators.feature_selector - INFO - Dropped 113 features for rf model
2025-11-17 01:21:24,407 - core.orchestrators.feature_selector - INFO - RF features: 114 domain features (no embeddings)
2025-11-17 01:21:24,409 - core.orchestrators.feature_selector - INFO - RF features: 114 domain features (no embeddings)
2025-11-17 01:21:24,409 - core.orchestrators.feature_selector - INFO - Dropped 113 features for rf model
2025-11-17 01:21:24,409 - core.orchestrators.feature_selector - INFO - RF features: 114 domain features (no embeddings)
2025-11-17 01:21:24,411 - core.orchestrators.feature_selector - INFO - RF features: 114 domain features (no embeddings)
2025-11-17 01:21:24,414 - core.orchestrators.feature_selector - INFO - RF features: 114 domain features (no embeddings)
2025-11-17 01:21:24,414 - core.orchestrators.feature_selector - INFO - RF features: 114 domain features (no embeddings)
2025-11-17 01:27:53,701 - core.orchestrators.feature_selector - INFO - RF features: 114 domain features (no embeddings)
2025-11-17 01:27:53,703 - core.orchestrators.feature_selector - INFO - Dropped 113 features for rf model
2025-11-17 01:27:53,703 - core.orchestrators.feature_selector - INFO - RF features: 114 domain features (no embeddings)
2025-11-17 01:27:53,703 - core.orchestrators.feature_selector - INFO - RF features: 114 domain features (no embeddings)
2025-11-17 01:27:53,705 - core.orchestrators.feature_selector - INFO - Dropped 113 features for rf model
2025-11-17 01:27:53,705 - core.orchestrators.feature_selector - INFO - RF features: 114 domain features (no embeddings)
2025-11-17 01:27:53,706 - core.orchestrators.feature_selector - INFO - RF features: 114 domain features (no embeddings)
2025-11-17 01:27:53,707 - core.orchestrators.feature_selector - INFO - Dropped 113 features for rf model
2025-11-17 01:27:53,707 - core.orchestrators.feature_selector - INFO - RF features: 114 domain features (no embeddings)
2025-11-17 01:27:53,713 - core.orchestrators.feature_selector - INFO - RF features: 114 domain features (no embeddings)
2025-11-17 01:27:53,713 - core.orchestrators.feature_selector - INFO - RF features: 114 domain features (no embeddings)
2025-11-17 01:27:53,722 - core.orchestrators.feature_selector - INFO - RF features: 114 domain features (no embeddings)
2025-11-17 02:17:05,757 - core.orchestrators.feature_selector - INFO - RF features: 114 domain features (no embeddings)
2025-11-17 02:17:05,759 - core.orchestrators.feature_selector - INFO - Dropped 113 features for rf model
2025-11-17 02:17:05,759 - core.orchestrators.feature_selector - INFO - RF features: 114 domain features (no embeddings)
2025-11-17 02:17:05,762 - core.orchestrators.feature_selector - INFO - RF features: 114 domain features (no embeddings)
2025-11-17 02:17:05,774 - core.orchestrators.feature_selector - INFO - RF features: 114 domain features (no embeddings)
2025-11-17 02:17:05,776 - core.orchestrators.feature_selector - INFO - Dropped 113 features for rf model
2025-11-17 02:17:05,776 - core.orchestrators.feature_selector - INFO - RF features: 114 domain features (no embeddings)
2025-11-17 02:17:05,778 - core.orchestrators.feature_selector - INFO - RF features: 114 domain features (no embeddings)
2025-11-17 02:17:05,779 - core.orchestrators.feature_selector - INFO - Dropped 113 features for rf model
2025-11-17 02:17:05,779 - core.orchestrators.feature_selector - INFO - RF features: 114 domain features (no embeddings)
2025-11-17 02:17:05,779 - core.orchestrators.feature_selector - INFO - RF features: 114 domain features (no embeddings)
2025-11-17 02:17:05,782 - core.orchestrators.feature_selector - INFO - RF features: 114 domain features (no embeddings)
2025-11-17 02:34:29,825 - core.orchestrators.feature_selector - INFO - RF features: 114 domain features (no embeddings)
2025-11-17 02:34:29,826 - core.orchestrators.feature_selector - INFO - Dropped 113 features for rf model
2025-11-17 02:34:29,827 - core.orchestrators.feature_selector - INFO - RF features: 114 domain features (no embeddings)
2025-11-17 02:34:29,834 - core.orchestrators.feature_selector - INFO - RF features: 114 domain features (no embeddings)
2025-11-17 02:34:29,860 - core.orchestrators.feature_selector - INFO - RF features: 114 domain features (no embeddings)
2025-11-17 02:34:29,862 - core.orchestrators.feature_selector - INFO - Dropped 113 features for rf model
2025-11-17 02:34:29,863 - core.orchestrators.feature_selector - INFO - RF features: 114 domain features (no embeddings)
2025-11-17 02:34:29,866 - core.orchestrators.feature_selector - INFO - RF features: 114 domain features (no embeddings)
2025-11-17 02:34:29,869 - core.orchestrators.feature_selector - INFO - Dropped 113 features for rf model
2025-11-17 02:34:29,869 - core.orchestrators.feature_selector - INFO - RF features: 114 domain features (no embeddings)
2025-11-17 02:34:29,871 - core.orchestrators.feature_selector - INFO - RF features: 114 domain features (no embeddings)
2025-11-17 02:34:29,878 - core.orchestrators.feature_selector - INFO - RF features: 114 domain features (no embeddings)
2025-11-17 02:35:11,897 - core.orchestrators.feature_selector - INFO - RF features: 114 domain features (no embeddings)
2025-11-17 02:35:11,900 - core.orchestrators.feature_selector - INFO - Dropped 113 features for rf model
2025-11-17 02:35:11,901 - core.orchestrators.feature_selector - INFO - RF features: 114 domain features (no embeddings)
2025-11-17 02:35:11,909 - core.orchestrators.feature_selector - INFO - RF features: 114 domain features (no embeddings)
2025-11-17 02:35:11,911 - core.orchestrators.feature_selector - INFO - RF features: 114 domain features (no embeddings)
2025-11-17 02:35:11,911 - core.orchestrators.feature_selector - INFO - Dropped 113 features for rf model
2025-11-17 02:35:11,912 - core.orchestrators.feature_selector - INFO - RF features: 114 domain features (no embeddings)
2025-11-17 02:35:11,918 - core.orchestrators.feature_selector - INFO - RF features: 114 domain features (no embeddings)
2025-11-17 02:35:11,919 - core.orchestrators.feature_selector - INFO - Dropped 113 features for rf model
2025-11-17 02:35:11,919 - core.orchestrators.feature_selector - INFO - RF features: 114 domain features (no embeddings)
2025-11-17 02:35:11,920 - core.orchestrators.feature_selector - INFO - RF features: 114 domain features (no embeddings)
2025-11-17 02:35:11,930 - core.orchestrators.feature_selector - INFO - RF features: 114 domain features (no embeddings)
2025-11-17 03:08:22,518 - core.orchestrators.feature_selector - INFO - RF features: 114 domain features (no embeddings)
2025-11-17 03:08:22,519 - core.orchestrators.feature_selector - INFO - Dropped 113 features for rf model
2025-11-17 03:08:22,519 - core.orchestrators.feature_selector - INFO - RF features: 114 domain features (no embeddings)
2025-11-17 03:08:22,520 - core.orchestrators.feature_selector - INFO - RF features: 114 domain features (no embeddings)
2025-11-17 03:08:22,521 - core.orchestrators.feature_selector - INFO - Dropped 113 features for rf model
2025-11-17 03:08:22,521 - core.orchestrators.feature_selector - INFO - RF features: 114 domain features (no embeddings)
2025-11-17 03:08:22,522 - core.orchestrators.feature_selector - INFO - RF features: 114 domain features (no embeddings)
2025-11-17 03:08:22,522 - core.orchestrators.feature_selector - INFO - Dropped 113 features for rf model
2025-11-17 03:08:22,522 - core.orchestrators.feature_selector - INFO - RF features: 114 domain features (no embeddings)
2025-11-17 03:08:22,523 - core.orchestrators.feature_selector - INFO - RF features: 114 domain features (no embeddings)
2025-11-17 03:08:22,524 - core.orchestrators.feature_selector - INFO - RF features: 114 domain features (no embeddings)
2025-11-17 03:08:22,526 - core.orchestrators.feature_selector - INFO - RF features: 114 domain features (no embeddings)
2025-11-17 03:43:06,313 - core.orchestrators.feature_selector - INFO - RF features: 114 domain features (no embeddings)
2025-11-17 03:43:06,317 - core.orchestrators.feature_selector - INFO - Dropped 113 features for rf model
2025-11-17 03:43:06,317 - core.orchestrators.feature_selector - INFO - RF features: 114 domain features (no embeddings)
2025-11-17 03:43:06,323 - core.orchestrators.feature_selector - INFO - RF features: 114 domain features (no embeddings)
2025-11-17 03:43:06,325 - core.orchestrators.feature_selector - INFO - Dropped 113 features for rf model
2025-11-17 03:43:06,325 - core.orchestrators.feature_selector - INFO - RF features: 114 domain features (no embeddings)
2025-11-17 03:43:06,333 - core.orchestrators.feature_selector - INFO - RF features: 114 domain features (no embeddings)
2025-11-17 03:43:06,338 - core.orchestrators.feature_selector - INFO - RF features: 114 domain features (no embeddings)
2025-11-17 03:43:06,345 - core.orchestrators.feature_selector - INFO - RF features: 114 domain features (no embeddings)
2025-11-17 03:43:06,348 - core.orchestrators.feature_selector - INFO - Dropped 113 features for rf model
2025-11-17 03:43:06,348 - core.orchestrators.feature_selector - INFO - RF features: 114 domain features (no embeddings)
2025-11-17 03:43:06,360 - core.orchestrators.feature_selector - INFO - RF features: 114 domain features (no embeddings)
2025-11-17 04:46:32,444 - core.orchestrators.feature_selector - INFO - RF features: 114 domain features (no embeddings)
2025-11-17 04:46:32,446 - core.orchestrators.feature_selector - INFO - RF features: 114 domain features (no embeddings)
2025-11-17 04:46:32,446 - core.orchestrators.feature_selector - INFO - Dropped 113 features for rf model
2025-11-17 04:46:32,446 - core.orchestrators.feature_selector - INFO - RF features: 114 domain features (no embeddings)
2025-11-17 04:46:32,446 - core.orchestrators.feature_selector - INFO - RF features: 114 domain features (no embeddings)
2025-11-17 04:46:32,447 - core.orchestrators.feature_selector - INFO - Dropped 113 features for rf model
2025-11-17 04:46:32,447 - core.orchestrators.feature_selector - INFO - RF features: 114 domain features (no embeddings)
2025-11-17 04:46:32,447 - core.orchestrators.feature_selector - INFO - Dropped 113 features for rf model
2025-11-17 04:46:32,448 - core.orchestrators.feature_selector - INFO - RF features: 114 domain features (no embeddings)
2025-11-17 04:46:32,455 - core.orchestrators.feature_selector - INFO - RF features: 114 domain features (no embeddings)
2025-11-17 04:46:32,456 - core.orchestrators.feature_selector - INFO - RF features: 114 domain features (no embeddings)
2025-11-17 04:46:32,456 - core.orchestrators.feature_selector - INFO - RF features: 114 domain features (no embeddings)
2025-11-17 05:20:33,047 - core.orchestrators.feature_selector - INFO - RF features: 114 domain features (no embeddings)
2025-11-17 05:20:33,048 - core.orchestrators.feature_selector - INFO - Dropped 113 features for rf model
2025-11-17 05:20:33,048 - core.orchestrators.feature_selector - INFO - RF features: 114 domain features (no embeddings)
2025-11-17 05:20:33,051 - core.orchestrators.feature_selector - INFO - RF features: 114 domain features (no embeddings)
2025-11-17 05:20:33,053 - core.orchestrators.feature_selector - INFO - RF features: 114 domain features (no embeddings)
2025-11-17 05:20:33,053 - core.orchestrators.feature_selector - INFO - Dropped 113 features for rf model
2025-11-17 05:20:33,053 - core.orchestrators.feature_selector - INFO - RF features: 114 domain features (no embeddings)
2025-11-17 05:20:33,053 - core.orchestrators.feature_selector - INFO - RF features: 114 domain features (no embeddings)
2025-11-17 05:20:33,054 - core.orchestrators.feature_selector - INFO - Dropped 113 features for rf model
2025-11-17 05:20:33,054 - core.orchestrators.feature_selector - INFO - RF features: 114 domain features (no embeddings)
2025-11-17 05:20:33,057 - core.orchestrators.feature_selector - INFO - RF features: 114 domain features (no embeddings)
2025-11-17 05:20:33,057 - core.orchestrators.feature_selector - INFO - RF features: 114 domain features (no embeddings)
2025-11-17 05:52:12,697 - core.orchestrators.feature_selector - INFO - RF features: 114 domain features (no embeddings)
2025-11-17 05:52:12,699 - core.orchestrators.feature_selector - INFO - Dropped 113 features for rf model
2025-11-17 05:52:12,699 - core.orchestrators.feature_selector - INFO - RF features: 114 domain features (no embeddings)
2025-11-17 05:52:12,701 - core.orchestrators.feature_selector - INFO - RF features: 114 domain features (no embeddings)
2025-11-17 05:52:40,505 - core.orchestrators.feature_selector - INFO - RF features: 114 domain features (no embeddings)
2025-11-17 05:52:40,506 - core.orchestrators.feature_selector - INFO - Dropped 113 features for rf model
2025-11-17 05:52:40,506 - core.orchestrators.feature_selector - INFO - RF features: 114 domain features (no embeddings)
2025-11-17 05:52:40,509 - core.orchestrators.feature_selector - INFO - RF features: 114 domain features (no embeddings)
2025-11-17 05:53:02,750 - core.orchestrators.feature_selector - INFO - RF features: 114 domain features (no embeddings)
2025-11-17 05:53:02,752 - core.orchestrators.feature_selector - INFO - Dropped 113 features for rf model
2025-11-17 05:53:02,752 - core.orchestrators.feature_selector - INFO - RF features: 114 domain features (no embeddings)
2025-11-17 05:53:02,756 - core.orchestrators.feature_selector - INFO - RF features: 114 domain features (no embeddings)
2025-11-17 05:53:24,134 - core.orchestrators.feature_selector - INFO - RF features: 114 domain features (no embeddings)
2025-11-17 05:53:24,134 - core.orchestrators.feature_selector - INFO - Dropped 113 features for rf model
2025-11-17 05:53:24,134 - core.orchestrators.feature_selector - INFO - RF features: 114 domain features (no embeddings)
2025-11-17 05:53:24,139 - core.orchestrators.feature_selector - INFO - RF features: 114 domain features (no embeddings)
2025-11-17 06:11:31,088 - core.orchestrators.feature_selector - INFO - RF features: 114 domain features (no embeddings)
2025-11-17 06:11:31,088 - core.orchestrators.feature_selector - INFO - Dropped 113 features for rf model
2025-11-17 06:11:31,088 - core.orchestrators.feature_selector - INFO - RF features: 114 domain features (no embeddings)
2025-11-17 06:11:31,091 - core.orchestrators.feature_selector - INFO - RF features: 114 domain features (no embeddings)
✓ Loaded 25 selected features from models/2025-11-13/2years_144333/feature_selector.json
  🔄 Using temporal calculations (no data leakage mode)
  ✅ Preserving existing career stats from database (prediction mode)
🏇 Field mean earnings per race: 100,000 (from 12 horses)
  📊 Processing 12 horses for feature calculation...
Feature cleanup: 253 → 228 (25 removed)
🏇 Field mean earnings per race: 100,000 (from 12 horses)
  📊 Processing 12 horses for feature calculation...
  🔄 Using temporal calculations (no data leakage mode)
  ✅ Preserving existing career stats from database (prediction mode)
🏇 Field mean earnings per race: 100,000 (from 16 horses)
  📊 Processing 16 horses for feature calculation...
Feature cleanup: 253 → 228 (25 removed)
🏇 Field mean earnings per race: 100,000 (from 16 horses)
  📊 Processing 16 horses for feature calculation...
  🔄 Using temporal calculations (no data leakage mode)
  ✅ Preserving existing career stats from database (prediction mode)
🏇 Field mean earnings per race: 100,000 (from 15 horses)
  📊 Processing 15 horses for feature calculation...
Feature cleanup: 253 → 228 (25 removed)
🏇 Field mean earnings per race: 100,000 (from 15 horses)
  📊 Processing 15 horses for feature calculation...
  🔄 Using temporal calculations (no data leakage mode)
  ✅ Preserving existing career stats from database (prediction mode)
🏇 Field mean earnings per race: 100,000 (from 14 horses)
  📊 Processing 14 horses for feature calculation...
Feature cleanup: 253 → 228 (25 removed)
🏇 Field mean earnings per race: 100,000 (from 14 horses)
  📊 Processing 14 horses for feature calculation...
  🔄 Using temporal calculations (no data leakage mode)
  ✅ Preserving existing career stats from database (prediction mode)
🏇 Field mean earnings per race: 100,000 (from 14 horses)
  📊 Processing 14 horses for feature calculation...
Feature cleanup: 253 → 228 (25 removed)
🏇 Field mean earnings per race: 100,000 (from 14 horses)
  📊 Processing 14 horses for feature calculation...
  🔄 Using temporal calculations (no data leakage mode)
  ✅ Preserving existing career stats from database (prediction mode)
🏇 Field mean earnings per race: 100,000 (from 14 horses)
  📊 Processing 14 horses for feature calculation...
Feature cleanup: 253 → 228 (25 removed)
🏇 Field mean earnings per race: 100,000 (from 14 horses)
  📊 Processing 14 horses for feature calculation...
  🔄 Using temporal calculations (no data leakage mode)
  ✅ Preserving existing career stats from database (prediction mode)
🏇 Field mean earnings per race: 100,000 (from 14 horses)
  📊 Processing 14 horses for feature calculation...
Feature cleanup: 253 → 228 (25 removed)
🏇 Field mean earnings per race: 100,000 (from 14 horses)
  📊 Processing 14 horses for feature calculation...
  🔄 Using temporal calculations (no data leakage mode)
  ✅ Preserving existing career stats from database (prediction mode)
🏇 Field mean earnings per race: 100,000 (from 14 horses)
  📊 Processing 14 horses for feature calculation...
Feature cleanup: 253 → 228 (25 removed)
🏇 Field mean earnings per race: 100,000 (from 14 horses)
  📊 Processing 14 horses for feature calculation...
  🔄 Using temporal calculations (no data leakage mode)
  ✅ Preserving existing career stats from database (prediction mode)
🏇 Field mean earnings per race: 100,000 (from 14 horses)
  📊 Processing 14 horses for feature calculation...
Feature cleanup: 253 → 228 (25 removed)
🏇 Field mean earnings per race: 100,000 (from 14 horses)
  📊 Processing 14 horses for feature calculation...
  🔄 Using temporal calculations (no data leakage mode)
  ✅ Preserving existing career stats from database (prediction mode)
🏇 Field mean earnings per race: 100,000 (from 14 horses)
  📊 Processing 14 horses for feature calculation...
Feature cleanup: 253 → 228 (25 removed)
🏇 Field mean earnings per race: 100,000 (from 14 horses)
  📊 Processing 14 horses for feature calculation...
  🔄 Using temporal calculations (no data leakage mode)
  ✅ Preserving existing career stats from database (prediction mode)
🏇 Field mean earnings per race: 100,000 (from 16 horses)
  📊 Processing 16 horses for feature calculation...
Feature cleanup: 253 → 228 (25 removed)
🏇 Field mean earnings per race: 100,000 (from 16 horses)
  📊 Processing 16 horses for feature calculation...
  🔄 Using temporal calculations (no data leakage mode)
  ✅ Preserving existing career stats from database (prediction mode)
🏇 Field mean earnings per race: 100,000 (from 16 horses)
  📊 Processing 16 horses for feature calculation...
Feature cleanup: 253 → 228 (25 removed)
🏇 Field mean earnings per race: 100,000 (from 16 horses)
  📊 Processing 16 horses for feature calculation...
  🔄 Using temporal calculations (no data leakage mode)
  ✅ Preserving existing career stats from database (prediction mode)
🏇 Field mean earnings per race: 100,000 (from 14 horses)
  📊 Processing 14 horses for feature calculation...
Feature cleanup: 253 → 228 (25 removed)
🏇 Field mean earnings per race: 100,000 (from 14 horses)
  📊 Processing 14 horses for feature calculation...
  🔄 Using temporal calculations (no data leakage mode)
  ✅ Preserving existing career stats from database (prediction mode)
🏇 Field mean earnings per race: 100,000 (from 16 horses)
  📊 Processing 16 horses for feature calculation...
Feature cleanup: 253 → 228 (25 removed)
🏇 Field mean earnings per race: 100,000 (from 16 horses)
  📊 Processing 16 horses for feature calculation...
  🔄 Using temporal calculations (no data leakage mode)
  ✅ Preserving existing career stats from database (prediction mode)
🏇 Field mean earnings per race: 100,000 (from 14 horses)
  📊 Processing 14 horses for feature calculation...
Feature cleanup: 253 → 228 (25 removed)
🏇 Field mean earnings per race: 100,000 (from 14 horses)
  📊 Processing 14 horses for feature calculation...
✓ Loaded 25 selected features from models/2025-11-13/2years_144333/feature_selector.json
  🔄 Using temporal calculations (no data leakage mode)
  ✅ Preserving existing career stats from database (prediction mode)
🏇 Field mean earnings per race: 100,000 (from 12 horses)
  📊 Processing 12 horses for feature calculation...
Feature cleanup: 253 → 228 (25 removed)
🏇 Field mean earnings per race: 100,000 (from 12 horses)
  📊 Processing 12 horses for feature calculation...
  🔄 Using temporal calculations (no data leakage mode)
  ✅ Preserving existing career stats from database (prediction mode)
🏇 Field mean earnings per race: 100,000 (from 12 horses)
  📊 Processing 12 horses for feature calculation...
Feature cleanup: 253 → 228 (25 removed)
🏇 Field mean earnings per race: 100,000 (from 12 horses)
  📊 Processing 12 horses for feature calculation...
  🔄 Using temporal calculations (no data leakage mode)
  ✅ Preserving existing career stats from database (prediction mode)
🏇 Field mean earnings per race: 100,000 (from 12 horses)
  📊 Processing 12 horses for feature calculation...
Feature cleanup: 253 → 228 (25 removed)
🏇 Field mean earnings per race: 100,000 (from 12 horses)
  📊 Processing 12 horses for feature calculation...
  🔄 Using temporal calculations (no data leakage mode)
  ✅ Preserving existing career stats from database (prediction mode)
🏇 Field mean earnings per race: 100,000 (from 12 horses)
  📊 Processing 12 horses for feature calculation...
Feature cleanup: 253 → 228 (25 removed)
🏇 Field mean earnings per race: 100,000 (from 12 horses)
  📊 Processing 12 horses for feature calculation...
  🔄 Using temporal calculations (no data leakage mode)
  ✅ Preserving existing career stats from database (prediction mode)
🏇 Field mean earnings per race: 100,000 (from 14 horses)
  📊 Processing 14 horses for feature calculation...
Feature cleanup: 253 → 228 (25 removed)
🏇 Field mean earnings per race: 100,000 (from 14 horses)
  📊 Processing 14 horses for feature calculation...
  🔄 Using temporal calculations (no data leakage mode)
  ✅ Preserving existing career stats from database (prediction mode)
🏇 Field mean earnings per race: 100,000 (from 18 horses)
  📊 Processing 18 horses for feature calculation...
Feature cleanup: 253 → 228 (25 removed)
🏇 Field mean earnings per race: 100,000 (from 18 horses)
  📊 Processing 18 horses for feature calculation...
  🔄 Using temporal calculations (no data leakage mode)
  ✅ Preserving existing career stats from database (prediction mode)
🏇 Field mean earnings per race: 100,000 (from 14 horses)
  📊 Processing 14 horses for feature calculation...
Feature cleanup: 253 → 228 (25 removed)
🏇 Field mean earnings per race: 100,000 (from 14 horses)
  📊 Processing 14 horses for feature calculation...
  🔄 Using temporal calculations (no data leakage mode)
  ✅ Preserving existing career stats from database (prediction mode)
🏇 Field mean earnings per race: 100,000 (from 13 horses)
  📊 Processing 13 horses for feature calculation...
Feature cleanup: 253 → 228 (25 removed)
🏇 Field mean earnings per race: 100,000 (from 13 horses)
  📊 Processing 13 horses for feature calculation...
  🔄 Using temporal calculations (no data leakage mode)
  ✅ Preserving existing career stats from database (prediction mode)
🏇 Field mean earnings per race: 100,000 (from 8 horses)
  📊 Processing 8 horses for feature calculation...
Feature cleanup: 253 → 228 (25 removed)
🏇 Field mean earnings per race: 100,000 (from 8 horses)
  📊 Processing 8 horses for feature calculation...
  🔄 Using temporal calculations (no data leakage mode)
  ✅ Preserving existing career stats from database (prediction mode)
🏇 Field mean earnings per race: 100,000 (from 11 horses)
  📊 Processing 11 horses for feature calculation...
Feature cleanup: 253 → 228 (25 removed)
🏇 Field mean earnings per race: 100,000 (from 11 horses)
  📊 Processing 11 horses for feature calculation...
  🔄 Using temporal calculations (no data leakage mode)
  ✅ Preserving existing career stats from database (prediction mode)
🏇 Field mean earnings per race: 100,000 (from 16 horses)
  📊 Processing 16 horses for feature calculation...
Feature cleanup: 253 → 228 (25 removed)
🏇 Field mean earnings per race: 100,000 (from 16 horses)
  📊 Processing 16 horses for feature calculation...
  🔄 Using temporal calculations (no data leakage mode)
  ✅ Preserving existing career stats from database (prediction mode)
🏇 Field mean earnings per race: 100,000 (from 16 horses)
  📊 Processing 16 horses for feature calculation...
Feature cleanup: 253 → 228 (25 removed)
🏇 Field mean earnings per race: 100,000 (from 16 horses)
  📊 Processing 16 horses for feature calculation...
  🔄 Using temporal calculations (no data leakage mode)
  ✅ Preserving existing career stats from database (prediction mode)
🏇 Field mean earnings per race: 100,000 (from 16 horses)
  📊 Processing 16 horses for feature calculation...
Feature cleanup: 253 → 228 (25 removed)
🏇 Field mean earnings per race: 100,000 (from 16 horses)
  📊 Processing 16 horses for feature calculation...
  🔄 Using temporal calculations (no data leakage mode)
  ✅ Preserving existing career stats from database (prediction mode)
🏇 Field mean earnings per race: 100,000 (from 16 horses)
  📊 Processing 16 horses for feature calculation...
Feature cleanup: 253 → 228 (25 removed)
🏇 Field mean earnings per race: 100,000 (from 16 horses)
  📊 Processing 16 horses for feature calculation...
  🔄 Using temporal calculations (no data leakage mode)
  ✅ Preserving existing career stats from database (prediction mode)
🏇 Field mean earnings per race: 100,000 (from 12 horses)
  📊 Processing 12 horses for feature calculation...
Feature cleanup: 253 → 228 (25 removed)
🏇 Field mean earnings per race: 100,000 (from 12 horses)
  📊 Processing 12 horses for feature calculation...
  🔄 Using temporal calculations (no data leakage mode)
  ✅ Preserving existing career stats from database (prediction mode)
🏇 Field mean earnings per race: 100,000 (from 14 horses)
  📊 Processing 14 horses for feature calculation...
Feature cleanup: 253 → 228 (25 removed)
🏇 Field mean earnings per race: 100,000 (from 14 horses)
  📊 Processing 14 horses for feature calculation...
  🔄 Using temporal calculations (no data leakage mode)
  ✅ Preserving existing career stats from database (prediction mode)
🏇 Field mean earnings per race: 218,436 (from 12 horses)
  📊 Processing 12 horses for feature calculation...
Feature cleanup: 253 → 228 (25 removed)
🏇 Field mean earnings per race: 218,436 (from 12 horses)
  📊 Processing 12 horses for feature calculation...
  🔄 Using temporal calculations (no data leakage mode)
  ✅ Preserving existing career stats from database (prediction mode)
🏇 Field mean earnings per race: 190,832 (from 15 horses)
  📊 Processing 15 horses for feature calculation...
Feature cleanup: 253 → 228 (25 removed)
🏇 Field mean earnings per race: 190,832 (from 15 horses)
  📊 Processing 15 horses for feature calculation...
  🔄 Using temporal calculations (no data leakage mode)
  ✅ Preserving existing career stats from database (prediction mode)
🏇 Field mean earnings per race: 242,375 (from 14 horses)
  📊 Processing 14 horses for feature calculation...
Feature cleanup: 253 → 228 (25 removed)
🏇 Field mean earnings per race: 242,375 (from 14 horses)
  📊 Processing 14 horses for feature calculation...
  🔄 Using temporal calculations (no data leakage mode)
  ✅ Preserving existing career stats from database (prediction mode)
🏇 Field mean earnings per race: 100,000 (from 18 horses)
  📊 Processing 18 horses for feature calculation...
Feature cleanup: 253 → 228 (25 removed)
🏇 Field mean earnings per race: 100,000 (from 18 horses)
  📊 Processing 18 horses for feature calculation...
[70%] Processing chunk 3/3 (Mem: 326MB)...
/Users/mattg0/miniconda3/envs/HorseAIv2/lib/python3.11/site-packages/pytorch_tabnet/abstract_model.py:82: UserWarning: Device used : cpu
  warnings.warn(f"Device used : {self.device}")
/Users/mattg0/miniconda3/envs/HorseAIv2/lib/python3.11/site-packages/pytorch_tabnet/abstract_model.py:82: UserWarning: Device used : cpu
  warnings.warn(f"Device used : {self.device}")
/Users/mattg0/miniconda3/envs/HorseAIv2/lib/python3.11/site-packages/pytorch_tabnet/abstract_model.py:82: UserWarning: Device used : cpu
  warnings.warn(f"Device used : {self.device}")
2025-11-17 07:05:00,087 - core.orchestrators.feature_selector - INFO - RF features: 114 domain features (no embeddings)
2025-11-17 07:05:00,088 - core.orchestrators.feature_selector - INFO - Dropped 113 features for rf model
2025-11-17 07:05:00,088 - core.orchestrators.feature_selector - INFO - RF features: 114 domain features (no embeddings)
2025-11-17 07:05:00,089 - core.orchestrators.feature_selector - INFO - RF features: 114 domain features (no embeddings)
2025-11-17 07:05:00,090 - core.orchestrators.feature_selector - INFO - Dropped 113 features for rf model
2025-11-17 07:05:00,090 - core.orchestrators.feature_selector - INFO - RF features: 114 domain features (no embeddings)
2025-11-17 07:05:00,097 - core.orchestrators.feature_selector - INFO - RF features: 114 domain features (no embeddings)
2025-11-17 07:05:00,100 - core.orchestrators.feature_selector - INFO - RF features: 114 domain features (no embeddings)
2025-11-17 07:05:00,115 - core.orchestrators.feature_selector - INFO - RF features: 114 domain features (no embeddings)
2025-11-17 07:05:00,116 - core.orchestrators.feature_selector - INFO - Dropped 113 features for rf model
2025-11-17 07:05:00,117 - core.orchestrators.feature_selector - INFO - RF features: 114 domain features (no embeddings)
2025-11-17 07:05:00,125 - core.orchestrators.feature_selector - INFO - RF features: 114 domain features (no embeddings)
2025-11-17 07:32:00,331 - core.orchestrators.feature_selector - INFO - RF features: 114 domain features (no embeddings)
2025-11-17 07:32:00,332 - core.orchestrators.feature_selector - INFO - Dropped 113 features for rf model
2025-11-17 07:32:00,332 - core.orchestrators.feature_selector - INFO - RF features: 114 domain features (no embeddings)
2025-11-17 07:32:00,335 - core.orchestrators.feature_selector - INFO - RF features: 114 domain features (no embeddings)
2025-11-17 07:32:00,336 - core.orchestrators.feature_selector - INFO - RF features: 114 domain features (no embeddings)
2025-11-17 07:32:00,336 - core.orchestrators.feature_selector - INFO - Dropped 113 features for rf model
2025-11-17 07:32:00,336 - core.orchestrators.feature_selector - INFO - RF features: 114 domain features (no embeddings)
2025-11-17 07:32:00,339 - core.orchestrators.feature_selector - INFO - RF features: 114 domain features (no embeddings)
2025-11-17 07:32:00,342 - core.orchestrators.feature_selector - INFO - RF features: 114 domain features (no embeddings)
2025-11-17 07:32:00,342 - core.orchestrators.feature_selector - INFO - Dropped 113 features for rf model
2025-11-17 07:32:00,342 - core.orchestrators.feature_selector - INFO - RF features: 114 domain features (no embeddings)
2025-11-17 07:32:00,345 - core.orchestrators.feature_selector - INFO - RF features: 114 domain features (no embeddings)
2025-11-17 08:06:46,259 - core.orchestrators.feature_selector - INFO - RF features: 114 domain features (no embeddings)
2025-11-17 08:06:46,262 - core.orchestrators.feature_selector - INFO - Dropped 113 features for rf model
2025-11-17 08:06:46,262 - core.orchestrators.feature_selector - INFO - RF features: 114 domain features (no embeddings)
2025-11-17 08:06:46,262 - core.orchestrators.feature_selector - INFO - RF features: 114 domain features (no embeddings)
2025-11-17 08:06:46,264 - core.orchestrators.feature_selector - INFO - Dropped 113 features for rf model
2025-11-17 08:06:46,264 - core.orchestrators.feature_selector - INFO - RF features: 114 domain features (no embeddings)
2025-11-17 08:06:46,264 - core.orchestrators.feature_selector - INFO - RF features: 114 domain features (no embeddings)
2025-11-17 08:06:46,265 - core.orchestrators.feature_selector - INFO - Dropped 113 features for rf model
2025-11-17 08:06:46,265 - core.orchestrators.feature_selector - INFO - RF features: 114 domain features (no embeddings)
2025-11-17 08:06:46,273 - core.orchestrators.feature_selector - INFO - RF features: 114 domain features (no embeddings)
2025-11-17 08:06:46,273 - core.orchestrators.feature_selector - INFO - RF features: 114 domain features (no embeddings)
2025-11-17 08:06:46,273 - core.orchestrators.feature_selector - INFO - RF features: 114 domain features (no embeddings)
2025-11-17 08:22:03,564 - core.orchestrators.feature_selector - INFO - RF features: 114 domain features (no embeddings)
2025-11-17 08:22:03,568 - core.orchestrators.feature_selector - INFO - Dropped 113 features for rf model
2025-11-17 08:22:03,568 - core.orchestrators.feature_selector - INFO - RF features: 114 domain features (no embeddings)
2025-11-17 08:22:03,582 - core.orchestrators.feature_selector - INFO - RF features: 114 domain features (no embeddings)
2025-11-17 08:22:03,585 - core.orchestrators.feature_selector - INFO - Dropped 113 features for rf model
2025-11-17 08:22:03,585 - core.orchestrators.feature_selector - INFO - RF features: 114 domain features (no embeddings)
2025-11-17 08:22:03,587 - core.orchestrators.feature_selector - INFO - RF features: 114 domain features (no embeddings)
2025-11-17 08:22:03,608 - core.orchestrators.feature_selector - INFO - RF features: 114 domain features (no embeddings)
2025-11-17 08:22:03,670 - core.orchestrators.feature_selector - INFO - RF features: 114 domain features (no embeddings)
2025-11-17 08:22:03,674 - core.orchestrators.feature_selector - INFO - Dropped 113 features for rf model
2025-11-17 08:22:03,674 - core.orchestrators.feature_selector - INFO - RF features: 114 domain features (no embeddings)
2025-11-17 08:22:03,729 - core.orchestrators.feature_selector - INFO - RF features: 114 domain features (no embeddings)
2025-11-17 09:06:05,912 - core.orchestrators.feature_selector - INFO - RF features: 114 domain features (no embeddings)
2025-11-17 09:06:05,912 - core.orchestrators.feature_selector - INFO - RF features: 114 domain features (no embeddings)
2025-11-17 09:06:05,913 - core.orchestrators.feature_selector - INFO - Dropped 113 features for rf model
2025-11-17 09:06:05,913 - core.orchestrators.feature_selector - INFO - Dropped 113 features for rf model
2025-11-17 09:06:05,913 - core.orchestrators.feature_selector - INFO - RF features: 114 domain features (no embeddings)
2025-11-17 09:06:05,913 - core.orchestrators.feature_selector - INFO - RF features: 114 domain features (no embeddings)
2025-11-17 09:06:05,916 - core.orchestrators.feature_selector - INFO - RF features: 114 domain features (no embeddings)
2025-11-17 09:06:05,917 - core.orchestrators.feature_selector - INFO - RF features: 114 domain features (no embeddings)
2025-11-17 09:40:36,707 - core.orchestrators.feature_selector - INFO - RF features: 114 domain features (no embeddings)
2025-11-17 09:40:36,707 - core.orchestrators.feature_selector - INFO - RF features: 114 domain features (no embeddings)
2025-11-17 09:40:36,708 - core.orchestrators.feature_selector - INFO - Dropped 113 features for rf model
2025-11-17 09:40:36,708 - core.orchestrators.feature_selector - INFO - Dropped 113 features for rf model
2025-11-17 09:40:36,709 - core.orchestrators.feature_selector - INFO - RF features: 114 domain features (no embeddings)
2025-11-17 09:40:36,709 - core.orchestrators.feature_selector - INFO - RF features: 114 domain features (no embeddings)
2025-11-17 09:40:36,714 - core.orchestrators.feature_selector - INFO - RF features: 114 domain features (no embeddings)
2025-11-17 09:40:36,714 - core.orchestrators.feature_selector - INFO - RF features: 114 domain features (no embeddings)
[95%] Storing predictions to database...
[100%] Complete! Processed 116 races in 48660.5s

============================================================
✅ BATCH PREDICTION COMPLETE
============================================================
  Job ID: batch_20251116_203906
  Total races: 116
  Successful: 116
  Failed: 0
  Total time: 48660.74s
  Throughput: 0.0 races/second
============================================================
