/Users/mattg0/miniconda3/envs/HorseAIv2/lib/python3.11/site-packages/pytorch_tabnet/abstract_model.py:82: UserWarning: Device used : cpu
  warnings.warn(f"Device used : {self.device}")
ðŸš€ Starting batch prediction job: batch_20251109_150759
   Total races: 105
   Workers: 3
   Chunk size: 50
   Memory limit: 4096.0MB
   Database: 2years

âœ“ Loaded 21 selected features from models/2025-11-02/2years_061730/feature_selector.json
[5%] Loading races from database...
[15%] Loaded 105 races, starting predictions...
[20%] Processing chunk 1/3 (Mem: 719MB)...
/Users/mattg0/miniconda3/envs/HorseAIv2/lib/python3.11/site-packages/pytorch_tabnet/abstract_model.py:82: UserWarning: Device used : cpu
  warnings.warn(f"Device used : {self.device}")
/Users/mattg0/miniconda3/envs/HorseAIv2/lib/python3.11/site-packages/pytorch_tabnet/abstract_model.py:82: UserWarning: Device used : cpu
  warnings.warn(f"Device used : {self.device}")
/Users/mattg0/miniconda3/envs/HorseAIv2/lib/python3.11/site-packages/pytorch_tabnet/abstract_model.py:82: UserWarning: Device used : cpu
  warnings.warn(f"Device used : {self.device}")
2025-11-09 15:08:12,739 - core.orchestrators.feature_selector - INFO - RF features: 114 domain features (no embeddings)
2025-11-09 15:08:12,740 - core.orchestrators.feature_selector - INFO - Dropped 113 features for rf model
2025-11-09 15:08:12,740 - core.orchestrators.feature_selector - INFO - RF features: 114 domain features (no embeddings)
2025-11-09 15:08:12,743 - core.orchestrators.feature_selector - INFO - RF features: 114 domain features (no embeddings)
2025-11-09 15:08:12,744 - core.orchestrators.feature_selector - INFO - RF features: 114 domain features (no embeddings)
2025-11-09 15:08:12,744 - core.orchestrators.feature_selector - INFO - Dropped 113 features for rf model
2025-11-09 15:08:12,744 - core.orchestrators.feature_selector - INFO - RF features: 114 domain features (no embeddings)
2025-11-09 15:08:12,746 - core.orchestrators.feature_selector - INFO - RF features: 114 domain features (no embeddings)
2025-11-09 15:08:12,746 - core.orchestrators.feature_selector - INFO - Dropped 113 features for rf model
2025-11-09 15:08:12,746 - core.orchestrators.feature_selector - INFO - RF features: 114 domain features (no embeddings)
2025-11-09 15:08:12,747 - core.orchestrators.feature_selector - INFO - RF features: 114 domain features (no embeddings)
2025-11-09 15:08:12,750 - core.orchestrators.feature_selector - INFO - RF features: 114 domain features (no embeddings)
/Users/mattg0/miniconda3/envs/HorseAIv2/lib/python3.11/site-packages/sklearn/ensemble/_base.py:168: UserWarning: Loky-backed parallel loops cannot be called in a multiprocessing, setting n_jobs=1
  n_jobs = min(effective_n_jobs(n_jobs), n_estimators)
/Users/mattg0/miniconda3/envs/HorseAIv2/lib/python3.11/site-packages/sklearn/ensemble/_base.py:168: UserWarning: Loky-backed parallel loops cannot be called in a multiprocessing, setting n_jobs=1
  n_jobs = min(effective_n_jobs(n_jobs), n_estimators)
/Users/mattg0/miniconda3/envs/HorseAIv2/lib/python3.11/site-packages/sklearn/ensemble/_base.py:168: UserWarning: Loky-backed parallel loops cannot be called in a multiprocessing, setting n_jobs=1
  n_jobs = min(effective_n_jobs(n_jobs), n_estimators)
2025-11-09 15:08:34,177 - core.orchestrators.feature_selector - INFO - RF features: 114 domain features (no embeddings)
2025-11-09 15:08:34,178 - core.orchestrators.feature_selector - INFO - Dropped 113 features for rf model
2025-11-09 15:08:34,178 - core.orchestrators.feature_selector - INFO - RF features: 114 domain features (no embeddings)
2025-11-09 15:08:34,181 - core.orchestrators.feature_selector - INFO - RF features: 114 domain features (no embeddings)
2025-11-09 15:08:34,189 - core.orchestrators.feature_selector - INFO - RF features: 114 domain features (no embeddings)
2025-11-09 15:08:34,189 - core.orchestrators.feature_selector - INFO - Dropped 113 features for rf model
2025-11-09 15:08:34,190 - core.orchestrators.feature_selector - INFO - RF features: 114 domain features (no embeddings)
2025-11-09 15:08:34,191 - core.orchestrators.feature_selector - INFO - RF features: 114 domain features (no embeddings)
2025-11-09 15:08:34,191 - core.orchestrators.feature_selector - INFO - Dropped 113 features for rf model
2025-11-09 15:08:34,191 - core.orchestrators.feature_selector - INFO - RF features: 114 domain features (no embeddings)
2025-11-09 15:08:34,193 - core.orchestrators.feature_selector - INFO - RF features: 114 domain features (no embeddings)
2025-11-09 15:08:34,194 - core.orchestrators.feature_selector - INFO - RF features: 114 domain features (no embeddings)
/Users/mattg0/miniconda3/envs/HorseAIv2/lib/python3.11/site-packages/sklearn/ensemble/_base.py:168: UserWarning: Loky-backed parallel loops cannot be called in a multiprocessing, setting n_jobs=1
  n_jobs = min(effective_n_jobs(n_jobs), n_estimators)
/Users/mattg0/miniconda3/envs/HorseAIv2/lib/python3.11/site-packages/sklearn/ensemble/_base.py:168: UserWarning: Loky-backed parallel loops cannot be called in a multiprocessing, setting n_jobs=1
  n_jobs = min(effective_n_jobs(n_jobs), n_estimators)
/Users/mattg0/miniconda3/envs/HorseAIv2/lib/python3.11/site-packages/sklearn/ensemble/_base.py:168: UserWarning: Loky-backed parallel loops cannot be called in a multiprocessing, setting n_jobs=1
  n_jobs = min(effective_n_jobs(n_jobs), n_estimators)
2025-11-09 15:08:57,051 - core.orchestrators.feature_selector - INFO - RF features: 114 domain features (no embeddings)
2025-11-09 15:08:57,052 - core.orchestrators.feature_selector - INFO - Dropped 113 features for rf model
2025-11-09 15:08:57,052 - core.orchestrators.feature_selector - INFO - RF features: 114 domain features (no embeddings)
2025-11-09 15:08:57,052 - core.orchestrators.feature_selector - INFO - RF features: 114 domain features (no embeddings)
2025-11-09 15:08:57,053 - core.orchestrators.feature_selector - INFO - Dropped 113 features for rf model
2025-11-09 15:08:57,053 - core.orchestrators.feature_selector - INFO - RF features: 114 domain features (no embeddings)
2025-11-09 15:08:57,055 - core.orchestrators.feature_selector - INFO - RF features: 114 domain features (no embeddings)
2025-11-09 15:08:57,055 - core.orchestrators.feature_selector - INFO - RF features: 114 domain features (no embeddings)
2025-11-09 15:08:57,055 - core.orchestrators.feature_selector - INFO - Dropped 113 features for rf model
2025-11-09 15:08:57,055 - core.orchestrators.feature_selector - INFO - RF features: 114 domain features (no embeddings)
2025-11-09 15:08:57,055 - core.orchestrators.feature_selector - INFO - RF features: 114 domain features (no embeddings)
2025-11-09 15:08:57,058 - core.orchestrators.feature_selector - INFO - RF features: 114 domain features (no embeddings)
/Users/mattg0/miniconda3/envs/HorseAIv2/lib/python3.11/site-packages/sklearn/ensemble/_base.py:168: UserWarning: Loky-backed parallel loops cannot be called in a multiprocessing, setting n_jobs=1
  n_jobs = min(effective_n_jobs(n_jobs), n_estimators)
/Users/mattg0/miniconda3/envs/HorseAIv2/lib/python3.11/site-packages/sklearn/ensemble/_base.py:168: UserWarning: Loky-backed parallel loops cannot be called in a multiprocessing, setting n_jobs=1
  n_jobs = min(effective_n_jobs(n_jobs), n_estimators)
/Users/mattg0/miniconda3/envs/HorseAIv2/lib/python3.11/site-packages/sklearn/ensemble/_base.py:168: UserWarning: Loky-backed parallel loops cannot be called in a multiprocessing, setting n_jobs=1
  n_jobs = min(effective_n_jobs(n_jobs), n_estimators)
2025-11-09 15:09:12,908 - core.orchestrators.feature_selector - INFO - RF features: 114 domain features (no embeddings)
2025-11-09 15:09:12,908 - core.orchestrators.feature_selector - INFO - RF features: 114 domain features (no embeddings)
2025-11-09 15:09:12,909 - core.orchestrators.feature_selector - INFO - Dropped 113 features for rf model
2025-11-09 15:09:12,909 - core.orchestrators.feature_selector - INFO - Dropped 113 features for rf model
2025-11-09 15:09:12,909 - core.orchestrators.feature_selector - INFO - RF features: 114 domain features (no embeddings)
2025-11-09 15:09:12,909 - core.orchestrators.feature_selector - INFO - RF features: 114 domain features (no embeddings)
2025-11-09 15:09:12,911 - core.orchestrators.feature_selector - INFO - RF features: 114 domain features (no embeddings)
2025-11-09 15:09:12,911 - core.orchestrators.feature_selector - INFO - RF features: 114 domain features (no embeddings)
/Users/mattg0/miniconda3/envs/HorseAIv2/lib/python3.11/site-packages/sklearn/ensemble/_base.py:168: UserWarning: Loky-backed parallel loops cannot be called in a multiprocessing, setting n_jobs=1
  n_jobs = min(effective_n_jobs(n_jobs), n_estimators)
/Users/mattg0/miniconda3/envs/HorseAIv2/lib/python3.11/site-packages/sklearn/ensemble/_base.py:168: UserWarning: Loky-backed parallel loops cannot be called in a multiprocessing, setting n_jobs=1
  n_jobs = min(effective_n_jobs(n_jobs), n_estimators)
2025-11-09 15:09:12,932 - core.orchestrators.feature_selector - INFO - RF features: 114 domain features (no embeddings)
2025-11-09 15:09:12,933 - core.orchestrators.feature_selector - INFO - Dropped 113 features for rf model
2025-11-09 15:09:12,933 - core.orchestrators.feature_selector - INFO - RF features: 114 domain features (no embeddings)
2025-11-09 15:09:12,936 - core.orchestrators.feature_selector - INFO - RF features: 114 domain features (no embeddings)
/Users/mattg0/miniconda3/envs/HorseAIv2/lib/python3.11/site-packages/sklearn/ensemble/_base.py:168: UserWarning: Loky-backed parallel loops cannot be called in a multiprocessing, setting n_jobs=1
  n_jobs = min(effective_n_jobs(n_jobs), n_estimators)
2025-11-09 15:09:29,340 - core.orchestrators.feature_selector - INFO - RF features: 114 domain features (no embeddings)
2025-11-09 15:09:29,341 - core.orchestrators.feature_selector - INFO - Dropped 113 features for rf model
2025-11-09 15:09:29,341 - core.orchestrators.feature_selector - INFO - RF features: 114 domain features (no embeddings)
2025-11-09 15:09:29,343 - core.orchestrators.feature_selector - INFO - RF features: 114 domain features (no embeddings)
2025-11-09 15:09:29,347 - core.orchestrators.feature_selector - INFO - RF features: 114 domain features (no embeddings)
2025-11-09 15:09:29,347 - core.orchestrators.feature_selector - INFO - Dropped 113 features for rf model
2025-11-09 15:09:29,347 - core.orchestrators.feature_selector - INFO - RF features: 114 domain features (no embeddings)
2025-11-09 15:09:29,350 - core.orchestrators.feature_selector - INFO - RF features: 114 domain features (no embeddings)
/Users/mattg0/miniconda3/envs/HorseAIv2/lib/python3.11/site-packages/sklearn/ensemble/_base.py:168: UserWarning: Loky-backed parallel loops cannot be called in a multiprocessing, setting n_jobs=1
  n_jobs = min(effective_n_jobs(n_jobs), n_estimators)
/Users/mattg0/miniconda3/envs/HorseAIv2/lib/python3.11/site-packages/sklearn/ensemble/_base.py:168: UserWarning: Loky-backed parallel loops cannot be called in a multiprocessing, setting n_jobs=1
  n_jobs = min(effective_n_jobs(n_jobs), n_estimators)
2025-11-09 15:09:29,370 - core.orchestrators.feature_selector - INFO - RF features: 114 domain features (no embeddings)
2025-11-09 15:09:29,370 - core.orchestrators.feature_selector - INFO - Dropped 113 features for rf model
2025-11-09 15:09:29,370 - core.orchestrators.feature_selector - INFO - RF features: 114 domain features (no embeddings)
2025-11-09 15:09:29,374 - core.orchestrators.feature_selector - INFO - RF features: 114 domain features (no embeddings)
/Users/mattg0/miniconda3/envs/HorseAIv2/lib/python3.11/site-packages/sklearn/ensemble/_base.py:168: UserWarning: Loky-backed parallel loops cannot be called in a multiprocessing, setting n_jobs=1
  n_jobs = min(effective_n_jobs(n_jobs), n_estimators)
2025-11-09 15:09:50,954 - core.orchestrators.feature_selector - INFO - RF features: 114 domain features (no embeddings)
2025-11-09 15:09:50,955 - core.orchestrators.feature_selector - INFO - Dropped 113 features for rf model
2025-11-09 15:09:50,955 - core.orchestrators.feature_selector - INFO - RF features: 114 domain features (no embeddings)
2025-11-09 15:09:50,958 - core.orchestrators.feature_selector - INFO - RF features: 114 domain features (no embeddings)
2025-11-09 15:09:50,966 - core.orchestrators.feature_selector - INFO - RF features: 114 domain features (no embeddings)
2025-11-09 15:09:50,966 - core.orchestrators.feature_selector - INFO - Dropped 113 features for rf model
2025-11-09 15:09:50,966 - core.orchestrators.feature_selector - INFO - RF features: 114 domain features (no embeddings)
2025-11-09 15:09:50,966 - core.orchestrators.feature_selector - INFO - RF features: 114 domain features (no embeddings)
2025-11-09 15:09:50,967 - core.orchestrators.feature_selector - INFO - Dropped 113 features for rf model
2025-11-09 15:09:50,967 - core.orchestrators.feature_selector - INFO - RF features: 114 domain features (no embeddings)
2025-11-09 15:09:50,969 - core.orchestrators.feature_selector - INFO - RF features: 114 domain features (no embeddings)
2025-11-09 15:09:50,970 - core.orchestrators.feature_selector - INFO - RF features: 114 domain features (no embeddings)
/Users/mattg0/miniconda3/envs/HorseAIv2/lib/python3.11/site-packages/sklearn/ensemble/_base.py:168: UserWarning: Loky-backed parallel loops cannot be called in a multiprocessing, setting n_jobs=1
  n_jobs = min(effective_n_jobs(n_jobs), n_estimators)
/Users/mattg0/miniconda3/envs/HorseAIv2/lib/python3.11/site-packages/sklearn/ensemble/_base.py:168: UserWarning: Loky-backed parallel loops cannot be called in a multiprocessing, setting n_jobs=1
  n_jobs = min(effective_n_jobs(n_jobs), n_estimators)
/Users/mattg0/miniconda3/envs/HorseAIv2/lib/python3.11/site-packages/sklearn/ensemble/_base.py:168: UserWarning: Loky-backed parallel loops cannot be called in a multiprocessing, setting n_jobs=1
  n_jobs = min(effective_n_jobs(n_jobs), n_estimators)
2025-11-09 15:10:08,389 - core.orchestrators.feature_selector - INFO - RF features: 114 domain features (no embeddings)
2025-11-09 15:10:08,389 - core.orchestrators.feature_selector - INFO - Dropped 113 features for rf model
2025-11-09 15:10:08,389 - core.orchestrators.feature_selector - INFO - RF features: 114 domain features (no embeddings)
2025-11-09 15:10:08,391 - core.orchestrators.feature_selector - INFO - RF features: 114 domain features (no embeddings)
2025-11-09 15:10:08,391 - core.orchestrators.feature_selector - INFO - Dropped 113 features for rf model
2025-11-09 15:10:08,391 - core.orchestrators.feature_selector - INFO - RF features: 114 domain features (no embeddings)
2025-11-09 15:10:08,392 - core.orchestrators.feature_selector - INFO - RF features: 114 domain features (no embeddings)
2025-11-09 15:10:08,393 - core.orchestrators.feature_selector - INFO - RF features: 114 domain features (no embeddings)
2025-11-09 15:10:08,395 - core.orchestrators.feature_selector - INFO - RF features: 114 domain features (no embeddings)
2025-11-09 15:10:08,396 - core.orchestrators.feature_selector - INFO - Dropped 113 features for rf model
2025-11-09 15:10:08,396 - core.orchestrators.feature_selector - INFO - RF features: 114 domain features (no embeddings)
2025-11-09 15:10:08,399 - core.orchestrators.feature_selector - INFO - RF features: 114 domain features (no embeddings)
/Users/mattg0/miniconda3/envs/HorseAIv2/lib/python3.11/site-packages/sklearn/ensemble/_base.py:168: UserWarning: Loky-backed parallel loops cannot be called in a multiprocessing, setting n_jobs=1
  n_jobs = min(effective_n_jobs(n_jobs), n_estimators)
/Users/mattg0/miniconda3/envs/HorseAIv2/lib/python3.11/site-packages/sklearn/ensemble/_base.py:168: UserWarning: Loky-backed parallel loops cannot be called in a multiprocessing, setting n_jobs=1
  n_jobs = min(effective_n_jobs(n_jobs), n_estimators)
/Users/mattg0/miniconda3/envs/HorseAIv2/lib/python3.11/site-packages/sklearn/ensemble/_base.py:168: UserWarning: Loky-backed parallel loops cannot be called in a multiprocessing, setting n_jobs=1
  n_jobs = min(effective_n_jobs(n_jobs), n_estimators)
2025-11-09 15:10:24,033 - core.orchestrators.feature_selector - INFO - RF features: 114 domain features (no embeddings)
2025-11-09 15:10:24,034 - core.orchestrators.feature_selector - INFO - Dropped 113 features for rf model
2025-11-09 15:10:24,034 - core.orchestrators.feature_selector - INFO - RF features: 114 domain features (no embeddings)
2025-11-09 15:10:24,037 - core.orchestrators.feature_selector - INFO - RF features: 114 domain features (no embeddings)
2025-11-09 15:10:24,041 - core.orchestrators.feature_selector - INFO - RF features: 114 domain features (no embeddings)
2025-11-09 15:10:24,042 - core.orchestrators.feature_selector - INFO - Dropped 113 features for rf model
2025-11-09 15:10:24,042 - core.orchestrators.feature_selector - INFO - RF features: 114 domain features (no embeddings)
2025-11-09 15:10:24,045 - core.orchestrators.feature_selector - INFO - RF features: 114 domain features (no embeddings)
/Users/mattg0/miniconda3/envs/HorseAIv2/lib/python3.11/site-packages/sklearn/ensemble/_base.py:168: UserWarning: Loky-backed parallel loops cannot be called in a multiprocessing, setting n_jobs=1
  n_jobs = min(effective_n_jobs(n_jobs), n_estimators)
2025-11-09 15:10:24,056 - core.orchestrators.feature_selector - INFO - RF features: 114 domain features (no embeddings)
2025-11-09 15:10:24,056 - core.orchestrators.feature_selector - INFO - Dropped 113 features for rf model
2025-11-09 15:10:24,056 - core.orchestrators.feature_selector - INFO - RF features: 114 domain features (no embeddings)
2025-11-09 15:10:24,060 - core.orchestrators.feature_selector - INFO - RF features: 114 domain features (no embeddings)
/Users/mattg0/miniconda3/envs/HorseAIv2/lib/python3.11/site-packages/sklearn/ensemble/_base.py:168: UserWarning: Loky-backed parallel loops cannot be called in a multiprocessing, setting n_jobs=1
  n_jobs = min(effective_n_jobs(n_jobs), n_estimators)
/Users/mattg0/miniconda3/envs/HorseAIv2/lib/python3.11/site-packages/sklearn/ensemble/_base.py:168: UserWarning: Loky-backed parallel loops cannot be called in a multiprocessing, setting n_jobs=1
  n_jobs = min(effective_n_jobs(n_jobs), n_estimators)
2025-11-09 15:10:46,999 - core.orchestrators.feature_selector - INFO - RF features: 114 domain features (no embeddings)
2025-11-09 15:10:47,001 - core.orchestrators.feature_selector - INFO - Dropped 113 features for rf model
2025-11-09 15:10:47,001 - core.orchestrators.feature_selector - INFO - RF features: 114 domain features (no embeddings)
2025-11-09 15:10:47,004 - core.orchestrators.feature_selector - INFO - RF features: 114 domain features (no embeddings)
2025-11-09 15:10:47,004 - core.orchestrators.feature_selector - INFO - RF features: 114 domain features (no embeddings)
2025-11-09 15:10:47,004 - core.orchestrators.feature_selector - INFO - Dropped 113 features for rf model
2025-11-09 15:10:47,004 - core.orchestrators.feature_selector - INFO - RF features: 114 domain features (no embeddings)
2025-11-09 15:10:47,008 - core.orchestrators.feature_selector - INFO - RF features: 114 domain features (no embeddings)
2025-11-09 15:10:47,008 - core.orchestrators.feature_selector - INFO - RF features: 114 domain features (no embeddings)
2025-11-09 15:10:47,008 - core.orchestrators.feature_selector - INFO - Dropped 113 features for rf model
2025-11-09 15:10:47,008 - core.orchestrators.feature_selector - INFO - RF features: 114 domain features (no embeddings)
2025-11-09 15:10:47,012 - core.orchestrators.feature_selector - INFO - RF features: 114 domain features (no embeddings)
/Users/mattg0/miniconda3/envs/HorseAIv2/lib/python3.11/site-packages/sklearn/ensemble/_base.py:168: UserWarning: Loky-backed parallel loops cannot be called in a multiprocessing, setting n_jobs=1
  n_jobs = min(effective_n_jobs(n_jobs), n_estimators)
/Users/mattg0/miniconda3/envs/HorseAIv2/lib/python3.11/site-packages/sklearn/ensemble/_base.py:168: UserWarning: Loky-backed parallel loops cannot be called in a multiprocessing, setting n_jobs=1
  n_jobs = min(effective_n_jobs(n_jobs), n_estimators)
/Users/mattg0/miniconda3/envs/HorseAIv2/lib/python3.11/site-packages/sklearn/ensemble/_base.py:168: UserWarning: Loky-backed parallel loops cannot be called in a multiprocessing, setting n_jobs=1
  n_jobs = min(effective_n_jobs(n_jobs), n_estimators)
2025-11-09 15:11:05,186 - core.orchestrators.feature_selector - INFO - RF features: 114 domain features (no embeddings)
2025-11-09 15:11:05,187 - core.orchestrators.feature_selector - INFO - Dropped 113 features for rf model
2025-11-09 15:11:05,187 - core.orchestrators.feature_selector - INFO - RF features: 114 domain features (no embeddings)
2025-11-09 15:11:05,187 - core.orchestrators.feature_selector - INFO - RF features: 114 domain features (no embeddings)
2025-11-09 15:11:05,187 - core.orchestrators.feature_selector - INFO - Dropped 113 features for rf model
2025-11-09 15:11:05,187 - core.orchestrators.feature_selector - INFO - RF features: 114 domain features (no embeddings)
2025-11-09 15:11:05,190 - core.orchestrators.feature_selector - INFO - RF features: 114 domain features (no embeddings)
2025-11-09 15:11:05,190 - core.orchestrators.feature_selector - INFO - RF features: 114 domain features (no embeddings)
2025-11-09 15:11:05,200 - core.orchestrators.feature_selector - INFO - RF features: 114 domain features (no embeddings)
2025-11-09 15:11:05,200 - core.orchestrators.feature_selector - INFO - Dropped 113 features for rf model
2025-11-09 15:11:05,200 - core.orchestrators.feature_selector - INFO - RF features: 114 domain features (no embeddings)
2025-11-09 15:11:05,204 - core.orchestrators.feature_selector - INFO - RF features: 114 domain features (no embeddings)
/Users/mattg0/miniconda3/envs/HorseAIv2/lib/python3.11/site-packages/sklearn/ensemble/_base.py:168: UserWarning: Loky-backed parallel loops cannot be called in a multiprocessing, setting n_jobs=1
  n_jobs = min(effective_n_jobs(n_jobs), n_estimators)
/Users/mattg0/miniconda3/envs/HorseAIv2/lib/python3.11/site-packages/sklearn/ensemble/_base.py:168: UserWarning: Loky-backed parallel loops cannot be called in a multiprocessing, setting n_jobs=1
  n_jobs = min(effective_n_jobs(n_jobs), n_estimators)
/Users/mattg0/miniconda3/envs/HorseAIv2/lib/python3.11/site-packages/sklearn/ensemble/_base.py:168: UserWarning: Loky-backed parallel loops cannot be called in a multiprocessing, setting n_jobs=1
  n_jobs = min(effective_n_jobs(n_jobs), n_estimators)
2025-11-09 15:11:19,211 - core.orchestrators.feature_selector - INFO - RF features: 114 domain features (no embeddings)
2025-11-09 15:11:19,212 - core.orchestrators.feature_selector - INFO - Dropped 113 features for rf model
2025-11-09 15:11:19,212 - core.orchestrators.feature_selector - INFO - RF features: 114 domain features (no embeddings)
2025-11-09 15:11:19,214 - core.orchestrators.feature_selector - INFO - RF features: 114 domain features (no embeddings)
2025-11-09 15:11:19,221 - core.orchestrators.feature_selector - INFO - RF features: 114 domain features (no embeddings)
2025-11-09 15:11:19,221 - core.orchestrators.feature_selector - INFO - Dropped 113 features for rf model
2025-11-09 15:11:19,221 - core.orchestrators.feature_selector - INFO - RF features: 114 domain features (no embeddings)
2025-11-09 15:11:19,223 - core.orchestrators.feature_selector - INFO - RF features: 114 domain features (no embeddings)
2025-11-09 15:11:19,223 - core.orchestrators.feature_selector - INFO - Dropped 113 features for rf model
2025-11-09 15:11:19,223 - core.orchestrators.feature_selector - INFO - RF features: 114 domain features (no embeddings)
2025-11-09 15:11:19,224 - core.orchestrators.feature_selector - INFO - RF features: 114 domain features (no embeddings)
2025-11-09 15:11:19,226 - core.orchestrators.feature_selector - INFO - RF features: 114 domain features (no embeddings)
/Users/mattg0/miniconda3/envs/HorseAIv2/lib/python3.11/site-packages/sklearn/ensemble/_base.py:168: UserWarning: Loky-backed parallel loops cannot be called in a multiprocessing, setting n_jobs=1
  n_jobs = min(effective_n_jobs(n_jobs), n_estimators)
/Users/mattg0/miniconda3/envs/HorseAIv2/lib/python3.11/site-packages/sklearn/ensemble/_base.py:168: UserWarning: Loky-backed parallel loops cannot be called in a multiprocessing, setting n_jobs=1
  n_jobs = min(effective_n_jobs(n_jobs), n_estimators)
/Users/mattg0/miniconda3/envs/HorseAIv2/lib/python3.11/site-packages/sklearn/ensemble/_base.py:168: UserWarning: Loky-backed parallel loops cannot be called in a multiprocessing, setting n_jobs=1
  n_jobs = min(effective_n_jobs(n_jobs), n_estimators)
2025-11-09 15:11:36,462 - core.orchestrators.feature_selector - INFO - RF features: 114 domain features (no embeddings)
2025-11-09 15:11:36,463 - core.orchestrators.feature_selector - INFO - Dropped 113 features for rf model
2025-11-09 15:11:36,463 - core.orchestrators.feature_selector - INFO - RF features: 114 domain features (no embeddings)
2025-11-09 15:11:36,464 - core.orchestrators.feature_selector - INFO - RF features: 114 domain features (no embeddings)
2025-11-09 15:11:36,464 - core.orchestrators.feature_selector - INFO - Dropped 113 features for rf model
2025-11-09 15:11:36,464 - core.orchestrators.feature_selector - INFO - RF features: 114 domain features (no embeddings)
2025-11-09 15:11:36,464 - core.orchestrators.feature_selector - INFO - RF features: 114 domain features (no embeddings)
2025-11-09 15:11:36,465 - core.orchestrators.feature_selector - INFO - Dropped 113 features for rf model
2025-11-09 15:11:36,465 - core.orchestrators.feature_selector - INFO - RF features: 114 domain features (no embeddings)
2025-11-09 15:11:36,466 - core.orchestrators.feature_selector - INFO - RF features: 114 domain features (no embeddings)
2025-11-09 15:11:36,467 - core.orchestrators.feature_selector - INFO - RF features: 114 domain features (no embeddings)
2025-11-09 15:11:36,468 - core.orchestrators.feature_selector - INFO - RF features: 114 domain features (no embeddings)
/Users/mattg0/miniconda3/envs/HorseAIv2/lib/python3.11/site-packages/sklearn/ensemble/_base.py:168: UserWarning: Loky-backed parallel loops cannot be called in a multiprocessing, setting n_jobs=1
  n_jobs = min(effective_n_jobs(n_jobs), n_estimators)
/Users/mattg0/miniconda3/envs/HorseAIv2/lib/python3.11/site-packages/sklearn/ensemble/_base.py:168: UserWarning: Loky-backed parallel loops cannot be called in a multiprocessing, setting n_jobs=1
  n_jobs = min(effective_n_jobs(n_jobs), n_estimators)
/Users/mattg0/miniconda3/envs/HorseAIv2/lib/python3.11/site-packages/sklearn/ensemble/_base.py:168: UserWarning: Loky-backed parallel loops cannot be called in a multiprocessing, setting n_jobs=1
  n_jobs = min(effective_n_jobs(n_jobs), n_estimators)
2025-11-09 15:11:59,185 - core.orchestrators.feature_selector - INFO - RF features: 114 domain features (no embeddings)
2025-11-09 15:11:59,186 - core.orchestrators.feature_selector - INFO - Dropped 113 features for rf model
2025-11-09 15:11:59,186 - core.orchestrators.feature_selector - INFO - RF features: 114 domain features (no embeddings)
2025-11-09 15:11:59,186 - core.orchestrators.feature_selector - INFO - RF features: 114 domain features (no embeddings)
2025-11-09 15:11:59,186 - core.orchestrators.feature_selector - INFO - Dropped 113 features for rf model
2025-11-09 15:11:59,186 - core.orchestrators.feature_selector - INFO - RF features: 114 domain features (no embeddings)
2025-11-09 15:11:59,189 - core.orchestrators.feature_selector - INFO - RF features: 114 domain features (no embeddings)
2025-11-09 15:11:59,189 - core.orchestrators.feature_selector - INFO - Dropped 113 features for rf model
2025-11-09 15:11:59,189 - core.orchestrators.feature_selector - INFO - RF features: 114 domain features (no embeddings)
2025-11-09 15:11:59,189 - core.orchestrators.feature_selector - INFO - RF features: 114 domain features (no embeddings)
2025-11-09 15:11:59,190 - core.orchestrators.feature_selector - INFO - RF features: 114 domain features (no embeddings)
2025-11-09 15:11:59,193 - core.orchestrators.feature_selector - INFO - RF features: 114 domain features (no embeddings)
/Users/mattg0/miniconda3/envs/HorseAIv2/lib/python3.11/site-packages/sklearn/ensemble/_base.py:168: UserWarning: Loky-backed parallel loops cannot be called in a multiprocessing, setting n_jobs=1
  n_jobs = min(effective_n_jobs(n_jobs), n_estimators)
/Users/mattg0/miniconda3/envs/HorseAIv2/lib/python3.11/site-packages/sklearn/ensemble/_base.py:168: UserWarning: Loky-backed parallel loops cannot be called in a multiprocessing, setting n_jobs=1
  n_jobs = min(effective_n_jobs(n_jobs), n_estimators)
/Users/mattg0/miniconda3/envs/HorseAIv2/lib/python3.11/site-packages/sklearn/ensemble/_base.py:168: UserWarning: Loky-backed parallel loops cannot be called in a multiprocessing, setting n_jobs=1
  n_jobs = min(effective_n_jobs(n_jobs), n_estimators)
2025-11-09 15:12:20,898 - core.orchestrators.feature_selector - INFO - RF features: 114 domain features (no embeddings)
2025-11-09 15:12:20,899 - core.orchestrators.feature_selector - INFO - Dropped 113 features for rf model
2025-11-09 15:12:20,899 - core.orchestrators.feature_selector - INFO - RF features: 114 domain features (no embeddings)
2025-11-09 15:12:20,899 - core.orchestrators.feature_selector - INFO - RF features: 114 domain features (no embeddings)
2025-11-09 15:12:20,899 - core.orchestrators.feature_selector - INFO - Dropped 113 features for rf model
2025-11-09 15:12:20,899 - core.orchestrators.feature_selector - INFO - RF features: 114 domain features (no embeddings)
2025-11-09 15:12:20,902 - core.orchestrators.feature_selector - INFO - RF features: 114 domain features (no embeddings)
2025-11-09 15:12:20,902 - core.orchestrators.feature_selector - INFO - RF features: 114 domain features (no embeddings)
2025-11-09 15:12:20,908 - core.orchestrators.feature_selector - INFO - RF features: 114 domain features (no embeddings)
2025-11-09 15:12:20,908 - core.orchestrators.feature_selector - INFO - Dropped 113 features for rf model
2025-11-09 15:12:20,908 - core.orchestrators.feature_selector - INFO - RF features: 114 domain features (no embeddings)
2025-11-09 15:12:20,911 - core.orchestrators.feature_selector - INFO - RF features: 114 domain features (no embeddings)
/Users/mattg0/miniconda3/envs/HorseAIv2/lib/python3.11/site-packages/sklearn/ensemble/_base.py:168: UserWarning: Loky-backed parallel loops cannot be called in a multiprocessing, setting n_jobs=1
  n_jobs = min(effective_n_jobs(n_jobs), n_estimators)
/Users/mattg0/miniconda3/envs/HorseAIv2/lib/python3.11/site-packages/sklearn/ensemble/_base.py:168: UserWarning: Loky-backed parallel loops cannot be called in a multiprocessing, setting n_jobs=1
  n_jobs = min(effective_n_jobs(n_jobs), n_estimators)
/Users/mattg0/miniconda3/envs/HorseAIv2/lib/python3.11/site-packages/sklearn/ensemble/_base.py:168: UserWarning: Loky-backed parallel loops cannot be called in a multiprocessing, setting n_jobs=1
  n_jobs = min(effective_n_jobs(n_jobs), n_estimators)
2025-11-09 15:12:42,870 - core.orchestrators.feature_selector - INFO - RF features: 114 domain features (no embeddings)
2025-11-09 15:12:42,872 - core.orchestrators.feature_selector - INFO - Dropped 113 features for rf model
2025-11-09 15:12:42,872 - core.orchestrators.feature_selector - INFO - RF features: 114 domain features (no embeddings)
2025-11-09 15:12:42,874 - core.orchestrators.feature_selector - INFO - RF features: 114 domain features (no embeddings)
2025-11-09 15:12:42,875 - core.orchestrators.feature_selector - INFO - RF features: 114 domain features (no embeddings)
2025-11-09 15:12:42,876 - core.orchestrators.feature_selector - INFO - Dropped 113 features for rf model
2025-11-09 15:12:42,876 - core.orchestrators.feature_selector - INFO - RF features: 114 domain features (no embeddings)
2025-11-09 15:12:42,877 - core.orchestrators.feature_selector - INFO - RF features: 114 domain features (no embeddings)
2025-11-09 15:12:42,878 - core.orchestrators.feature_selector - INFO - Dropped 113 features for rf model
2025-11-09 15:12:42,878 - core.orchestrators.feature_selector - INFO - RF features: 114 domain features (no embeddings)
2025-11-09 15:12:42,879 - core.orchestrators.feature_selector - INFO - RF features: 114 domain features (no embeddings)
2025-11-09 15:12:42,881 - core.orchestrators.feature_selector - INFO - RF features: 114 domain features (no embeddings)
/Users/mattg0/miniconda3/envs/HorseAIv2/lib/python3.11/site-packages/sklearn/ensemble/_base.py:168: UserWarning: Loky-backed parallel loops cannot be called in a multiprocessing, setting n_jobs=1
  n_jobs = min(effective_n_jobs(n_jobs), n_estimators)
/Users/mattg0/miniconda3/envs/HorseAIv2/lib/python3.11/site-packages/sklearn/ensemble/_base.py:168: UserWarning: Loky-backed parallel loops cannot be called in a multiprocessing, setting n_jobs=1
  n_jobs = min(effective_n_jobs(n_jobs), n_estimators)
/Users/mattg0/miniconda3/envs/HorseAIv2/lib/python3.11/site-packages/sklearn/ensemble/_base.py:168: UserWarning: Loky-backed parallel loops cannot be called in a multiprocessing, setting n_jobs=1
  n_jobs = min(effective_n_jobs(n_jobs), n_estimators)
2025-11-09 15:13:00,419 - core.orchestrators.feature_selector - INFO - RF features: 114 domain features (no embeddings)
2025-11-09 15:13:00,420 - core.orchestrators.feature_selector - INFO - Dropped 113 features for rf model
2025-11-09 15:13:00,420 - core.orchestrators.feature_selector - INFO - RF features: 114 domain features (no embeddings)
2025-11-09 15:13:00,422 - core.orchestrators.feature_selector - INFO - RF features: 114 domain features (no embeddings)
/Users/mattg0/miniconda3/envs/HorseAIv2/lib/python3.11/site-packages/sklearn/ensemble/_base.py:168: UserWarning: Loky-backed parallel loops cannot be called in a multiprocessing, setting n_jobs=1
  n_jobs = min(effective_n_jobs(n_jobs), n_estimators)
2025-11-09 15:13:13,842 - core.orchestrators.feature_selector - INFO - RF features: 114 domain features (no embeddings)
2025-11-09 15:13:13,843 - core.orchestrators.feature_selector - INFO - Dropped 113 features for rf model
2025-11-09 15:13:13,843 - core.orchestrators.feature_selector - INFO - RF features: 114 domain features (no embeddings)
2025-11-09 15:13:13,845 - core.orchestrators.feature_selector - INFO - RF features: 114 domain features (no embeddings)
/Users/mattg0/miniconda3/envs/HorseAIv2/lib/python3.11/site-packages/sklearn/ensemble/_base.py:168: UserWarning: Loky-backed parallel loops cannot be called in a multiprocessing, setting n_jobs=1
  n_jobs = min(effective_n_jobs(n_jobs), n_estimators)
2025-11-09 15:13:26,768 - core.orchestrators.feature_selector - INFO - RF features: 114 domain features (no embeddings)
2025-11-09 15:13:26,768 - core.orchestrators.feature_selector - INFO - Dropped 113 features for rf model
2025-11-09 15:13:26,768 - core.orchestrators.feature_selector - INFO - RF features: 114 domain features (no embeddings)
2025-11-09 15:13:26,771 - core.orchestrators.feature_selector - INFO - RF features: 114 domain features (no embeddings)
/Users/mattg0/miniconda3/envs/HorseAIv2/lib/python3.11/site-packages/sklearn/ensemble/_base.py:168: UserWarning: Loky-backed parallel loops cannot be called in a multiprocessing, setting n_jobs=1
  n_jobs = min(effective_n_jobs(n_jobs), n_estimators)
2025-11-09 15:13:40,291 - core.orchestrators.feature_selector - INFO - RF features: 114 domain features (no embeddings)
2025-11-09 15:13:40,291 - core.orchestrators.feature_selector - INFO - Dropped 113 features for rf model
2025-11-09 15:13:40,291 - core.orchestrators.feature_selector - INFO - RF features: 114 domain features (no embeddings)
2025-11-09 15:13:40,294 - core.orchestrators.feature_selector - INFO - RF features: 114 domain features (no embeddings)
/Users/mattg0/miniconda3/envs/HorseAIv2/lib/python3.11/site-packages/sklearn/ensemble/_base.py:168: UserWarning: Loky-backed parallel loops cannot be called in a multiprocessing, setting n_jobs=1
  n_jobs = min(effective_n_jobs(n_jobs), n_estimators)
2025-11-09 15:13:53,856 - core.orchestrators.feature_selector - INFO - RF features: 114 domain features (no embeddings)
2025-11-09 15:13:53,857 - core.orchestrators.feature_selector - INFO - Dropped 113 features for rf model
2025-11-09 15:13:53,857 - core.orchestrators.feature_selector - INFO - RF features: 114 domain features (no embeddings)
2025-11-09 15:13:53,859 - core.orchestrators.feature_selector - INFO - RF features: 114 domain features (no embeddings)
/Users/mattg0/miniconda3/envs/HorseAIv2/lib/python3.11/site-packages/sklearn/ensemble/_base.py:168: UserWarning: Loky-backed parallel loops cannot be called in a multiprocessing, setting n_jobs=1
  n_jobs = min(effective_n_jobs(n_jobs), n_estimators)
[45%] Processing chunk 2/3 (Mem: 426MB)...
/Users/mattg0/miniconda3/envs/HorseAIv2/lib/python3.11/site-packages/pytorch_tabnet/abstract_model.py:82: UserWarning: Device used : cpu
  warnings.warn(f"Device used : {self.device}")
/Users/mattg0/miniconda3/envs/HorseAIv2/lib/python3.11/site-packages/pytorch_tabnet/abstract_model.py:82: UserWarning: Device used : cpu
  warnings.warn(f"Device used : {self.device}")
/Users/mattg0/miniconda3/envs/HorseAIv2/lib/python3.11/site-packages/pytorch_tabnet/abstract_model.py:82: UserWarning: Device used : cpu
  warnings.warn(f"Device used : {self.device}")
2025-11-09 15:14:18,542 - core.orchestrators.feature_selector - INFO - RF features: 114 domain features (no embeddings)
2025-11-09 15:14:18,543 - core.orchestrators.feature_selector - INFO - Dropped 113 features for rf model
2025-11-09 15:14:18,543 - core.orchestrators.feature_selector - INFO - RF features: 114 domain features (no embeddings)
2025-11-09 15:14:18,543 - core.orchestrators.feature_selector - INFO - RF features: 114 domain features (no embeddings)
2025-11-09 15:14:18,543 - core.orchestrators.feature_selector - INFO - Dropped 113 features for rf model
2025-11-09 15:14:18,543 - core.orchestrators.feature_selector - INFO - RF features: 114 domain features (no embeddings)
2025-11-09 15:14:18,543 - core.orchestrators.feature_selector - INFO - RF features: 114 domain features (no embeddings)
2025-11-09 15:14:18,544 - core.orchestrators.feature_selector - INFO - Dropped 113 features for rf model
2025-11-09 15:14:18,544 - core.orchestrators.feature_selector - INFO - RF features: 114 domain features (no embeddings)
2025-11-09 15:14:18,545 - core.orchestrators.feature_selector - INFO - RF features: 114 domain features (no embeddings)
2025-11-09 15:14:18,545 - core.orchestrators.feature_selector - INFO - RF features: 114 domain features (no embeddings)
2025-11-09 15:14:18,546 - core.orchestrators.feature_selector - INFO - RF features: 114 domain features (no embeddings)
/Users/mattg0/miniconda3/envs/HorseAIv2/lib/python3.11/site-packages/sklearn/ensemble/_base.py:168: UserWarning: Loky-backed parallel loops cannot be called in a multiprocessing, setting n_jobs=1
  n_jobs = min(effective_n_jobs(n_jobs), n_estimators)
/Users/mattg0/miniconda3/envs/HorseAIv2/lib/python3.11/site-packages/sklearn/ensemble/_base.py:168: UserWarning: Loky-backed parallel loops cannot be called in a multiprocessing, setting n_jobs=1
  n_jobs = min(effective_n_jobs(n_jobs), n_estimators)
/Users/mattg0/miniconda3/envs/HorseAIv2/lib/python3.11/site-packages/sklearn/ensemble/_base.py:168: UserWarning: Loky-backed parallel loops cannot be called in a multiprocessing, setting n_jobs=1
  n_jobs = min(effective_n_jobs(n_jobs), n_estimators)
2025-11-09 15:14:40,250 - core.orchestrators.feature_selector - INFO - RF features: 114 domain features (no embeddings)
2025-11-09 15:14:40,251 - core.orchestrators.feature_selector - INFO - Dropped 113 features for rf model
2025-11-09 15:14:40,251 - core.orchestrators.feature_selector - INFO - RF features: 114 domain features (no embeddings)
2025-11-09 15:14:40,251 - core.orchestrators.feature_selector - INFO - RF features: 114 domain features (no embeddings)
2025-11-09 15:14:40,252 - core.orchestrators.feature_selector - INFO - Dropped 113 features for rf model
2025-11-09 15:14:40,252 - core.orchestrators.feature_selector - INFO - RF features: 114 domain features (no embeddings)
2025-11-09 15:14:40,252 - core.orchestrators.feature_selector - INFO - RF features: 114 domain features (no embeddings)
2025-11-09 15:14:40,252 - core.orchestrators.feature_selector - INFO - Dropped 113 features for rf model
2025-11-09 15:14:40,252 - core.orchestrators.feature_selector - INFO - RF features: 114 domain features (no embeddings)
2025-11-09 15:14:40,252 - core.orchestrators.feature_selector - INFO - RF features: 114 domain features (no embeddings)
2025-11-09 15:14:40,254 - core.orchestrators.feature_selector - INFO - RF features: 114 domain features (no embeddings)
2025-11-09 15:14:40,254 - core.orchestrators.feature_selector - INFO - RF features: 114 domain features (no embeddings)
/Users/mattg0/miniconda3/envs/HorseAIv2/lib/python3.11/site-packages/sklearn/ensemble/_base.py:168: UserWarning: Loky-backed parallel loops cannot be called in a multiprocessing, setting n_jobs=1
  n_jobs = min(effective_n_jobs(n_jobs), n_estimators)
/Users/mattg0/miniconda3/envs/HorseAIv2/lib/python3.11/site-packages/sklearn/ensemble/_base.py:168: UserWarning: Loky-backed parallel loops cannot be called in a multiprocessing, setting n_jobs=1
  n_jobs = min(effective_n_jobs(n_jobs), n_estimators)
/Users/mattg0/miniconda3/envs/HorseAIv2/lib/python3.11/site-packages/sklearn/ensemble/_base.py:168: UserWarning: Loky-backed parallel loops cannot be called in a multiprocessing, setting n_jobs=1
  n_jobs = min(effective_n_jobs(n_jobs), n_estimators)
2025-11-09 15:14:54,141 - core.orchestrators.feature_selector - INFO - RF features: 114 domain features (no embeddings)
2025-11-09 15:14:54,141 - core.orchestrators.feature_selector - INFO - Dropped 113 features for rf model
2025-11-09 15:14:54,141 - core.orchestrators.feature_selector - INFO - RF features: 114 domain features (no embeddings)
2025-11-09 15:14:54,143 - core.orchestrators.feature_selector - INFO - RF features: 114 domain features (no embeddings)
2025-11-09 15:14:54,148 - core.orchestrators.feature_selector - INFO - RF features: 114 domain features (no embeddings)
2025-11-09 15:14:54,149 - core.orchestrators.feature_selector - INFO - Dropped 113 features for rf model
2025-11-09 15:14:54,149 - core.orchestrators.feature_selector - INFO - RF features: 114 domain features (no embeddings)
2025-11-09 15:14:54,151 - core.orchestrators.feature_selector - INFO - RF features: 114 domain features (no embeddings)
2025-11-09 15:14:54,153 - core.orchestrators.feature_selector - INFO - RF features: 114 domain features (no embeddings)
2025-11-09 15:14:54,153 - core.orchestrators.feature_selector - INFO - Dropped 113 features for rf model
2025-11-09 15:14:54,153 - core.orchestrators.feature_selector - INFO - RF features: 114 domain features (no embeddings)
2025-11-09 15:14:54,155 - core.orchestrators.feature_selector - INFO - RF features: 114 domain features (no embeddings)
/Users/mattg0/miniconda3/envs/HorseAIv2/lib/python3.11/site-packages/sklearn/ensemble/_base.py:168: UserWarning: Loky-backed parallel loops cannot be called in a multiprocessing, setting n_jobs=1
  n_jobs = min(effective_n_jobs(n_jobs), n_estimators)
/Users/mattg0/miniconda3/envs/HorseAIv2/lib/python3.11/site-packages/sklearn/ensemble/_base.py:168: UserWarning: Loky-backed parallel loops cannot be called in a multiprocessing, setting n_jobs=1
  n_jobs = min(effective_n_jobs(n_jobs), n_estimators)
/Users/mattg0/miniconda3/envs/HorseAIv2/lib/python3.11/site-packages/sklearn/ensemble/_base.py:168: UserWarning: Loky-backed parallel loops cannot be called in a multiprocessing, setting n_jobs=1
  n_jobs = min(effective_n_jobs(n_jobs), n_estimators)
2025-11-09 15:15:07,637 - core.orchestrators.feature_selector - INFO - RF features: 114 domain features (no embeddings)
2025-11-09 15:15:07,637 - core.orchestrators.feature_selector - INFO - Dropped 113 features for rf model
2025-11-09 15:15:07,637 - core.orchestrators.feature_selector - INFO - RF features: 114 domain features (no embeddings)
2025-11-09 15:15:07,640 - core.orchestrators.feature_selector - INFO - RF features: 114 domain features (no embeddings)
2025-11-09 15:15:07,644 - core.orchestrators.feature_selector - INFO - RF features: 114 domain features (no embeddings)
2025-11-09 15:15:07,645 - core.orchestrators.feature_selector - INFO - Dropped 113 features for rf model
2025-11-09 15:15:07,645 - core.orchestrators.feature_selector - INFO - RF features: 114 domain features (no embeddings)
2025-11-09 15:15:07,647 - core.orchestrators.feature_selector - INFO - RF features: 114 domain features (no embeddings)
2025-11-09 15:15:07,651 - core.orchestrators.feature_selector - INFO - RF features: 114 domain features (no embeddings)
2025-11-09 15:15:07,651 - core.orchestrators.feature_selector - INFO - Dropped 113 features for rf model
2025-11-09 15:15:07,651 - core.orchestrators.feature_selector - INFO - RF features: 114 domain features (no embeddings)
2025-11-09 15:15:07,654 - core.orchestrators.feature_selector - INFO - RF features: 114 domain features (no embeddings)
/Users/mattg0/miniconda3/envs/HorseAIv2/lib/python3.11/site-packages/sklearn/ensemble/_base.py:168: UserWarning: Loky-backed parallel loops cannot be called in a multiprocessing, setting n_jobs=1
  n_jobs = min(effective_n_jobs(n_jobs), n_estimators)
/Users/mattg0/miniconda3/envs/HorseAIv2/lib/python3.11/site-packages/sklearn/ensemble/_base.py:168: UserWarning: Loky-backed parallel loops cannot be called in a multiprocessing, setting n_jobs=1
  n_jobs = min(effective_n_jobs(n_jobs), n_estimators)
/Users/mattg0/miniconda3/envs/HorseAIv2/lib/python3.11/site-packages/sklearn/ensemble/_base.py:168: UserWarning: Loky-backed parallel loops cannot be called in a multiprocessing, setting n_jobs=1
  n_jobs = min(effective_n_jobs(n_jobs), n_estimators)
2025-11-09 15:15:21,377 - core.orchestrators.feature_selector - INFO - RF features: 114 domain features (no embeddings)
2025-11-09 15:15:21,377 - core.orchestrators.feature_selector - INFO - Dropped 109 features for rf model
2025-11-09 15:15:21,377 - core.orchestrators.feature_selector - INFO - RF features: 114 domain features (no embeddings)
2025-11-09 15:15:21,379 - core.orchestrators.feature_selector - INFO - RF features: 114 domain features (no embeddings)
2025-11-09 15:15:21,379 - core.orchestrators.feature_selector - INFO - RF features: 114 domain features (no embeddings)
2025-11-09 15:15:21,380 - core.orchestrators.feature_selector - INFO - Dropped 113 features for rf model
2025-11-09 15:15:21,380 - core.orchestrators.feature_selector - INFO - RF features: 114 domain features (no embeddings)
2025-11-09 15:15:21,382 - core.orchestrators.feature_selector - INFO - RF features: 114 domain features (no embeddings)
2025-11-09 15:15:21,386 - core.orchestrators.feature_selector - INFO - RF features: 114 domain features (no embeddings)
2025-11-09 15:15:21,386 - core.orchestrators.feature_selector - INFO - Dropped 113 features for rf model
2025-11-09 15:15:21,386 - core.orchestrators.feature_selector - INFO - RF features: 114 domain features (no embeddings)
2025-11-09 15:15:21,388 - core.orchestrators.feature_selector - INFO - RF features: 114 domain features (no embeddings)
/Users/mattg0/miniconda3/envs/HorseAIv2/lib/python3.11/site-packages/sklearn/ensemble/_base.py:168: UserWarning: Loky-backed parallel loops cannot be called in a multiprocessing, setting n_jobs=1
  n_jobs = min(effective_n_jobs(n_jobs), n_estimators)
/Users/mattg0/miniconda3/envs/HorseAIv2/lib/python3.11/site-packages/sklearn/ensemble/_base.py:168: UserWarning: Loky-backed parallel loops cannot be called in a multiprocessing, setting n_jobs=1
  n_jobs = min(effective_n_jobs(n_jobs), n_estimators)
/Users/mattg0/miniconda3/envs/HorseAIv2/lib/python3.11/site-packages/sklearn/ensemble/_base.py:168: UserWarning: Loky-backed parallel loops cannot be called in a multiprocessing, setting n_jobs=1
  n_jobs = min(effective_n_jobs(n_jobs), n_estimators)
2025-11-09 15:15:42,614 - core.orchestrators.feature_selector - INFO - RF features: 114 domain features (no embeddings)
2025-11-09 15:15:42,615 - core.orchestrators.feature_selector - INFO - Dropped 113 features for rf model
2025-11-09 15:15:42,615 - core.orchestrators.feature_selector - INFO - RF features: 114 domain features (no embeddings)
2025-11-09 15:15:42,617 - core.orchestrators.feature_selector - INFO - RF features: 114 domain features (no embeddings)
2025-11-09 15:15:42,619 - core.orchestrators.feature_selector - INFO - RF features: 114 domain features (no embeddings)
2025-11-09 15:15:42,620 - core.orchestrators.feature_selector - INFO - Dropped 109 features for rf model
2025-11-09 15:15:42,620 - core.orchestrators.feature_selector - INFO - RF features: 114 domain features (no embeddings)
2025-11-09 15:15:42,622 - core.orchestrators.feature_selector - INFO - RF features: 114 domain features (no embeddings)
2025-11-09 15:15:42,632 - core.orchestrators.feature_selector - INFO - RF features: 114 domain features (no embeddings)
2025-11-09 15:15:42,633 - core.orchestrators.feature_selector - INFO - Dropped 113 features for rf model
2025-11-09 15:15:42,633 - core.orchestrators.feature_selector - INFO - RF features: 114 domain features (no embeddings)
/Users/mattg0/miniconda3/envs/HorseAIv2/lib/python3.11/site-packages/sklearn/ensemble/_base.py:168: UserWarning: Loky-backed parallel loops cannot be called in a multiprocessing, setting n_jobs=1
  n_jobs = min(effective_n_jobs(n_jobs), n_estimators)
2025-11-09 15:15:42,636 - core.orchestrators.feature_selector - INFO - RF features: 114 domain features (no embeddings)
/Users/mattg0/miniconda3/envs/HorseAIv2/lib/python3.11/site-packages/sklearn/ensemble/_base.py:168: UserWarning: Loky-backed parallel loops cannot be called in a multiprocessing, setting n_jobs=1
  n_jobs = min(effective_n_jobs(n_jobs), n_estimators)
/Users/mattg0/miniconda3/envs/HorseAIv2/lib/python3.11/site-packages/sklearn/ensemble/_base.py:168: UserWarning: Loky-backed parallel loops cannot be called in a multiprocessing, setting n_jobs=1
  n_jobs = min(effective_n_jobs(n_jobs), n_estimators)
2025-11-09 15:16:05,397 - core.orchestrators.feature_selector - INFO - RF features: 114 domain features (no embeddings)
2025-11-09 15:16:05,398 - core.orchestrators.feature_selector - INFO - Dropped 109 features for rf model
2025-11-09 15:16:05,398 - core.orchestrators.feature_selector - INFO - RF features: 114 domain features (no embeddings)
2025-11-09 15:16:05,398 - core.orchestrators.feature_selector - INFO - RF features: 114 domain features (no embeddings)
2025-11-09 15:16:05,399 - core.orchestrators.feature_selector - INFO - Dropped 113 features for rf model
2025-11-09 15:16:05,399 - core.orchestrators.feature_selector - INFO - RF features: 114 domain features (no embeddings)
2025-11-09 15:16:05,401 - core.orchestrators.feature_selector - INFO - RF features: 114 domain features (no embeddings)
2025-11-09 15:16:05,401 - core.orchestrators.feature_selector - INFO - RF features: 114 domain features (no embeddings)
2025-11-09 15:16:05,402 - core.orchestrators.feature_selector - INFO - RF features: 114 domain features (no embeddings)
2025-11-09 15:16:05,402 - core.orchestrators.feature_selector - INFO - Dropped 113 features for rf model
2025-11-09 15:16:05,402 - core.orchestrators.feature_selector - INFO - RF features: 114 domain features (no embeddings)
2025-11-09 15:16:05,405 - core.orchestrators.feature_selector - INFO - RF features: 114 domain features (no embeddings)
/Users/mattg0/miniconda3/envs/HorseAIv2/lib/python3.11/site-packages/sklearn/ensemble/_base.py:168: UserWarning: Loky-backed parallel loops cannot be called in a multiprocessing, setting n_jobs=1
  n_jobs = min(effective_n_jobs(n_jobs), n_estimators)
/Users/mattg0/miniconda3/envs/HorseAIv2/lib/python3.11/site-packages/sklearn/ensemble/_base.py:168: UserWarning: Loky-backed parallel loops cannot be called in a multiprocessing, setting n_jobs=1
  n_jobs = min(effective_n_jobs(n_jobs), n_estimators)
/Users/mattg0/miniconda3/envs/HorseAIv2/lib/python3.11/site-packages/sklearn/ensemble/_base.py:168: UserWarning: Loky-backed parallel loops cannot be called in a multiprocessing, setting n_jobs=1
  n_jobs = min(effective_n_jobs(n_jobs), n_estimators)
2025-11-09 15:16:28,086 - core.orchestrators.feature_selector - INFO - RF features: 114 domain features (no embeddings)
2025-11-09 15:16:28,087 - core.orchestrators.feature_selector - INFO - Dropped 113 features for rf model
2025-11-09 15:16:28,087 - core.orchestrators.feature_selector - INFO - RF features: 114 domain features (no embeddings)
2025-11-09 15:16:28,089 - core.orchestrators.feature_selector - INFO - RF features: 114 domain features (no embeddings)
2025-11-09 15:16:28,089 - core.orchestrators.feature_selector - INFO - RF features: 114 domain features (no embeddings)
2025-11-09 15:16:28,089 - core.orchestrators.feature_selector - INFO - Dropped 113 features for rf model
2025-11-09 15:16:28,089 - core.orchestrators.feature_selector - INFO - RF features: 114 domain features (no embeddings)
2025-11-09 15:16:28,090 - core.orchestrators.feature_selector - INFO - RF features: 114 domain features (no embeddings)
2025-11-09 15:16:28,090 - core.orchestrators.feature_selector - INFO - Dropped 113 features for rf model
2025-11-09 15:16:28,090 - core.orchestrators.feature_selector - INFO - RF features: 114 domain features (no embeddings)
2025-11-09 15:16:28,091 - core.orchestrators.feature_selector - INFO - RF features: 114 domain features (no embeddings)
2025-11-09 15:16:28,092 - core.orchestrators.feature_selector - INFO - RF features: 114 domain features (no embeddings)
/Users/mattg0/miniconda3/envs/HorseAIv2/lib/python3.11/site-packages/sklearn/ensemble/_base.py:168: UserWarning: Loky-backed parallel loops cannot be called in a multiprocessing, setting n_jobs=1
  n_jobs = min(effective_n_jobs(n_jobs), n_estimators)
/Users/mattg0/miniconda3/envs/HorseAIv2/lib/python3.11/site-packages/sklearn/ensemble/_base.py:168: UserWarning: Loky-backed parallel loops cannot be called in a multiprocessing, setting n_jobs=1
  n_jobs = min(effective_n_jobs(n_jobs), n_estimators)
/Users/mattg0/miniconda3/envs/HorseAIv2/lib/python3.11/site-packages/sklearn/ensemble/_base.py:168: UserWarning: Loky-backed parallel loops cannot be called in a multiprocessing, setting n_jobs=1
  n_jobs = min(effective_n_jobs(n_jobs), n_estimators)
2025-11-09 15:16:43,683 - core.orchestrators.feature_selector - INFO - RF features: 114 domain features (no embeddings)
2025-11-09 15:16:43,683 - core.orchestrators.feature_selector - INFO - RF features: 114 domain features (no embeddings)
2025-11-09 15:16:43,683 - core.orchestrators.feature_selector - INFO - Dropped 113 features for rf model
2025-11-09 15:16:43,684 - core.orchestrators.feature_selector - INFO - RF features: 114 domain features (no embeddings)
2025-11-09 15:16:43,683 - core.orchestrators.feature_selector - INFO - RF features: 114 domain features (no embeddings)
2025-11-09 15:16:43,684 - core.orchestrators.feature_selector - INFO - Dropped 109 features for rf model
2025-11-09 15:16:43,684 - core.orchestrators.feature_selector - INFO - RF features: 114 domain features (no embeddings)
2025-11-09 15:16:43,684 - core.orchestrators.feature_selector - INFO - Dropped 109 features for rf model
2025-11-09 15:16:43,684 - core.orchestrators.feature_selector - INFO - RF features: 114 domain features (no embeddings)
2025-11-09 15:16:43,686 - core.orchestrators.feature_selector - INFO - RF features: 114 domain features (no embeddings)
2025-11-09 15:16:43,686 - core.orchestrators.feature_selector - INFO - RF features: 114 domain features (no embeddings)
2025-11-09 15:16:43,686 - core.orchestrators.feature_selector - INFO - RF features: 114 domain features (no embeddings)
/Users/mattg0/miniconda3/envs/HorseAIv2/lib/python3.11/site-packages/sklearn/ensemble/_base.py:168: UserWarning: Loky-backed parallel loops cannot be called in a multiprocessing, setting n_jobs=1
  n_jobs = min(effective_n_jobs(n_jobs), n_estimators)
/Users/mattg0/miniconda3/envs/HorseAIv2/lib/python3.11/site-packages/sklearn/ensemble/_base.py:168: UserWarning: Loky-backed parallel loops cannot be called in a multiprocessing, setting n_jobs=1
  n_jobs = min(effective_n_jobs(n_jobs), n_estimators)
/Users/mattg0/miniconda3/envs/HorseAIv2/lib/python3.11/site-packages/sklearn/ensemble/_base.py:168: UserWarning: Loky-backed parallel loops cannot be called in a multiprocessing, setting n_jobs=1
  n_jobs = min(effective_n_jobs(n_jobs), n_estimators)
2025-11-09 15:16:57,897 - core.orchestrators.feature_selector - INFO - RF features: 114 domain features (no embeddings)
2025-11-09 15:16:57,897 - core.orchestrators.feature_selector - INFO - RF features: 114 domain features (no embeddings)
2025-11-09 15:16:57,900 - core.orchestrators.feature_selector - INFO - Dropped 113 features for rf model
2025-11-09 15:16:57,900 - core.orchestrators.feature_selector - INFO - RF features: 114 domain features (no embeddings)
2025-11-09 15:16:57,900 - core.orchestrators.feature_selector - INFO - Dropped 113 features for rf model
2025-11-09 15:16:57,900 - core.orchestrators.feature_selector - INFO - RF features: 114 domain features (no embeddings)
2025-11-09 15:16:57,901 - core.orchestrators.feature_selector - INFO - RF features: 114 domain features (no embeddings)
2025-11-09 15:16:57,901 - core.orchestrators.feature_selector - INFO - Dropped 113 features for rf model
2025-11-09 15:16:57,901 - core.orchestrators.feature_selector - INFO - RF features: 114 domain features (no embeddings)
2025-11-09 15:16:57,902 - core.orchestrators.feature_selector - INFO - RF features: 114 domain features (no embeddings)
2025-11-09 15:16:57,902 - core.orchestrators.feature_selector - INFO - RF features: 114 domain features (no embeddings)
2025-11-09 15:16:57,904 - core.orchestrators.feature_selector - INFO - RF features: 114 domain features (no embeddings)
/Users/mattg0/miniconda3/envs/HorseAIv2/lib/python3.11/site-packages/sklearn/ensemble/_base.py:168: UserWarning: Loky-backed parallel loops cannot be called in a multiprocessing, setting n_jobs=1
  n_jobs = min(effective_n_jobs(n_jobs), n_estimators)
/Users/mattg0/miniconda3/envs/HorseAIv2/lib/python3.11/site-packages/sklearn/ensemble/_base.py:168: UserWarning: Loky-backed parallel loops cannot be called in a multiprocessing, setting n_jobs=1
  n_jobs = min(effective_n_jobs(n_jobs), n_estimators)
/Users/mattg0/miniconda3/envs/HorseAIv2/lib/python3.11/site-packages/sklearn/ensemble/_base.py:168: UserWarning: Loky-backed parallel loops cannot be called in a multiprocessing, setting n_jobs=1
  n_jobs = min(effective_n_jobs(n_jobs), n_estimators)
2025-11-09 15:17:12,064 - core.orchestrators.feature_selector - INFO - RF features: 113 domain features (no embeddings)
2025-11-09 15:17:12,064 - core.orchestrators.feature_selector - INFO - Dropped 104 features for rf model
2025-11-09 15:17:12,064 - core.orchestrators.feature_selector - INFO - RF features: 113 domain features (no embeddings)
2025-11-09 15:17:12,065 - core.orchestrators.feature_selector - INFO - RF features: 114 domain features (no embeddings)
2025-11-09 15:17:12,065 - core.orchestrators.feature_selector - INFO - Dropped 113 features for rf model
2025-11-09 15:17:12,065 - core.orchestrators.feature_selector - INFO - RF features: 114 domain features (no embeddings)
2025-11-09 15:17:12,066 - core.orchestrators.feature_selector - INFO - RF features: 113 domain features (no embeddings)
2025-11-09 15:17:12,068 - core.orchestrators.feature_selector - INFO - RF features: 114 domain features (no embeddings)
2025-11-09 15:17:12,080 - core.orchestrators.feature_selector - INFO - RF features: 114 domain features (no embeddings)
2025-11-09 15:17:12,080 - core.orchestrators.feature_selector - INFO - Dropped 113 features for rf model
2025-11-09 15:17:12,080 - core.orchestrators.feature_selector - INFO - RF features: 114 domain features (no embeddings)
/Users/mattg0/miniconda3/envs/HorseAIv2/lib/python3.11/site-packages/sklearn/ensemble/_base.py:168: UserWarning: Loky-backed parallel loops cannot be called in a multiprocessing, setting n_jobs=1
  n_jobs = min(effective_n_jobs(n_jobs), n_estimators)
/Users/mattg0/miniconda3/envs/HorseAIv2/lib/python3.11/site-packages/sklearn/ensemble/_base.py:168: UserWarning: Loky-backed parallel loops cannot be called in a multiprocessing, setting n_jobs=1
  n_jobs = min(effective_n_jobs(n_jobs), n_estimators)
2025-11-09 15:17:12,084 - core.orchestrators.feature_selector - INFO - RF features: 114 domain features (no embeddings)
/Users/mattg0/miniconda3/envs/HorseAIv2/lib/python3.11/site-packages/sklearn/ensemble/_base.py:168: UserWarning: Loky-backed parallel loops cannot be called in a multiprocessing, setting n_jobs=1
  n_jobs = min(effective_n_jobs(n_jobs), n_estimators)
2025-11-09 15:17:28,479 - core.orchestrators.feature_selector - INFO - RF features: 114 domain features (no embeddings)
2025-11-09 15:17:28,480 - core.orchestrators.feature_selector - INFO - Dropped 113 features for rf model
2025-11-09 15:17:28,480 - core.orchestrators.feature_selector - INFO - RF features: 114 domain features (no embeddings)
2025-11-09 15:17:28,481 - core.orchestrators.feature_selector - INFO - RF features: 114 domain features (no embeddings)
2025-11-09 15:17:28,482 - core.orchestrators.feature_selector - INFO - Dropped 113 features for rf model
2025-11-09 15:17:28,482 - core.orchestrators.feature_selector - INFO - RF features: 114 domain features (no embeddings)
2025-11-09 15:17:28,484 - core.orchestrators.feature_selector - INFO - RF features: 114 domain features (no embeddings)
2025-11-09 15:17:28,485 - core.orchestrators.feature_selector - INFO - RF features: 114 domain features (no embeddings)
2025-11-09 15:17:28,486 - core.orchestrators.feature_selector - INFO - Dropped 113 features for rf model
2025-11-09 15:17:28,486 - core.orchestrators.feature_selector - INFO - RF features: 114 domain features (no embeddings)
2025-11-09 15:17:28,486 - core.orchestrators.feature_selector - INFO - RF features: 114 domain features (no embeddings)
2025-11-09 15:17:28,488 - core.orchestrators.feature_selector - INFO - RF features: 114 domain features (no embeddings)
/Users/mattg0/miniconda3/envs/HorseAIv2/lib/python3.11/site-packages/sklearn/ensemble/_base.py:168: UserWarning: Loky-backed parallel loops cannot be called in a multiprocessing, setting n_jobs=1
  n_jobs = min(effective_n_jobs(n_jobs), n_estimators)
/Users/mattg0/miniconda3/envs/HorseAIv2/lib/python3.11/site-packages/sklearn/ensemble/_base.py:168: UserWarning: Loky-backed parallel loops cannot be called in a multiprocessing, setting n_jobs=1
  n_jobs = min(effective_n_jobs(n_jobs), n_estimators)
/Users/mattg0/miniconda3/envs/HorseAIv2/lib/python3.11/site-packages/sklearn/ensemble/_base.py:168: UserWarning: Loky-backed parallel loops cannot be called in a multiprocessing, setting n_jobs=1
  n_jobs = min(effective_n_jobs(n_jobs), n_estimators)
2025-11-09 15:17:42,691 - core.orchestrators.feature_selector - INFO - RF features: 114 domain features (no embeddings)
2025-11-09 15:17:42,692 - core.orchestrators.feature_selector - INFO - Dropped 113 features for rf model
2025-11-09 15:17:42,692 - core.orchestrators.feature_selector - INFO - RF features: 114 domain features (no embeddings)
2025-11-09 15:17:42,694 - core.orchestrators.feature_selector - INFO - RF features: 114 domain features (no embeddings)
2025-11-09 15:17:42,695 - core.orchestrators.feature_selector - INFO - RF features: 114 domain features (no embeddings)
2025-11-09 15:17:42,696 - core.orchestrators.feature_selector - INFO - Dropped 113 features for rf model
2025-11-09 15:17:42,696 - core.orchestrators.feature_selector - INFO - RF features: 114 domain features (no embeddings)
2025-11-09 15:17:42,698 - core.orchestrators.feature_selector - INFO - RF features: 114 domain features (no embeddings)
2025-11-09 15:17:42,704 - core.orchestrators.feature_selector - INFO - RF features: 114 domain features (no embeddings)
2025-11-09 15:17:42,704 - core.orchestrators.feature_selector - INFO - Dropped 113 features for rf model
2025-11-09 15:17:42,704 - core.orchestrators.feature_selector - INFO - RF features: 114 domain features (no embeddings)
2025-11-09 15:17:42,707 - core.orchestrators.feature_selector - INFO - RF features: 114 domain features (no embeddings)
/Users/mattg0/miniconda3/envs/HorseAIv2/lib/python3.11/site-packages/sklearn/ensemble/_base.py:168: UserWarning: Loky-backed parallel loops cannot be called in a multiprocessing, setting n_jobs=1
  n_jobs = min(effective_n_jobs(n_jobs), n_estimators)
/Users/mattg0/miniconda3/envs/HorseAIv2/lib/python3.11/site-packages/sklearn/ensemble/_base.py:168: UserWarning: Loky-backed parallel loops cannot be called in a multiprocessing, setting n_jobs=1
  n_jobs = min(effective_n_jobs(n_jobs), n_estimators)
/Users/mattg0/miniconda3/envs/HorseAIv2/lib/python3.11/site-packages/sklearn/ensemble/_base.py:168: UserWarning: Loky-backed parallel loops cannot be called in a multiprocessing, setting n_jobs=1
  n_jobs = min(effective_n_jobs(n_jobs), n_estimators)
2025-11-09 15:17:56,131 - core.orchestrators.feature_selector - INFO - RF features: 114 domain features (no embeddings)
2025-11-09 15:17:56,131 - core.orchestrators.feature_selector - INFO - Dropped 113 features for rf model
2025-11-09 15:17:56,131 - core.orchestrators.feature_selector - INFO - RF features: 114 domain features (no embeddings)
2025-11-09 15:17:56,134 - core.orchestrators.feature_selector - INFO - RF features: 114 domain features (no embeddings)
2025-11-09 15:17:56,134 - core.orchestrators.feature_selector - INFO - Dropped 113 features for rf model
2025-11-09 15:17:56,134 - core.orchestrators.feature_selector - INFO - RF features: 114 domain features (no embeddings)
2025-11-09 15:17:56,134 - core.orchestrators.feature_selector - INFO - RF features: 114 domain features (no embeddings)
2025-11-09 15:17:56,134 - core.orchestrators.feature_selector - INFO - RF features: 113 domain features (no embeddings)
2025-11-09 15:17:56,135 - core.orchestrators.feature_selector - INFO - Dropped 104 features for rf model
2025-11-09 15:17:56,135 - core.orchestrators.feature_selector - INFO - RF features: 113 domain features (no embeddings)
2025-11-09 15:17:56,137 - core.orchestrators.feature_selector - INFO - RF features: 114 domain features (no embeddings)
2025-11-09 15:17:56,137 - core.orchestrators.feature_selector - INFO - RF features: 113 domain features (no embeddings)
/Users/mattg0/miniconda3/envs/HorseAIv2/lib/python3.11/site-packages/sklearn/ensemble/_base.py:168: UserWarning: Loky-backed parallel loops cannot be called in a multiprocessing, setting n_jobs=1
  n_jobs = min(effective_n_jobs(n_jobs), n_estimators)
/Users/mattg0/miniconda3/envs/HorseAIv2/lib/python3.11/site-packages/sklearn/ensemble/_base.py:168: UserWarning: Loky-backed parallel loops cannot be called in a multiprocessing, setting n_jobs=1
  n_jobs = min(effective_n_jobs(n_jobs), n_estimators)
/Users/mattg0/miniconda3/envs/HorseAIv2/lib/python3.11/site-packages/sklearn/ensemble/_base.py:168: UserWarning: Loky-backed parallel loops cannot be called in a multiprocessing, setting n_jobs=1
  n_jobs = min(effective_n_jobs(n_jobs), n_estimators)
2025-11-09 15:18:09,937 - core.orchestrators.feature_selector - INFO - RF features: 114 domain features (no embeddings)
2025-11-09 15:18:09,937 - core.orchestrators.feature_selector - INFO - Dropped 113 features for rf model
2025-11-09 15:18:09,937 - core.orchestrators.feature_selector - INFO - RF features: 114 domain features (no embeddings)
2025-11-09 15:18:09,938 - core.orchestrators.feature_selector - INFO - RF features: 114 domain features (no embeddings)
2025-11-09 15:18:09,939 - core.orchestrators.feature_selector - INFO - Dropped 113 features for rf model
2025-11-09 15:18:09,939 - core.orchestrators.feature_selector - INFO - RF features: 114 domain features (no embeddings)
2025-11-09 15:18:09,940 - core.orchestrators.feature_selector - INFO - RF features: 114 domain features (no embeddings)
2025-11-09 15:18:09,941 - core.orchestrators.feature_selector - INFO - RF features: 114 domain features (no embeddings)
2025-11-09 15:18:09,944 - core.orchestrators.feature_selector - INFO - RF features: 114 domain features (no embeddings)
2025-11-09 15:18:09,944 - core.orchestrators.feature_selector - INFO - Dropped 113 features for rf model
2025-11-09 15:18:09,945 - core.orchestrators.feature_selector - INFO - RF features: 114 domain features (no embeddings)
2025-11-09 15:18:09,948 - core.orchestrators.feature_selector - INFO - RF features: 114 domain features (no embeddings)
/Users/mattg0/miniconda3/envs/HorseAIv2/lib/python3.11/site-packages/sklearn/ensemble/_base.py:168: UserWarning: Loky-backed parallel loops cannot be called in a multiprocessing, setting n_jobs=1
  n_jobs = min(effective_n_jobs(n_jobs), n_estimators)
/Users/mattg0/miniconda3/envs/HorseAIv2/lib/python3.11/site-packages/sklearn/ensemble/_base.py:168: UserWarning: Loky-backed parallel loops cannot be called in a multiprocessing, setting n_jobs=1
  n_jobs = min(effective_n_jobs(n_jobs), n_estimators)
/Users/mattg0/miniconda3/envs/HorseAIv2/lib/python3.11/site-packages/sklearn/ensemble/_base.py:168: UserWarning: Loky-backed parallel loops cannot be called in a multiprocessing, setting n_jobs=1
  n_jobs = min(effective_n_jobs(n_jobs), n_estimators)
2025-11-09 15:18:28,667 - core.orchestrators.feature_selector - INFO - RF features: 114 domain features (no embeddings)
2025-11-09 15:18:28,668 - core.orchestrators.feature_selector - INFO - Dropped 113 features for rf model
2025-11-09 15:18:28,668 - core.orchestrators.feature_selector - INFO - RF features: 114 domain features (no embeddings)
2025-11-09 15:18:28,671 - core.orchestrators.feature_selector - INFO - RF features: 114 domain features (no embeddings)
/Users/mattg0/miniconda3/envs/HorseAIv2/lib/python3.11/site-packages/sklearn/ensemble/_base.py:168: UserWarning: Loky-backed parallel loops cannot be called in a multiprocessing, setting n_jobs=1
  n_jobs = min(effective_n_jobs(n_jobs), n_estimators)
2025-11-09 15:18:43,978 - core.orchestrators.feature_selector - INFO - RF features: 114 domain features (no embeddings)
2025-11-09 15:18:43,978 - core.orchestrators.feature_selector - INFO - Dropped 113 features for rf model
2025-11-09 15:18:43,978 - core.orchestrators.feature_selector - INFO - RF features: 114 domain features (no embeddings)
2025-11-09 15:18:43,981 - core.orchestrators.feature_selector - INFO - RF features: 114 domain features (no embeddings)
/Users/mattg0/miniconda3/envs/HorseAIv2/lib/python3.11/site-packages/sklearn/ensemble/_base.py:168: UserWarning: Loky-backed parallel loops cannot be called in a multiprocessing, setting n_jobs=1
  n_jobs = min(effective_n_jobs(n_jobs), n_estimators)
2025-11-09 15:18:58,431 - core.orchestrators.feature_selector - INFO - RF features: 114 domain features (no embeddings)
2025-11-09 15:18:58,432 - core.orchestrators.feature_selector - INFO - Dropped 113 features for rf model
2025-11-09 15:18:58,432 - core.orchestrators.feature_selector - INFO - RF features: 114 domain features (no embeddings)
2025-11-09 15:18:58,435 - core.orchestrators.feature_selector - INFO - RF features: 114 domain features (no embeddings)
/Users/mattg0/miniconda3/envs/HorseAIv2/lib/python3.11/site-packages/sklearn/ensemble/_base.py:168: UserWarning: Loky-backed parallel loops cannot be called in a multiprocessing, setting n_jobs=1
  n_jobs = min(effective_n_jobs(n_jobs), n_estimators)
2025-11-09 15:19:13,095 - core.orchestrators.feature_selector - INFO - RF features: 114 domain features (no embeddings)
2025-11-09 15:19:13,096 - core.orchestrators.feature_selector - INFO - Dropped 113 features for rf model
2025-11-09 15:19:13,096 - core.orchestrators.feature_selector - INFO - RF features: 114 domain features (no embeddings)
2025-11-09 15:19:13,099 - core.orchestrators.feature_selector - INFO - RF features: 114 domain features (no embeddings)
/Users/mattg0/miniconda3/envs/HorseAIv2/lib/python3.11/site-packages/sklearn/ensemble/_base.py:168: UserWarning: Loky-backed parallel loops cannot be called in a multiprocessing, setting n_jobs=1
  n_jobs = min(effective_n_jobs(n_jobs), n_estimators)
2025-11-09 15:19:27,838 - core.orchestrators.feature_selector - INFO - RF features: 114 domain features (no embeddings)
2025-11-09 15:19:27,838 - core.orchestrators.feature_selector - INFO - Dropped 113 features for rf model
2025-11-09 15:19:27,838 - core.orchestrators.feature_selector - INFO - RF features: 114 domain features (no embeddings)
2025-11-09 15:19:27,841 - core.orchestrators.feature_selector - INFO - RF features: 114 domain features (no embeddings)
/Users/mattg0/miniconda3/envs/HorseAIv2/lib/python3.11/site-packages/sklearn/ensemble/_base.py:168: UserWarning: Loky-backed parallel loops cannot be called in a multiprocessing, setting n_jobs=1
  n_jobs = min(effective_n_jobs(n_jobs), n_estimators)
âœ“ Loaded 21 selected features from models/2025-11-02/2years_061730/feature_selector.json
  ðŸ”„ Using temporal calculations (no data leakage mode)
  âœ… Preserving existing career stats from database (prediction mode)
ðŸ‡ Field mean earnings per race: 100,000 (from 6 horses)
  ðŸ“Š Processing 6 horses for feature calculation...
Feature cleanup: 253 â†’ 228 (25 removed)
ðŸ‡ Field mean earnings per race: 100,000 (from 6 horses)
  ðŸ“Š Processing 6 horses for feature calculation...
  ðŸ”„ Using temporal calculations (no data leakage mode)
  âœ… Preserving existing career stats from database (prediction mode)
ðŸ‡ Field mean earnings per race: 100,000 (from 4 horses)
  ðŸ“Š Processing 4 horses for feature calculation...
Feature cleanup: 253 â†’ 228 (25 removed)
ðŸ‡ Field mean earnings per race: 100,000 (from 4 horses)
  ðŸ“Š Processing 4 horses for feature calculation...
  ðŸ”„ Using temporal calculations (no data leakage mode)
  âœ… Preserving existing career stats from database (prediction mode)
ðŸ‡ Field mean earnings per race: 100,000 (from 5 horses)
  ðŸ“Š Processing 5 horses for feature calculation...
Feature cleanup: 253 â†’ 228 (25 removed)
ðŸ‡ Field mean earnings per race: 100,000 (from 5 horses)
  ðŸ“Š Processing 5 horses for feature calculation...
  ðŸ”„ Using temporal calculations (no data leakage mode)
  âœ… Preserving existing career stats from database (prediction mode)
ðŸ‡ Field mean earnings per race: 100,000 (from 4 horses)
  ðŸ“Š Processing 4 horses for feature calculation...
Feature cleanup: 253 â†’ 228 (25 removed)
ðŸ‡ Field mean earnings per race: 100,000 (from 4 horses)
  ðŸ“Š Processing 4 horses for feature calculation...
  ðŸ”„ Using temporal calculations (no data leakage mode)
  âœ… Preserving existing career stats from database (prediction mode)
ðŸ‡ Field mean earnings per race: 100,000 (from 7 horses)
  ðŸ“Š Processing 7 horses for feature calculation...
Feature cleanup: 253 â†’ 228 (25 removed)
ðŸ‡ Field mean earnings per race: 100,000 (from 7 horses)
  ðŸ“Š Processing 7 horses for feature calculation...
  ðŸ”„ Using temporal calculations (no data leakage mode)
  âœ… Preserving existing career stats from database (prediction mode)
ðŸ‡ Field mean earnings per race: 100,000 (from 13 horses)
  ðŸ“Š Processing 13 horses for feature calculation...
Feature cleanup: 253 â†’ 228 (25 removed)
ðŸ‡ Field mean earnings per race: 100,000 (from 13 horses)
  ðŸ“Š Processing 13 horses for feature calculation...
  ðŸ”„ Using temporal calculations (no data leakage mode)
  âœ… Preserving existing career stats from database (prediction mode)
ðŸ‡ Field mean earnings per race: 100,000 (from 8 horses)
  ðŸ“Š Processing 8 horses for feature calculation...
Feature cleanup: 253 â†’ 228 (25 removed)
ðŸ‡ Field mean earnings per race: 100,000 (from 8 horses)
  ðŸ“Š Processing 8 horses for feature calculation...
  ðŸ”„ Using temporal calculations (no data leakage mode)
  âœ… Preserving existing career stats from database (prediction mode)
ðŸ‡ Field mean earnings per race: 100,000 (from 8 horses)
  ðŸ“Š Processing 8 horses for feature calculation...
Feature cleanup: 253 â†’ 228 (25 removed)
ðŸ‡ Field mean earnings per race: 100,000 (from 8 horses)
  ðŸ“Š Processing 8 horses for feature calculation...
  ðŸ”„ Using temporal calculations (no data leakage mode)
  âœ… Preserving existing career stats from database (prediction mode)
ðŸ‡ Field mean earnings per race: 100,000 (from 7 horses)
  ðŸ“Š Processing 7 horses for feature calculation...
Feature cleanup: 249 â†’ 224 (25 removed)
ðŸ‡ Field mean earnings per race: 100,000 (from 7 horses)
  ðŸ“Š Processing 7 horses for feature calculation...
  ðŸ”„ Using temporal calculations (no data leakage mode)
  âœ… Preserving existing career stats from database (prediction mode)
ðŸ‡ Field mean earnings per race: 100,000 (from 7 horses)
  ðŸ“Š Processing 7 horses for feature calculation...
Feature cleanup: 253 â†’ 228 (25 removed)
ðŸ‡ Field mean earnings per race: 100,000 (from 7 horses)
  ðŸ“Š Processing 7 horses for feature calculation...
  ðŸ”„ Using temporal calculations (no data leakage mode)
  âœ… Preserving existing career stats from database (prediction mode)
ðŸ‡ Field mean earnings per race: 100,000 (from 13 horses)
  ðŸ“Š Processing 13 horses for feature calculation...
Feature cleanup: 253 â†’ 228 (25 removed)
ðŸ‡ Field mean earnings per race: 100,000 (from 13 horses)
  ðŸ“Š Processing 13 horses for feature calculation...
  ðŸ”„ Using temporal calculations (no data leakage mode)
  âœ… Preserving existing career stats from database (prediction mode)
ðŸ‡ Field mean earnings per race: 100,000 (from 13 horses)
  ðŸ“Š Processing 13 horses for feature calculation...
Feature cleanup: 253 â†’ 228 (25 removed)
ðŸ‡ Field mean earnings per race: 100,000 (from 13 horses)
  ðŸ“Š Processing 13 horses for feature calculation...
  ðŸ”„ Using temporal calculations (no data leakage mode)
  âœ… Preserving existing career stats from database (prediction mode)
ðŸ‡ Field mean earnings per race: 100,000 (from 10 horses)
  ðŸ“Š Processing 10 horses for feature calculation...
Feature cleanup: 253 â†’ 228 (25 removed)
ðŸ‡ Field mean earnings per race: 100,000 (from 10 horses)
  ðŸ“Š Processing 10 horses for feature calculation...
  ðŸ”„ Using temporal calculations (no data leakage mode)
  âœ… Preserving existing career stats from database (prediction mode)
ðŸ‡ Field mean earnings per race: 100,000 (from 10 horses)
  ðŸ“Š Processing 10 horses for feature calculation...
Feature cleanup: 253 â†’ 228 (25 removed)
ðŸ‡ Field mean earnings per race: 100,000 (from 10 horses)
  ðŸ“Š Processing 10 horses for feature calculation...
  ðŸ”„ Using temporal calculations (no data leakage mode)
  âœ… Preserving existing career stats from database (prediction mode)
ðŸ‡ Field mean earnings per race: 100,000 (from 8 horses)
  ðŸ“Š Processing 8 horses for feature calculation...
Feature cleanup: 253 â†’ 228 (25 removed)
ðŸ‡ Field mean earnings per race: 100,000 (from 8 horses)
  ðŸ“Š Processing 8 horses for feature calculation...
  ðŸ”„ Using temporal calculations (no data leakage mode)
  âœ… Preserving existing career stats from database (prediction mode)
ðŸ‡ Field mean earnings per race: 187,596 (from 16 horses)
  ðŸ“Š Processing 16 horses for feature calculation...
Feature cleanup: 253 â†’ 228 (25 removed)
ðŸ‡ Field mean earnings per race: 187,596 (from 16 horses)
  ðŸ“Š Processing 16 horses for feature calculation...
  ðŸ”„ Using temporal calculations (no data leakage mode)
  âœ… Preserving existing career stats from database (prediction mode)
ðŸ‡ Field mean earnings per race: 171,929 (from 10 horses)
  ðŸ“Š Processing 10 horses for feature calculation...
Feature cleanup: 253 â†’ 228 (25 removed)
ðŸ‡ Field mean earnings per race: 171,929 (from 10 horses)
  ðŸ“Š Processing 10 horses for feature calculation...
  ðŸ”„ Using temporal calculations (no data leakage mode)
  âœ… Preserving existing career stats from database (prediction mode)
ðŸ‡ Field mean earnings per race: 108,578 (from 16 horses)
  ðŸ“Š Processing 16 horses for feature calculation...
Feature cleanup: 253 â†’ 228 (25 removed)
ðŸ‡ Field mean earnings per race: 108,578 (from 16 horses)
  ðŸ“Š Processing 16 horses for feature calculation...
  ðŸ”„ Using temporal calculations (no data leakage mode)
  âœ… Preserving existing career stats from database (prediction mode)
ðŸ‡ Field mean earnings per race: 100,000 (from 14 horses)
  ðŸ“Š Processing 14 horses for feature calculation...
Feature cleanup: 253 â†’ 228 (25 removed)
ðŸ‡ Field mean earnings per race: 100,000 (from 14 horses)
  ðŸ“Š Processing 14 horses for feature calculation...
  ðŸ”„ Using temporal calculations (no data leakage mode)
  âœ… Preserving existing career stats from database (prediction mode)
ðŸ‡ Field mean earnings per race: 100,000 (from 12 horses)
  ðŸ“Š Processing 12 horses for feature calculation...
Feature cleanup: 253 â†’ 228 (25 removed)
ðŸ‡ Field mean earnings per race: 100,000 (from 12 horses)
  ðŸ“Š Processing 12 horses for feature calculation...
[70%] Processing chunk 3/3 (Mem: 427MB)...
/Users/mattg0/miniconda3/envs/HorseAIv2/lib/python3.11/site-packages/pytorch_tabnet/abstract_model.py:82: UserWarning: Device used : cpu
  warnings.warn(f"Device used : {self.device}")
/Users/mattg0/miniconda3/envs/HorseAIv2/lib/python3.11/site-packages/pytorch_tabnet/abstract_model.py:82: UserWarning: Device used : cpu
  warnings.warn(f"Device used : {self.device}")
/Users/mattg0/miniconda3/envs/HorseAIv2/lib/python3.11/site-packages/pytorch_tabnet/abstract_model.py:82: UserWarning: Device used : cpu
  warnings.warn(f"Device used : {self.device}")
2025-11-09 15:19:50,210 - core.orchestrators.feature_selector - INFO - RF features: 114 domain features (no embeddings)
2025-11-09 15:19:50,210 - core.orchestrators.feature_selector - INFO - Dropped 113 features for rf model
2025-11-09 15:19:50,210 - core.orchestrators.feature_selector - INFO - RF features: 114 domain features (no embeddings)
2025-11-09 15:19:50,213 - core.orchestrators.feature_selector - INFO - RF features: 114 domain features (no embeddings)
2025-11-09 15:19:50,216 - core.orchestrators.feature_selector - INFO - RF features: 114 domain features (no embeddings)
2025-11-09 15:19:50,216 - core.orchestrators.feature_selector - INFO - Dropped 113 features for rf model
2025-11-09 15:19:50,216 - core.orchestrators.feature_selector - INFO - RF features: 114 domain features (no embeddings)
2025-11-09 15:19:50,216 - core.orchestrators.feature_selector - INFO - RF features: 114 domain features (no embeddings)
2025-11-09 15:19:50,217 - core.orchestrators.feature_selector - INFO - Dropped 113 features for rf model
2025-11-09 15:19:50,217 - core.orchestrators.feature_selector - INFO - RF features: 114 domain features (no embeddings)
2025-11-09 15:19:50,219 - core.orchestrators.feature_selector - INFO - RF features: 114 domain features (no embeddings)
2025-11-09 15:19:50,220 - core.orchestrators.feature_selector - INFO - RF features: 114 domain features (no embeddings)
/Users/mattg0/miniconda3/envs/HorseAIv2/lib/python3.11/site-packages/sklearn/ensemble/_base.py:168: UserWarning: Loky-backed parallel loops cannot be called in a multiprocessing, setting n_jobs=1
  n_jobs = min(effective_n_jobs(n_jobs), n_estimators)
/Users/mattg0/miniconda3/envs/HorseAIv2/lib/python3.11/site-packages/sklearn/ensemble/_base.py:168: UserWarning: Loky-backed parallel loops cannot be called in a multiprocessing, setting n_jobs=1
  n_jobs = min(effective_n_jobs(n_jobs), n_estimators)
/Users/mattg0/miniconda3/envs/HorseAIv2/lib/python3.11/site-packages/sklearn/ensemble/_base.py:168: UserWarning: Loky-backed parallel loops cannot be called in a multiprocessing, setting n_jobs=1
  n_jobs = min(effective_n_jobs(n_jobs), n_estimators)
2025-11-09 15:20:14,102 - core.orchestrators.feature_selector - INFO - RF features: 114 domain features (no embeddings)
2025-11-09 15:20:14,103 - core.orchestrators.feature_selector - INFO - Dropped 113 features for rf model
2025-11-09 15:20:14,103 - core.orchestrators.feature_selector - INFO - RF features: 114 domain features (no embeddings)
2025-11-09 15:20:14,106 - core.orchestrators.feature_selector - INFO - RF features: 114 domain features (no embeddings)
2025-11-09 15:20:14,112 - core.orchestrators.feature_selector - INFO - RF features: 114 domain features (no embeddings)
2025-11-09 15:20:14,113 - core.orchestrators.feature_selector - INFO - Dropped 113 features for rf model
2025-11-09 15:20:14,113 - core.orchestrators.feature_selector - INFO - RF features: 114 domain features (no embeddings)
2025-11-09 15:20:14,118 - core.orchestrators.feature_selector - INFO - RF features: 114 domain features (no embeddings)
/Users/mattg0/miniconda3/envs/HorseAIv2/lib/python3.11/site-packages/sklearn/ensemble/_base.py:168: UserWarning: Loky-backed parallel loops cannot be called in a multiprocessing, setting n_jobs=1
  n_jobs = min(effective_n_jobs(n_jobs), n_estimators)
/Users/mattg0/miniconda3/envs/HorseAIv2/lib/python3.11/site-packages/sklearn/ensemble/_base.py:168: UserWarning: Loky-backed parallel loops cannot be called in a multiprocessing, setting n_jobs=1
  n_jobs = min(effective_n_jobs(n_jobs), n_estimators)
[95%] Storing predictions to database...
[100%] Complete! Processed 105 races in 754.1s

============================================================
âœ… BATCH PREDICTION COMPLETE
============================================================
  Job ID: batch_20251109_150759
  Total races: 105
  Successful: 105
  Failed: 0
  Total time: 754.29s
  Throughput: 0.1 races/second
============================================================
