/Users/mattg0/miniconda3/envs/HorseAIv2/lib/python3.11/site-packages/pytorch_tabnet/abstract_model.py:82: UserWarning: Device used : cpu
  warnings.warn(f"Device used : {self.device}")
🚀 Starting batch prediction job: batch_20251112_222141
   Total races: 32
   Workers: 3
   Chunk size: 50
   Memory limit: 4096.0MB
   Database: 2years

✓ Loaded 25 selected features from models/2025-11-09/2years_231236/feature_selector.json
[5%] Loading races from database...
[15%] Loaded 32 races, starting predictions...
[20%] Processing chunk 1/1 (Mem: 1428MB)...
/Users/mattg0/miniconda3/envs/HorseAIv2/lib/python3.11/site-packages/pytorch_tabnet/abstract_model.py:82: UserWarning: Device used : cpu
  warnings.warn(f"Device used : {self.device}")
/Users/mattg0/miniconda3/envs/HorseAIv2/lib/python3.11/site-packages/pytorch_tabnet/abstract_model.py:82: UserWarning: Device used : cpu
  warnings.warn(f"Device used : {self.device}")
/Users/mattg0/miniconda3/envs/HorseAIv2/lib/python3.11/site-packages/pytorch_tabnet/abstract_model.py:82: UserWarning: Device used : cpu
  warnings.warn(f"Device used : {self.device}")
2025-11-12 22:22:24,925 - core.orchestrators.feature_selector - INFO - RF features: 114 domain features (no embeddings)
2025-11-12 22:22:24,926 - core.orchestrators.feature_selector - INFO - RF features: 114 domain features (no embeddings)
2025-11-12 22:22:24,928 - core.orchestrators.feature_selector - INFO - Dropped 113 features for rf model
2025-11-12 22:22:24,928 - core.orchestrators.feature_selector - INFO - RF features: 114 domain features (no embeddings)
2025-11-12 22:22:24,929 - core.orchestrators.feature_selector - INFO - Dropped 113 features for rf model
2025-11-12 22:22:24,929 - core.orchestrators.feature_selector - INFO - RF features: 114 domain features (no embeddings)
2025-11-12 22:22:24,927 - core.orchestrators.feature_selector - INFO - RF features: 114 domain features (no embeddings)
2025-11-12 22:22:24,930 - core.orchestrators.feature_selector - INFO - Dropped 113 features for rf model
2025-11-12 22:22:24,930 - core.orchestrators.feature_selector - INFO - RF features: 114 domain features (no embeddings)
2025-11-12 22:22:24,934 - core.orchestrators.feature_selector - INFO - RF features: 114 domain features (no embeddings)
2025-11-12 22:22:24,936 - core.orchestrators.feature_selector - INFO - RF features: 114 domain features (no embeddings)
2025-11-12 22:22:24,936 - core.orchestrators.feature_selector - INFO - RF features: 114 domain features (no embeddings)
/Users/mattg0/miniconda3/envs/HorseAIv2/lib/python3.11/site-packages/sklearn/ensemble/_base.py:168: UserWarning: Loky-backed parallel loops cannot be called in a multiprocessing, setting n_jobs=1
  n_jobs = min(effective_n_jobs(n_jobs), n_estimators)
/Users/mattg0/miniconda3/envs/HorseAIv2/lib/python3.11/site-packages/sklearn/ensemble/_base.py:168: UserWarning: Loky-backed parallel loops cannot be called in a multiprocessing, setting n_jobs=1
  n_jobs = min(effective_n_jobs(n_jobs), n_estimators)
/Users/mattg0/miniconda3/envs/HorseAIv2/lib/python3.11/site-packages/sklearn/ensemble/_base.py:168: UserWarning: Loky-backed parallel loops cannot be called in a multiprocessing, setting n_jobs=1
  n_jobs = min(effective_n_jobs(n_jobs), n_estimators)
2025-11-12 22:22:59,860 - core.orchestrators.feature_selector - INFO - RF features: 114 domain features (no embeddings)
2025-11-12 22:22:59,861 - core.orchestrators.feature_selector - INFO - Dropped 113 features for rf model
2025-11-12 22:22:59,861 - core.orchestrators.feature_selector - INFO - RF features: 114 domain features (no embeddings)
2025-11-12 22:22:59,864 - core.orchestrators.feature_selector - INFO - RF features: 114 domain features (no embeddings)
2025-11-12 22:22:59,864 - core.orchestrators.feature_selector - INFO - RF features: 114 domain features (no embeddings)
2025-11-12 22:22:59,864 - core.orchestrators.feature_selector - INFO - Dropped 113 features for rf model
2025-11-12 22:22:59,864 - core.orchestrators.feature_selector - INFO - RF features: 114 domain features (no embeddings)
2025-11-12 22:22:59,868 - core.orchestrators.feature_selector - INFO - RF features: 114 domain features (no embeddings)
2025-11-12 22:22:59,873 - core.orchestrators.feature_selector - INFO - RF features: 114 domain features (no embeddings)
2025-11-12 22:22:59,874 - core.orchestrators.feature_selector - INFO - Dropped 113 features for rf model
2025-11-12 22:22:59,874 - core.orchestrators.feature_selector - INFO - RF features: 114 domain features (no embeddings)
2025-11-12 22:22:59,877 - core.orchestrators.feature_selector - INFO - RF features: 114 domain features (no embeddings)
/Users/mattg0/miniconda3/envs/HorseAIv2/lib/python3.11/site-packages/sklearn/ensemble/_base.py:168: UserWarning: Loky-backed parallel loops cannot be called in a multiprocessing, setting n_jobs=1
  n_jobs = min(effective_n_jobs(n_jobs), n_estimators)
/Users/mattg0/miniconda3/envs/HorseAIv2/lib/python3.11/site-packages/sklearn/ensemble/_base.py:168: UserWarning: Loky-backed parallel loops cannot be called in a multiprocessing, setting n_jobs=1
  n_jobs = min(effective_n_jobs(n_jobs), n_estimators)
/Users/mattg0/miniconda3/envs/HorseAIv2/lib/python3.11/site-packages/sklearn/ensemble/_base.py:168: UserWarning: Loky-backed parallel loops cannot be called in a multiprocessing, setting n_jobs=1
  n_jobs = min(effective_n_jobs(n_jobs), n_estimators)
2025-11-12 22:23:23,359 - core.orchestrators.feature_selector - INFO - RF features: 114 domain features (no embeddings)
2025-11-12 22:23:23,361 - core.orchestrators.feature_selector - INFO - Dropped 113 features for rf model
2025-11-12 22:23:23,361 - core.orchestrators.feature_selector - INFO - RF features: 114 domain features (no embeddings)
2025-11-12 22:23:23,362 - core.orchestrators.feature_selector - INFO - RF features: 114 domain features (no embeddings)
2025-11-12 22:23:23,363 - core.orchestrators.feature_selector - INFO - Dropped 113 features for rf model
2025-11-12 22:23:23,363 - core.orchestrators.feature_selector - INFO - RF features: 114 domain features (no embeddings)
2025-11-12 22:23:23,364 - core.orchestrators.feature_selector - INFO - RF features: 114 domain features (no embeddings)
2025-11-12 22:23:23,366 - core.orchestrators.feature_selector - INFO - RF features: 114 domain features (no embeddings)
2025-11-12 22:23:23,367 - core.orchestrators.feature_selector - INFO - RF features: 114 domain features (no embeddings)
2025-11-12 22:23:23,368 - core.orchestrators.feature_selector - INFO - Dropped 113 features for rf model
2025-11-12 22:23:23,368 - core.orchestrators.feature_selector - INFO - RF features: 114 domain features (no embeddings)
2025-11-12 22:23:23,372 - core.orchestrators.feature_selector - INFO - RF features: 114 domain features (no embeddings)
/Users/mattg0/miniconda3/envs/HorseAIv2/lib/python3.11/site-packages/sklearn/ensemble/_base.py:168: UserWarning: Loky-backed parallel loops cannot be called in a multiprocessing, setting n_jobs=1
  n_jobs = min(effective_n_jobs(n_jobs), n_estimators)
/Users/mattg0/miniconda3/envs/HorseAIv2/lib/python3.11/site-packages/sklearn/ensemble/_base.py:168: UserWarning: Loky-backed parallel loops cannot be called in a multiprocessing, setting n_jobs=1
  n_jobs = min(effective_n_jobs(n_jobs), n_estimators)
/Users/mattg0/miniconda3/envs/HorseAIv2/lib/python3.11/site-packages/sklearn/ensemble/_base.py:168: UserWarning: Loky-backed parallel loops cannot be called in a multiprocessing, setting n_jobs=1
  n_jobs = min(effective_n_jobs(n_jobs), n_estimators)
2025-11-12 22:23:46,500 - core.orchestrators.feature_selector - INFO - RF features: 114 domain features (no embeddings)
2025-11-12 22:23:46,501 - core.orchestrators.feature_selector - INFO - Dropped 113 features for rf model
2025-11-12 22:23:46,501 - core.orchestrators.feature_selector - INFO - RF features: 114 domain features (no embeddings)
2025-11-12 22:23:46,504 - core.orchestrators.feature_selector - INFO - RF features: 114 domain features (no embeddings)
/Users/mattg0/miniconda3/envs/HorseAIv2/lib/python3.11/site-packages/sklearn/ensemble/_base.py:168: UserWarning: Loky-backed parallel loops cannot be called in a multiprocessing, setting n_jobs=1
  n_jobs = min(effective_n_jobs(n_jobs), n_estimators)
2025-11-12 22:23:46,560 - core.orchestrators.feature_selector - INFO - RF features: 114 domain features (no embeddings)
2025-11-12 22:23:46,560 - core.orchestrators.feature_selector - INFO - Dropped 113 features for rf model
2025-11-12 22:23:46,560 - core.orchestrators.feature_selector - INFO - RF features: 114 domain features (no embeddings)
2025-11-12 22:23:46,563 - core.orchestrators.feature_selector - INFO - RF features: 114 domain features (no embeddings)
2025-11-12 22:23:46,570 - core.orchestrators.feature_selector - INFO - RF features: 114 domain features (no embeddings)
2025-11-12 22:23:46,570 - core.orchestrators.feature_selector - INFO - Dropped 113 features for rf model
2025-11-12 22:23:46,570 - core.orchestrators.feature_selector - INFO - RF features: 114 domain features (no embeddings)
2025-11-12 22:23:46,573 - core.orchestrators.feature_selector - INFO - RF features: 114 domain features (no embeddings)
/Users/mattg0/miniconda3/envs/HorseAIv2/lib/python3.11/site-packages/sklearn/ensemble/_base.py:168: UserWarning: Loky-backed parallel loops cannot be called in a multiprocessing, setting n_jobs=1
  n_jobs = min(effective_n_jobs(n_jobs), n_estimators)
/Users/mattg0/miniconda3/envs/HorseAIv2/lib/python3.11/site-packages/sklearn/ensemble/_base.py:168: UserWarning: Loky-backed parallel loops cannot be called in a multiprocessing, setting n_jobs=1
  n_jobs = min(effective_n_jobs(n_jobs), n_estimators)
2025-11-12 22:24:11,363 - core.orchestrators.feature_selector - INFO - RF features: 114 domain features (no embeddings)
2025-11-12 22:24:11,364 - core.orchestrators.feature_selector - INFO - Dropped 113 features for rf model
2025-11-12 22:24:11,364 - core.orchestrators.feature_selector - INFO - RF features: 114 domain features (no embeddings)
2025-11-12 22:24:11,366 - core.orchestrators.feature_selector - INFO - RF features: 114 domain features (no embeddings)
2025-11-12 22:24:11,367 - core.orchestrators.feature_selector - INFO - RF features: 114 domain features (no embeddings)
2025-11-12 22:24:11,368 - core.orchestrators.feature_selector - INFO - Dropped 113 features for rf model
2025-11-12 22:24:11,368 - core.orchestrators.feature_selector - INFO - RF features: 114 domain features (no embeddings)
2025-11-12 22:24:11,371 - core.orchestrators.feature_selector - INFO - RF features: 114 domain features (no embeddings)
2025-11-12 22:24:11,375 - core.orchestrators.feature_selector - INFO - RF features: 114 domain features (no embeddings)
2025-11-12 22:24:11,375 - core.orchestrators.feature_selector - INFO - Dropped 113 features for rf model
2025-11-12 22:24:11,375 - core.orchestrators.feature_selector - INFO - RF features: 114 domain features (no embeddings)
/Users/mattg0/miniconda3/envs/HorseAIv2/lib/python3.11/site-packages/sklearn/ensemble/_base.py:168: UserWarning: Loky-backed parallel loops cannot be called in a multiprocessing, setting n_jobs=1
  n_jobs = min(effective_n_jobs(n_jobs), n_estimators)
2025-11-12 22:24:11,378 - core.orchestrators.feature_selector - INFO - RF features: 114 domain features (no embeddings)
/Users/mattg0/miniconda3/envs/HorseAIv2/lib/python3.11/site-packages/sklearn/ensemble/_base.py:168: UserWarning: Loky-backed parallel loops cannot be called in a multiprocessing, setting n_jobs=1
  n_jobs = min(effective_n_jobs(n_jobs), n_estimators)
/Users/mattg0/miniconda3/envs/HorseAIv2/lib/python3.11/site-packages/sklearn/ensemble/_base.py:168: UserWarning: Loky-backed parallel loops cannot be called in a multiprocessing, setting n_jobs=1
  n_jobs = min(effective_n_jobs(n_jobs), n_estimators)
2025-11-12 22:24:34,876 - core.orchestrators.feature_selector - INFO - RF features: 114 domain features (no embeddings)
2025-11-12 22:24:34,877 - core.orchestrators.feature_selector - INFO - Dropped 113 features for rf model
2025-11-12 22:24:34,877 - core.orchestrators.feature_selector - INFO - RF features: 114 domain features (no embeddings)
2025-11-12 22:24:34,879 - core.orchestrators.feature_selector - INFO - RF features: 114 domain features (no embeddings)
2025-11-12 22:24:34,879 - core.orchestrators.feature_selector - INFO - RF features: 114 domain features (no embeddings)
2025-11-12 22:24:34,879 - core.orchestrators.feature_selector - INFO - Dropped 113 features for rf model
2025-11-12 22:24:34,879 - core.orchestrators.feature_selector - INFO - RF features: 114 domain features (no embeddings)
2025-11-12 22:24:34,880 - core.orchestrators.feature_selector - INFO - RF features: 114 domain features (no embeddings)
2025-11-12 22:24:34,880 - core.orchestrators.feature_selector - INFO - Dropped 113 features for rf model
2025-11-12 22:24:34,880 - core.orchestrators.feature_selector - INFO - RF features: 114 domain features (no embeddings)
2025-11-12 22:24:34,883 - core.orchestrators.feature_selector - INFO - RF features: 114 domain features (no embeddings)
2025-11-12 22:24:34,883 - core.orchestrators.feature_selector - INFO - RF features: 114 domain features (no embeddings)
/Users/mattg0/miniconda3/envs/HorseAIv2/lib/python3.11/site-packages/sklearn/ensemble/_base.py:168: UserWarning: Loky-backed parallel loops cannot be called in a multiprocessing, setting n_jobs=1
  n_jobs = min(effective_n_jobs(n_jobs), n_estimators)
/Users/mattg0/miniconda3/envs/HorseAIv2/lib/python3.11/site-packages/sklearn/ensemble/_base.py:168: UserWarning: Loky-backed parallel loops cannot be called in a multiprocessing, setting n_jobs=1
  n_jobs = min(effective_n_jobs(n_jobs), n_estimators)
/Users/mattg0/miniconda3/envs/HorseAIv2/lib/python3.11/site-packages/sklearn/ensemble/_base.py:168: UserWarning: Loky-backed parallel loops cannot be called in a multiprocessing, setting n_jobs=1
  n_jobs = min(effective_n_jobs(n_jobs), n_estimators)
2025-11-12 22:24:59,969 - core.orchestrators.feature_selector - INFO - RF features: 114 domain features (no embeddings)
2025-11-12 22:24:59,970 - core.orchestrators.feature_selector - INFO - Dropped 113 features for rf model
2025-11-12 22:24:59,970 - core.orchestrators.feature_selector - INFO - RF features: 114 domain features (no embeddings)
2025-11-12 22:24:59,973 - core.orchestrators.feature_selector - INFO - RF features: 114 domain features (no embeddings)
2025-11-12 22:24:59,973 - core.orchestrators.feature_selector - INFO - Dropped 113 features for rf model
2025-11-12 22:24:59,973 - core.orchestrators.feature_selector - INFO - RF features: 114 domain features (no embeddings)
2025-11-12 22:24:59,974 - core.orchestrators.feature_selector - INFO - RF features: 114 domain features (no embeddings)
2025-11-12 22:24:59,975 - core.orchestrators.feature_selector - INFO - RF features: 114 domain features (no embeddings)
2025-11-12 22:24:59,983 - core.orchestrators.feature_selector - INFO - RF features: 114 domain features (no embeddings)
2025-11-12 22:24:59,983 - core.orchestrators.feature_selector - INFO - Dropped 113 features for rf model
2025-11-12 22:24:59,983 - core.orchestrators.feature_selector - INFO - RF features: 114 domain features (no embeddings)
/Users/mattg0/miniconda3/envs/HorseAIv2/lib/python3.11/site-packages/sklearn/ensemble/_base.py:168: UserWarning: Loky-backed parallel loops cannot be called in a multiprocessing, setting n_jobs=1
  n_jobs = min(effective_n_jobs(n_jobs), n_estimators)
2025-11-12 22:24:59,986 - core.orchestrators.feature_selector - INFO - RF features: 114 domain features (no embeddings)
/Users/mattg0/miniconda3/envs/HorseAIv2/lib/python3.11/site-packages/sklearn/ensemble/_base.py:168: UserWarning: Loky-backed parallel loops cannot be called in a multiprocessing, setting n_jobs=1
  n_jobs = min(effective_n_jobs(n_jobs), n_estimators)
/Users/mattg0/miniconda3/envs/HorseAIv2/lib/python3.11/site-packages/sklearn/ensemble/_base.py:168: UserWarning: Loky-backed parallel loops cannot be called in a multiprocessing, setting n_jobs=1
  n_jobs = min(effective_n_jobs(n_jobs), n_estimators)
2025-11-12 22:25:29,695 - core.orchestrators.feature_selector - INFO - RF features: 114 domain features (no embeddings)
2025-11-12 22:25:29,696 - core.orchestrators.feature_selector - INFO - Dropped 113 features for rf model
2025-11-12 22:25:29,696 - core.orchestrators.feature_selector - INFO - RF features: 114 domain features (no embeddings)
2025-11-12 22:25:29,698 - core.orchestrators.feature_selector - INFO - RF features: 114 domain features (no embeddings)
2025-11-12 22:25:29,703 - core.orchestrators.feature_selector - INFO - RF features: 114 domain features (no embeddings)
2025-11-12 22:25:29,703 - core.orchestrators.feature_selector - INFO - Dropped 113 features for rf model
2025-11-12 22:25:29,703 - core.orchestrators.feature_selector - INFO - RF features: 114 domain features (no embeddings)
2025-11-12 22:25:29,706 - core.orchestrators.feature_selector - INFO - RF features: 114 domain features (no embeddings)
/Users/mattg0/miniconda3/envs/HorseAIv2/lib/python3.11/site-packages/sklearn/ensemble/_base.py:168: UserWarning: Loky-backed parallel loops cannot be called in a multiprocessing, setting n_jobs=1
  n_jobs = min(effective_n_jobs(n_jobs), n_estimators)
2025-11-12 22:25:29,711 - core.orchestrators.feature_selector - INFO - RF features: 114 domain features (no embeddings)
2025-11-12 22:25:29,712 - core.orchestrators.feature_selector - INFO - Dropped 113 features for rf model
2025-11-12 22:25:29,712 - core.orchestrators.feature_selector - INFO - RF features: 114 domain features (no embeddings)
2025-11-12 22:25:29,716 - core.orchestrators.feature_selector - INFO - RF features: 114 domain features (no embeddings)
/Users/mattg0/miniconda3/envs/HorseAIv2/lib/python3.11/site-packages/sklearn/ensemble/_base.py:168: UserWarning: Loky-backed parallel loops cannot be called in a multiprocessing, setting n_jobs=1
  n_jobs = min(effective_n_jobs(n_jobs), n_estimators)
/Users/mattg0/miniconda3/envs/HorseAIv2/lib/python3.11/site-packages/sklearn/ensemble/_base.py:168: UserWarning: Loky-backed parallel loops cannot be called in a multiprocessing, setting n_jobs=1
  n_jobs = min(effective_n_jobs(n_jobs), n_estimators)
2025-11-12 22:25:51,261 - core.orchestrators.feature_selector - INFO - RF features: 114 domain features (no embeddings)
2025-11-12 22:25:51,262 - core.orchestrators.feature_selector - INFO - Dropped 113 features for rf model
2025-11-12 22:25:51,262 - core.orchestrators.feature_selector - INFO - RF features: 114 domain features (no embeddings)
2025-11-12 22:25:51,263 - core.orchestrators.feature_selector - INFO - RF features: 114 domain features (no embeddings)
2025-11-12 22:25:51,263 - core.orchestrators.feature_selector - INFO - Dropped 113 features for rf model
2025-11-12 22:25:51,263 - core.orchestrators.feature_selector - INFO - RF features: 114 domain features (no embeddings)
2025-11-12 22:25:51,265 - core.orchestrators.feature_selector - INFO - RF features: 114 domain features (no embeddings)
2025-11-12 22:25:51,266 - core.orchestrators.feature_selector - INFO - RF features: 114 domain features (no embeddings)
2025-11-12 22:25:51,266 - core.orchestrators.feature_selector - INFO - Dropped 113 features for rf model
2025-11-12 22:25:51,266 - core.orchestrators.feature_selector - INFO - RF features: 114 domain features (no embeddings)
2025-11-12 22:25:51,266 - core.orchestrators.feature_selector - INFO - RF features: 114 domain features (no embeddings)
2025-11-12 22:25:51,270 - core.orchestrators.feature_selector - INFO - RF features: 114 domain features (no embeddings)
/Users/mattg0/miniconda3/envs/HorseAIv2/lib/python3.11/site-packages/sklearn/ensemble/_base.py:168: UserWarning: Loky-backed parallel loops cannot be called in a multiprocessing, setting n_jobs=1
  n_jobs = min(effective_n_jobs(n_jobs), n_estimators)
/Users/mattg0/miniconda3/envs/HorseAIv2/lib/python3.11/site-packages/sklearn/ensemble/_base.py:168: UserWarning: Loky-backed parallel loops cannot be called in a multiprocessing, setting n_jobs=1
  n_jobs = min(effective_n_jobs(n_jobs), n_estimators)
/Users/mattg0/miniconda3/envs/HorseAIv2/lib/python3.11/site-packages/sklearn/ensemble/_base.py:168: UserWarning: Loky-backed parallel loops cannot be called in a multiprocessing, setting n_jobs=1
  n_jobs = min(effective_n_jobs(n_jobs), n_estimators)
2025-11-12 22:26:17,108 - core.orchestrators.feature_selector - INFO - RF features: 114 domain features (no embeddings)
2025-11-12 22:26:17,109 - core.orchestrators.feature_selector - INFO - Dropped 113 features for rf model
2025-11-12 22:26:17,109 - core.orchestrators.feature_selector - INFO - RF features: 114 domain features (no embeddings)
2025-11-12 22:26:17,112 - core.orchestrators.feature_selector - INFO - RF features: 114 domain features (no embeddings)
2025-11-12 22:26:17,115 - core.orchestrators.feature_selector - INFO - RF features: 114 domain features (no embeddings)
2025-11-12 22:26:17,116 - core.orchestrators.feature_selector - INFO - Dropped 113 features for rf model
2025-11-12 22:26:17,116 - core.orchestrators.feature_selector - INFO - RF features: 114 domain features (no embeddings)
2025-11-12 22:26:17,119 - core.orchestrators.feature_selector - INFO - RF features: 114 domain features (no embeddings)
/Users/mattg0/miniconda3/envs/HorseAIv2/lib/python3.11/site-packages/sklearn/ensemble/_base.py:168: UserWarning: Loky-backed parallel loops cannot be called in a multiprocessing, setting n_jobs=1
  n_jobs = min(effective_n_jobs(n_jobs), n_estimators)
/Users/mattg0/miniconda3/envs/HorseAIv2/lib/python3.11/site-packages/sklearn/ensemble/_base.py:168: UserWarning: Loky-backed parallel loops cannot be called in a multiprocessing, setting n_jobs=1
  n_jobs = min(effective_n_jobs(n_jobs), n_estimators)
2025-11-12 22:26:40,696 - core.orchestrators.feature_selector - INFO - RF features: 114 domain features (no embeddings)
2025-11-12 22:26:40,696 - core.orchestrators.feature_selector - INFO - Dropped 113 features for rf model
2025-11-12 22:26:40,697 - core.orchestrators.feature_selector - INFO - RF features: 114 domain features (no embeddings)
2025-11-12 22:26:40,699 - core.orchestrators.feature_selector - INFO - RF features: 114 domain features (no embeddings)
2025-11-12 22:26:40,699 - core.orchestrators.feature_selector - INFO - Dropped 113 features for rf model
2025-11-12 22:26:40,699 - core.orchestrators.feature_selector - INFO - RF features: 114 domain features (no embeddings)
2025-11-12 22:26:40,699 - core.orchestrators.feature_selector - INFO - RF features: 114 domain features (no embeddings)
2025-11-12 22:26:40,703 - core.orchestrators.feature_selector - INFO - RF features: 114 domain features (no embeddings)
/Users/mattg0/miniconda3/envs/HorseAIv2/lib/python3.11/site-packages/sklearn/ensemble/_base.py:168: UserWarning: Loky-backed parallel loops cannot be called in a multiprocessing, setting n_jobs=1
  n_jobs = min(effective_n_jobs(n_jobs), n_estimators)
/Users/mattg0/miniconda3/envs/HorseAIv2/lib/python3.11/site-packages/sklearn/ensemble/_base.py:168: UserWarning: Loky-backed parallel loops cannot be called in a multiprocessing, setting n_jobs=1
  n_jobs = min(effective_n_jobs(n_jobs), n_estimators)
2025-11-12 22:27:05,020 - core.orchestrators.feature_selector - INFO - RF features: 114 domain features (no embeddings)
2025-11-12 22:27:05,021 - core.orchestrators.feature_selector - INFO - Dropped 113 features for rf model
2025-11-12 22:27:05,021 - core.orchestrators.feature_selector - INFO - RF features: 114 domain features (no embeddings)
2025-11-12 22:27:05,024 - core.orchestrators.feature_selector - INFO - RF features: 114 domain features (no embeddings)
/Users/mattg0/miniconda3/envs/HorseAIv2/lib/python3.11/site-packages/sklearn/ensemble/_base.py:168: UserWarning: Loky-backed parallel loops cannot be called in a multiprocessing, setting n_jobs=1
  n_jobs = min(effective_n_jobs(n_jobs), n_estimators)
[95%] Storing predictions to database...
[100%] Complete! Processed 32 races in 333.7s

============================================================
✅ BATCH PREDICTION COMPLETE
============================================================
  Job ID: batch_20251112_222141
  Total races: 32
  Successful: 32
  Failed: 0
  Total time: 339.77s
  Throughput: 0.1 races/second
============================================================
