2025-11-08 10:53:44,814 - RaceArchiver - INFO - Logging initialized to logs/race_archiver_20251108.log
2025-11-08 10:53:44,817 - RaceArchiver - INFO - Database structure verified
2025-11-08 10:53:51,161 - RaceArchiver - INFO - Logging initialized to logs/race_archiver_20251108.log
2025-11-08 10:53:51,169 - RaceArchiver - INFO - Database structure verified
2025-11-08 10:54:07,464 - RaceArchiver - INFO - Logging initialized to logs/race_archiver_20251108.log
2025-11-08 10:54:07,466 - RaceArchiver - INFO - Database structure verified
2025-11-08 10:54:26,838 - RaceArchiver - INFO - Logging initialized to logs/race_archiver_20251108.log
2025-11-08 10:54:26,847 - RaceArchiver - INFO - Database structure verified
2025-11-08 10:54:27,490 - RaceArchiver - INFO - Logging initialized to logs/race_archiver_20251108.log
2025-11-08 10:54:27,493 - RaceArchiver - INFO - Database structure verified
2025-11-08 10:54:27,944 - RaceArchiver - INFO - Logging initialized to logs/race_archiver_20251108.log
2025-11-08 10:54:27,946 - RaceArchiver - INFO - Database structure verified
2025-11-08 10:54:28,864 - RaceArchiver - INFO - Logging initialized to logs/race_archiver_20251108.log
2025-11-08 10:54:28,866 - RaceArchiver - INFO - Database structure verified
2025-11-08 10:54:29,434 - RaceArchiver - INFO - Logging initialized to logs/race_archiver_20251108.log
2025-11-08 10:54:29,436 - RaceArchiver - INFO - Database structure verified
2025-11-08 10:54:30,262 - RaceArchiver - INFO - Logging initialized to logs/race_archiver_20251108.log
2025-11-08 10:54:30,263 - RaceArchiver - INFO - Database structure verified
2025-11-08 10:54:30,602 - RaceArchiver - INFO - Logging initialized to logs/race_archiver_20251108.log
2025-11-08 10:54:30,604 - RaceArchiver - INFO - Database structure verified
2025-11-08 10:54:31,287 - RaceArchiver - INFO - Logging initialized to logs/race_archiver_20251108.log
2025-11-08 10:54:31,288 - RaceArchiver - INFO - Database structure verified
2025-11-08 16:29:41,175 - RaceFetcher - ERROR - ❌ API request failed for /jour: HTTPSConnectionPool(host='aspiturf.com', port=443): Max retries exceeded with url: /api/api/jour?uid=EhBCnKDamDfLkYJJjhWLf47xT7j1&jour=2025-11-08 (Caused by NameResolutionError("<urllib3.connection.HTTPSConnection object at 0x37e78bb10>: Failed to resolve 'aspiturf.com' ([Errno 8] nodename nor servname provided, or not known)"))
2025-11-08 16:29:41,176 - RaceFetcher - ERROR - Error fetching races for 2025-11-08
2025-11-08 16:29:41,176 - RaceFetcher - ERROR - Error in fetch_and_store_daily_races: Failed to fetch races for 2025-11-08
2025-11-08 16:29:41,179 - RaceFetcher - ERROR - Traceback (most recent call last):
  File "/Users/mattg0/Docs/HorseAIv2/core/connectors/api_daily_sync.py", line 673, in fetch_and_store_daily_races
    api_data = self.fetch_races(date)
               ^^^^^^^^^^^^^^^^^^^^^^
  File "/Users/mattg0/Docs/HorseAIv2/core/connectors/api_daily_sync.py", line 286, in fetch_races
    raise Exception(f"Failed to fetch races for {date}")
Exception: Failed to fetch races for 2025-11-08

2025-11-08 18:04:57,038 - RaceFetcher - ERROR - ❌ API request failed for /jour: HTTPSConnectionPool(host='aspiturf.com', port=443): Max retries exceeded with url: /api/api/jour?uid=EhBCnKDamDfLkYJJjhWLf47xT7j1&jour=2025-11-08 (Caused by NameResolutionError("<urllib3.connection.HTTPSConnection object at 0x37b71e350>: Failed to resolve 'aspiturf.com' ([Errno 8] nodename nor servname provided, or not known)"))
2025-11-08 18:04:57,039 - RaceFetcher - ERROR - Error fetching races for 2025-11-08
2025-11-08 18:04:57,039 - RaceFetcher - ERROR - Error in fetch_and_store_daily_races: Failed to fetch races for 2025-11-08
2025-11-08 18:04:57,041 - RaceFetcher - ERROR - Traceback (most recent call last):
  File "/Users/mattg0/Docs/HorseAIv2/core/connectors/api_daily_sync.py", line 673, in fetch_and_store_daily_races
    api_data = self.fetch_races(date)
               ^^^^^^^^^^^^^^^^^^^^^^
  File "/Users/mattg0/Docs/HorseAIv2/core/connectors/api_daily_sync.py", line 286, in fetch_races
    raise Exception(f"Failed to fetch races for {date}")
Exception: Failed to fetch races for 2025-11-08

2025-11-08 18:05:43,680 - RaceFetcher - ERROR - ❌ API request failed for /jour: HTTPSConnectionPool(host='aspiturf.com', port=443): Max retries exceeded with url: /api/api/jour?uid=EhBCnKDamDfLkYJJjhWLf47xT7j1&jour=2025-11-03 (Caused by NameResolutionError("<urllib3.connection.HTTPSConnection object at 0x37ef3a510>: Failed to resolve 'aspiturf.com' ([Errno 8] nodename nor servname provided, or not known)"))
2025-11-08 18:05:43,680 - RaceFetcher - ERROR - Error fetching races for 2025-11-03
2025-11-08 18:05:43,680 - RaceFetcher - ERROR - Error in fetch_and_store_daily_races: Failed to fetch races for 2025-11-03
2025-11-08 18:05:43,681 - RaceFetcher - ERROR - Traceback (most recent call last):
  File "/Users/mattg0/Docs/HorseAIv2/core/connectors/api_daily_sync.py", line 673, in fetch_and_store_daily_races
    api_data = self.fetch_races(date)
               ^^^^^^^^^^^^^^^^^^^^^^
  File "/Users/mattg0/Docs/HorseAIv2/core/connectors/api_daily_sync.py", line 286, in fetch_races
    raise Exception(f"Failed to fetch races for {date}")
Exception: Failed to fetch races for 2025-11-03

2025-11-08 18:05:52,216 - RaceFetcher - ERROR - ❌ API request failed for /jour: HTTPSConnectionPool(host='aspiturf.com', port=443): Max retries exceeded with url: /api/api/jour?uid=EhBCnKDamDfLkYJJjhWLf47xT7j1&jour=2025-11-08 (Caused by NameResolutionError("<urllib3.connection.HTTPSConnection object at 0x359ba1c50>: Failed to resolve 'aspiturf.com' ([Errno 8] nodename nor servname provided, or not known)"))
2025-11-08 18:05:52,217 - RaceFetcher - ERROR - Error fetching races for 2025-11-08
2025-11-08 18:05:52,217 - RaceFetcher - ERROR - Error in fetch_and_store_daily_races: Failed to fetch races for 2025-11-08
2025-11-08 18:05:52,218 - RaceFetcher - ERROR - Traceback (most recent call last):
  File "/Users/mattg0/Docs/HorseAIv2/core/connectors/api_daily_sync.py", line 673, in fetch_and_store_daily_races
    api_data = self.fetch_races(date)
               ^^^^^^^^^^^^^^^^^^^^^^
  File "/Users/mattg0/Docs/HorseAIv2/core/connectors/api_daily_sync.py", line 286, in fetch_races
    raise Exception(f"Failed to fetch races for {date}")
Exception: Failed to fetch races for 2025-11-08

2025-11-08 18:06:03,688 - RaceFetcher - ERROR - ❌ API request failed for /jour: HTTPSConnectionPool(host='aspiturf.com', port=443): Max retries exceeded with url: /api/api/jour?uid=EhBCnKDamDfLkYJJjhWLf47xT7j1&jour=2025-11-08 (Caused by NameResolutionError("<urllib3.connection.HTTPSConnection object at 0x37e420190>: Failed to resolve 'aspiturf.com' ([Errno 8] nodename nor servname provided, or not known)"))
2025-11-08 18:06:03,688 - RaceFetcher - ERROR - Error fetching races for 2025-11-08
2025-11-08 18:06:03,689 - RaceFetcher - ERROR - Error in fetch_and_store_daily_races: Failed to fetch races for 2025-11-08
2025-11-08 18:06:03,689 - RaceFetcher - ERROR - Traceback (most recent call last):
  File "/Users/mattg0/Docs/HorseAIv2/core/connectors/api_daily_sync.py", line 673, in fetch_and_store_daily_races
    api_data = self.fetch_races(date)
               ^^^^^^^^^^^^^^^^^^^^^^
  File "/Users/mattg0/Docs/HorseAIv2/core/connectors/api_daily_sync.py", line 286, in fetch_races
    raise Exception(f"Failed to fetch races for {date}")
Exception: Failed to fetch races for 2025-11-08

2025-11-08 18:06:10,300 - RaceFetcher - ERROR - ❌ API request failed for /jour: HTTPSConnectionPool(host='aspiturf.com', port=443): Max retries exceeded with url: /api/api/jour?uid=EhBCnKDamDfLkYJJjhWLf47xT7j1&jour=2025-11-08 (Caused by NameResolutionError("<urllib3.connection.HTTPSConnection object at 0x37ef420d0>: Failed to resolve 'aspiturf.com' ([Errno 8] nodename nor servname provided, or not known)"))
2025-11-08 18:06:10,301 - RaceFetcher - ERROR - Error fetching races for 2025-11-08
2025-11-08 18:06:10,301 - RaceFetcher - ERROR - Error in fetch_and_store_daily_races: Failed to fetch races for 2025-11-08
2025-11-08 18:06:10,301 - RaceFetcher - ERROR - Traceback (most recent call last):
  File "/Users/mattg0/Docs/HorseAIv2/core/connectors/api_daily_sync.py", line 673, in fetch_and_store_daily_races
    api_data = self.fetch_races(date)
               ^^^^^^^^^^^^^^^^^^^^^^
  File "/Users/mattg0/Docs/HorseAIv2/core/connectors/api_daily_sync.py", line 286, in fetch_races
    raise Exception(f"Failed to fetch races for {date}")
Exception: Failed to fetch races for 2025-11-08

2025-11-08 18:06:17,161 - RaceFetcher - ERROR - ❌ API request failed for /jour: HTTPSConnectionPool(host='aspiturf.com', port=443): Max retries exceeded with url: /api/api/jour?uid=EhBCnKDamDfLkYJJjhWLf47xT7j1&jour=2025-11-03 (Caused by NameResolutionError("<urllib3.connection.HTTPSConnection object at 0x37e73ec50>: Failed to resolve 'aspiturf.com' ([Errno 8] nodename nor servname provided, or not known)"))
2025-11-08 18:06:17,161 - RaceFetcher - ERROR - Error fetching races for 2025-11-03
2025-11-08 18:06:17,161 - RaceFetcher - ERROR - Error in fetch_and_store_daily_races: Failed to fetch races for 2025-11-03
2025-11-08 18:06:17,161 - RaceFetcher - ERROR - Traceback (most recent call last):
  File "/Users/mattg0/Docs/HorseAIv2/core/connectors/api_daily_sync.py", line 673, in fetch_and_store_daily_races
    api_data = self.fetch_races(date)
               ^^^^^^^^^^^^^^^^^^^^^^
  File "/Users/mattg0/Docs/HorseAIv2/core/connectors/api_daily_sync.py", line 286, in fetch_races
    raise Exception(f"Failed to fetch races for {date}")
Exception: Failed to fetch races for 2025-11-03

2025-11-08 18:06:49,650 - UnifiedDataPipeline - WARNING - ⚠️  Feature consistency validation failed for daily_sync: ['Feature che_by_type_avg_pos has 85.7% missing values', 'Feature che_by_type_recent_perf has 85.7% missing values', 'Feature che_by_type_consistency has 85.7% missing values', 'Feature che_by_type_trend has 85.7% missing values', 'Feature che_by_type_pct_top3 has 85.7% missing values', 'Feature che_by_type_nb_courses has 85.7% missing values', 'Feature che_by_type_total_races has 85.7% missing values', 'Feature che_by_type_dnf_rate has 85.7% missing values']
2025-11-09 15:02:48,101 - RaceFetcher - ERROR - ❌ API request failed for /jour: HTTPSConnectionPool(host='aspiturf.com', port=443): Max retries exceeded with url: /api/api/jour?uid=EhBCnKDamDfLkYJJjhWLf47xT7j1&jour=2025-11-09 (Caused by NameResolutionError("<urllib3.connection.HTTPSConnection object at 0x35a6de490>: Failed to resolve 'aspiturf.com' ([Errno 8] nodename nor servname provided, or not known)"))
2025-11-09 15:02:48,102 - RaceFetcher - ERROR - Error fetching races for 2025-11-09
2025-11-09 15:02:48,102 - RaceFetcher - ERROR - Error in fetch_and_store_daily_races: Failed to fetch races for 2025-11-09
2025-11-09 15:02:48,103 - RaceFetcher - ERROR - Traceback (most recent call last):
  File "/Users/mattg0/Docs/HorseAIv2/core/connectors/api_daily_sync.py", line 673, in fetch_and_store_daily_races
    api_data = self.fetch_races(date)
               ^^^^^^^^^^^^^^^^^^^^^^
  File "/Users/mattg0/Docs/HorseAIv2/core/connectors/api_daily_sync.py", line 286, in fetch_races
    raise Exception(f"Failed to fetch races for {date}")
Exception: Failed to fetch races for 2025-11-09

2025-11-09 15:04:02,034 - UnifiedDataPipeline - WARNING - ⚠️  Feature consistency validation failed for daily_sync: ['Feature che_by_type_avg_pos has 92.9% missing values', 'Feature che_by_type_recent_perf has 92.9% missing values', 'Feature che_by_type_consistency has 92.9% missing values', 'Feature che_by_type_trend has 92.9% missing values', 'Feature che_by_type_pct_top3 has 92.9% missing values', 'Feature che_by_type_nb_courses has 92.9% missing values', 'Feature che_by_type_total_races has 92.9% missing values', 'Feature che_by_type_dnf_rate has 92.9% missing values']
2025-11-09 15:08:06,560 - race_prediction.quinte_prediction_storage - INFO - Quinté prediction storage initialized at data/hippique2.db
2025-11-09 15:08:08,962 - race_prediction.competitive_field_analyzer - INFO - === COMPETITIVE ANALYSIS DEBUG ===
2025-11-09 15:08:08,962 - race_prediction.competitive_field_analyzer - INFO - Analyzing competitive field for race with 16 horses
2025-11-09 15:08:08,962 - race_prediction.competitive_field_analyzer - INFO - Race data shape: (16, 280)
2025-11-09 15:08:08,962 - race_prediction.competitive_field_analyzer - INFO - Available columns: ['id', 'comp', 'jour', 'hippo', 'reun', 'prix', 'prixnom', 'typec', 'partant', 'dist', 'handi', 'groupe', 'quinte', 'natpis', 'meteo', 'corde', 'temperature', 'forceVent', 'directionVent', 'nebulosite', 'prediction_results', 'actual_results', 'created_at', 'updated_at', 'processed_data', 'cheque', 'handi_raw', 'reclam', 'sex', 'tempscourse', 'handicap_level_score', 'cl', 'numero', 'cheval', 'age', 'cotedirect', 'coteprob', 'recence', 'ecar', 'defoeil', 'defoeilPrec', 'musiqueche', 'musiquejoc', 'entraineur', 'coursescheval', 'victoirescheval', 'placescheval', 'dernierealloc', 'derniernbpartants', 'dernieredist', 'derniereplace', 'dernierecote', 'dernierEnt', 'proprietaire', 'poidmont', 'pourcVictJockHippo', 'pourcPlaceJockHippo', 'pourcVictChevalHippo', 'pourcPlaceChevalHippo', 'tempstot', 'vha', 'recordG', 'txreclam', 'dernierTxreclam', 'gainsCarriere', 'gainsAnneeEnCours', 'handicapDistance', 'handicapPoids', 'TxVictCouple', 'nbVictCouple', 'nbPlaceCouple', 'idche', 'idJockey', 'idEntraineur', 'defFirstTime', 'oeilFirstTime', 'oeil', 'dernierOeil', 'ratio_victoires', 'ratio_places', 'gains_par_course', 'efficacite_couple', 'regularite_couple', 'progression_couple', 'perf_cheval_hippo', 'perf_jockey_hippo', 'trainer_victoires', 'trainer_places', 'trainer_courses', 'trainer_winrate', 'trainer_placerate', 'trainer_quality_score', 'trainer_experience_level', 'handicap_poids', 'handicap_dist', 'prec_handicap_poids', 'prec_handicap_dist', 'handicap_poids_change', 'handicap_poids_increased', 'handicap_poids_decreased', 'handicap_dist_change', 'handicap_dist_increased', 'handicap_dist_decreased', 'total_handicap', 'handicap_momentum', 'last_race_position', 'last_race_distance', 'distance_change', 'distance_change_pct', 'distance_increased', 'distance_decreased', 'same_distance', 'corde_change', 'corde_improved', 'corde_worsened', 'last_race_top3', 'last_race_won', 'blinkers_first_time', 'has_blinkers', 'has_standard_blinkers', 'has_australian_blinkers', 'blinkers_added', 'blinkers_removed', 'blinkers_type_changed', 'blinkers_any_change', 'blinkers_high_impact_change', 'shoeing_first_time', 'fully_shod', 'front_shod_only', 'back_shod_only', 'barefoot', 'shoeing_changed', 'barefoot_to_shod', 'shod_to_barefoot', 'major_shoeing_change', 'shoeing_complexity', 'multiple_equipment_changes', 'equipment_momentum_score', 'high_equipment_momentum', 'multiple_first_time_changes', 'equipment_optimization_score', 'career_strike_rate', 'earnings_per_race', 'earnings_trend', 'last_race_position_normalized', 'last_race_odds_normalized', 'last_race_field_size_factor', 'distance_consistency', 'vha_normalized', 'claiming_tax_trend', 'class_stability', 'che_global_avg_pos', 'che_global_recent_perf', 'che_global_consistency', 'che_global_trend', 'che_global_pct_top3', 'che_global_nb_courses', 'che_global_total_races', 'che_global_dnf_rate', 'che_weighted_avg_pos', 'che_weighted_recent_perf', 'che_weighted_consistency', 'che_weighted_pct_top3', 'che_weighted_nb_courses', 'che_weighted_total_races', 'che_weighted_dnf_rate', 'che_weighted_trend', 'che_bytype_avg_pos', 'che_bytype_recent_perf', 'che_bytype_consistency', 'che_bytype_trend', 'che_bytype_pct_top3', 'che_bytype_nb_courses', 'che_bytype_total_races', 'che_bytype_dnf_rate', 'joc_global_avg_pos', 'joc_global_recent_perf', 'joc_global_consistency', 'joc_global_trend', 'joc_global_pct_top3', 'joc_global_nb_courses', 'joc_global_total_races', 'joc_global_dnf_rate', 'joc_weighted_avg_pos', 'joc_weighted_recent_perf', 'joc_weighted_consistency', 'joc_weighted_pct_top3', 'joc_weighted_nb_courses', 'joc_weighted_total_races', 'joc_weighted_dnf_rate', 'joc_weighted_trend', 'joc_bytype_avg_pos', 'joc_bytype_recent_perf', 'joc_bytype_consistency', 'joc_bytype_trend', 'joc_bytype_pct_top3', 'joc_bytype_nb_courses', 'joc_bytype_total_races', 'joc_bytype_dnf_rate', 'che_form_momentum', 'che_improving_form', 'che_declining_form', 'che_high_consistency', 'che_recent_quality', 'che_elite_performer', 'che_regular_placer', 'joc_form_momentum', 'joc_improving_form', 'joc_high_consistency', 'joc_elite_performer', 'synergy_both_improving', 'synergy_both_consistent', 'synergy_both_elite', 'overall_momentum_score', 'high_momentum', 'class_drop_pct', 'purse_per_starter', 'purse_ratio', 'moving_up_in_class', 'class_shock_indicator', 'handicap_level_change', 'time_per_distance', 'time_vs_record', 'pace_rating', 'speed_figure_proxy', 'market_confidence_shift', 'last_race_improvement', 'bounce_risk', 'layoff_distance_interaction', 'trainer_change', 'connection_stability', 'field_size_change', 'distance_comfort', 'competition_level_shift', 'recence_x_class_drop', 'trainer_change_x_recence', 'distance_change_x_recence', 'che_by_type_avg_pos', 'che_by_type_recent_perf', 'che_by_type_consistency', 'che_by_type_trend', 'che_by_type_pct_top3', 'che_by_type_nb_courses', 'che_by_type_total_races', 'che_by_type_dnf_rate', 'joc_by_type_avg_pos', 'joc_by_type_recent_perf', 'joc_by_type_consistency', 'joc_by_type_trend', 'joc_by_type_pct_top3', 'joc_by_type_nb_courses', 'joc_by_type_total_races', 'joc_by_type_dnf_rate', 'quinte_career_starts', 'quinte_win_rate', 'quinte_top5_rate', 'avg_quinte_position', 'days_since_last_quinte', 'quinte_handicap_specialist', 'quinte_conditions_specialist', 'quinte_large_field_ability', 'quinte_track_condition_fit', 'is_handicap_quinte', 'handicap_division', 'purse_level_category', 'field_size_category', 'track_condition_PH', 'track_condition_DUR', 'track_condition_PS', 'track_condition_PSF', 'weather_clear', 'weather_rain', 'weather_cloudy', 'post_position_bias', 'post_position_track_bias', 'raw_tabnet_prediction', 'predicted_position_tabnet', 'raw_rf_prediction', 'predicted_position_rf', 'predicted_position_base']
2025-11-09 15:08:08,963 - race_prediction.competitive_field_analyzer - INFO - === CRITICAL COLUMNS ANALYSIS ===
2025-11-09 15:08:08,963 - race_prediction.competitive_field_analyzer - INFO - ✅ recordG: 16/16 non-null values (100.0%)
2025-11-09 15:08:08,963 - race_prediction.competitive_field_analyzer - INFO -    Sample values: [0.0, 0.0, 0.0]
2025-11-09 15:08:08,963 - race_prediction.competitive_field_analyzer - INFO - ✅ hippo: 16/16 non-null values (100.0%)
2025-11-09 15:08:08,963 - race_prediction.competitive_field_analyzer - INFO -    Sample values: ['Saint-Cloud', 'Saint-Cloud', 'Saint-Cloud']
2025-11-09 15:08:08,963 - race_prediction.competitive_field_analyzer - INFO - ✅ coursescheval: 16/16 non-null values (100.0%)
2025-11-09 15:08:08,963 - race_prediction.competitive_field_analyzer - INFO -    Sample values: [21, 35, 18]
2025-11-09 15:08:08,963 - race_prediction.competitive_field_analyzer - INFO - ✅ victoirescheval: 16/16 non-null values (100.0%)
2025-11-09 15:08:08,963 - race_prediction.competitive_field_analyzer - INFO -    Sample values: [3, 6, 3]
2025-11-09 15:08:08,963 - race_prediction.competitive_field_analyzer - INFO - ✅ placescheval: 16/16 non-null values (100.0%)
2025-11-09 15:08:08,963 - race_prediction.competitive_field_analyzer - INFO -    Sample values: [8, 22, 7]
2025-11-09 15:08:08,963 - race_prediction.competitive_field_analyzer - INFO - ✅ gainsCarriere: 16/16 non-null values (100.0%)
2025-11-09 15:08:08,964 - race_prediction.competitive_field_analyzer - INFO -    Sample values: [10650100, 23140400, 8457900]
2025-11-09 15:08:08,964 - race_prediction.competitive_field_analyzer - INFO - ✅ age: 16/16 non-null values (100.0%)
2025-11-09 15:08:08,964 - race_prediction.competitive_field_analyzer - INFO -    Sample values: [5, 7, 4]
2025-11-09 15:08:08,964 - race_prediction.competitive_field_analyzer - INFO - ✅ derniereplace: 16/16 non-null values (100.0%)
2025-11-09 15:08:08,964 - race_prediction.competitive_field_analyzer - INFO -    Sample values: [2.0, 5.0, 4.0]
2025-11-09 15:08:08,964 - race_prediction.competitive_field_analyzer - INFO - === RACE METADATA ===
2025-11-09 15:08:08,964 - race_prediction.competitive_field_analyzer - INFO - comp: 1621443
2025-11-09 15:08:08,964 - race_prediction.competitive_field_analyzer - INFO - hippo: Saint-Cloud
2025-11-09 15:08:08,964 - race_prediction.competitive_field_analyzer - INFO - dist: 1600
2025-11-09 15:08:08,964 - race_prediction.competitive_field_analyzer - INFO - typec: Plat
2025-11-09 15:08:08,964 - race_prediction.competitive_field_analyzer - INFO - partant: 16
2025-11-09 15:08:08,964 - race_prediction.competitive_field_analyzer - INFO - === SAMPLE RACE DATA ===
2025-11-09 15:08:08,964 - race_prediction.competitive_field_analyzer - INFO - Sample data (columns: ['numero', 'cheval', 'recordG', 'hippo', 'coursescheval']):
2025-11-09 15:08:08,964 - race_prediction.competitive_field_analyzer - INFO -   Horse 0: {'numero': 1, 'cheval': 'Olympic Message', 'recordG': 0.0, 'hippo': 'Saint-Cloud', 'coursescheval': 21}
2025-11-09 15:08:08,964 - race_prediction.competitive_field_analyzer - INFO -   Horse 1: {'numero': 2, 'cheval': 'Harper', 'recordG': 0.0, 'hippo': 'Saint-Cloud', 'coursescheval': 35}
2025-11-09 15:08:08,964 - race_prediction.competitive_field_analyzer - INFO -   Horse 2: {'numero': 3, 'cheval': 'Divide And Rule', 'recordG': 0.0, 'hippo': 'Saint-Cloud', 'coursescheval': 18}
2025-11-09 15:08:08,964 - race_prediction.competitive_field_analyzer - INFO - === END COMPETITIVE ANALYSIS DEBUG ===

2025-11-09 15:08:08,964 - race_prediction.competitive_field_analyzer - INFO - === RETRIEVING HISTORICAL DATA ===
2025-11-09 15:08:08,965 - race_prediction.competitive_field_analyzer - INFO - Fetching historical data for 16 horses: [1561006, 1408356, 1676665, 1657763, 1523301, 1724362, 1655542, 1654258, 1723957, 1523186, 1572946, 1741661, 1520399, 1653870, 1641065, 1741448]
2025-11-09 15:08:08,966 - race_prediction.competitive_field_analyzer - INFO - Batch querying historical data for 16 horses: [1561006, 1408356, 1676665, 1657763, 1523301, 1724362, 1655542, 1654258, 1723957, 1523186, 1572946, 1741661, 1520399, 1653870, 1641065, 1741448]
2025-11-09 15:08:34,101 - race_prediction.competitive_field_analyzer - INFO - Batch query completed in 25.13s, found 150 total records
2025-11-09 15:08:34,112 - race_prediction.competitive_field_analyzer - INFO - Batch query retrieved 150 total historical races
2025-11-09 15:08:34,112 - race_prediction.competitive_field_analyzer - INFO - === COMPETITIVE RACE COUNTS PER HORSE ===
2025-11-09 15:08:34,112 - race_prediction.competitive_field_analyzer - INFO - 🏇 Horse 1561006: 5 historical races found
2025-11-09 15:08:34,112 - race_prediction.competitive_field_analyzer - INFO - 🏇 Horse 1408356: 5 historical races found
2025-11-09 15:08:34,112 - race_prediction.competitive_field_analyzer - INFO - 🏇 Horse 1676665: 9 historical races found
2025-11-09 15:08:34,112 - race_prediction.competitive_field_analyzer - INFO - 🏇 Horse 1657763: 8 historical races found
2025-11-09 15:08:34,112 - race_prediction.competitive_field_analyzer - INFO - 🏇 Horse 1523301: 19 historical races found
2025-11-09 15:08:34,112 - race_prediction.competitive_field_analyzer - INFO - 🏇 Horse 1724362: 12 historical races found
2025-11-09 15:08:34,112 - race_prediction.competitive_field_analyzer - INFO - 🏇 Horse 1655542: 12 historical races found
2025-11-09 15:08:34,114 - race_prediction.competitive_field_analyzer - INFO - 🏇 Horse 1654258: 5 historical races found
2025-11-09 15:08:34,114 - race_prediction.competitive_field_analyzer - INFO - 🏇 Horse 1723957: 11 historical races found
2025-11-09 15:08:34,114 - race_prediction.competitive_field_analyzer - INFO - 🏇 Horse 1523186: 11 historical races found
2025-11-09 15:08:34,114 - race_prediction.competitive_field_analyzer - INFO - 🏇 Horse 1572946: 9 historical races found
2025-11-09 15:08:34,114 - race_prediction.competitive_field_analyzer - INFO - 🏇 Horse 1741661: 7 historical races found
2025-11-09 15:08:34,114 - race_prediction.competitive_field_analyzer - INFO - 🏇 Horse 1520399: 7 historical races found
2025-11-09 15:08:34,114 - race_prediction.competitive_field_analyzer - INFO - 🏇 Horse 1653870: 15 historical races found
2025-11-09 15:08:34,114 - race_prediction.competitive_field_analyzer - INFO - 🏇 Horse 1641065: 12 historical races found
2025-11-09 15:08:34,114 - race_prediction.competitive_field_analyzer - INFO - 🏇 Horse 1741448: 3 historical races found
2025-11-09 15:08:34,120 - race_prediction.competitive_field_analyzer - INFO - Retrieved 150 total historical races
2025-11-09 15:08:34,120 - race_prediction.competitive_field_analyzer - INFO - === COMPETITIVE RACE COUNTS BY HORSE ===
2025-11-09 15:08:34,120 - race_prediction.competitive_field_analyzer - INFO - 🏇 Horse 1561006: 5 historical races
2025-11-09 15:08:34,120 - race_prediction.competitive_field_analyzer - INFO - 🏇 Horse 1408356: 5 historical races
2025-11-09 15:08:34,120 - race_prediction.competitive_field_analyzer - INFO - 🏇 Horse 1676665: 9 historical races
2025-11-09 15:08:34,120 - race_prediction.competitive_field_analyzer - INFO - 🏇 Horse 1657763: 8 historical races
2025-11-09 15:08:34,120 - race_prediction.competitive_field_analyzer - INFO - 🏇 Horse 1523301: 19 historical races
2025-11-09 15:08:34,120 - race_prediction.competitive_field_analyzer - INFO - 🏇 Horse 1724362: 12 historical races
2025-11-09 15:08:34,121 - race_prediction.competitive_field_analyzer - INFO - 🏇 Horse 1655542: 12 historical races
2025-11-09 15:08:34,121 - race_prediction.competitive_field_analyzer - INFO - 🏇 Horse 1654258: 5 historical races
2025-11-09 15:08:34,121 - race_prediction.competitive_field_analyzer - INFO - 🏇 Horse 1723957: 11 historical races
2025-11-09 15:08:34,121 - race_prediction.competitive_field_analyzer - INFO - 🏇 Horse 1523186: 11 historical races
2025-11-09 15:08:34,121 - race_prediction.competitive_field_analyzer - INFO - 🏇 Horse 1572946: 9 historical races
2025-11-09 15:08:34,121 - race_prediction.competitive_field_analyzer - INFO - 🏇 Horse 1741661: 7 historical races
2025-11-09 15:08:34,121 - race_prediction.competitive_field_analyzer - INFO - 🏇 Horse 1520399: 7 historical races
2025-11-09 15:08:34,121 - race_prediction.competitive_field_analyzer - INFO - 🏇 Horse 1653870: 15 historical races
2025-11-09 15:08:34,121 - race_prediction.competitive_field_analyzer - INFO - 🏇 Horse 1641065: 12 historical races
2025-11-09 15:08:34,121 - race_prediction.competitive_field_analyzer - INFO - 🏇 Horse 1741448: 3 historical races
2025-11-09 15:08:34,121 - race_prediction.competitive_field_analyzer - INFO - === END HISTORICAL DATA RETRIEVAL ===

2025-11-09 15:08:34,124 - race_prediction.competitive_field_analyzer - INFO - === EARNINGS QUALITY ANALYSIS ===
2025-11-09 15:08:34,125 - race_prediction.competitive_field_analyzer - INFO - Valid earnings data: 16/16 horses
2025-11-09 15:08:34,125 - race_prediction.competitive_field_analyzer - INFO - Sample earnings per race: ['507,148', '661,154', '469,883']
2025-11-09 15:08:34,126 - race_prediction.competitive_field_analyzer - INFO - Field earnings stats: avg=425,329, max=661,154
2025-11-09 15:08:34,127 - race_prediction.competitive_field_analyzer - INFO - === TRACK SPECIALIZATION ANALYSIS ===
2025-11-09 15:08:34,127 - race_prediction.competitive_field_analyzer - INFO - Horses with reliable venue data (3+ races): 0/16
2025-11-09 15:08:34,131 - race_prediction.competitive_field_analyzer - INFO - === FORM MOMENTUM ANALYSIS ===
2025-11-09 15:08:34,131 - race_prediction.competitive_field_analyzer - INFO - Field avg horse trend: 0.564, recent perf: 6.25
2025-11-09 15:08:34,131 - race_prediction.competitive_field_analyzer - INFO - Field avg jockey trend: -1.174
2025-11-09 15:08:34,131 - race_prediction.competitive_field_analyzer - INFO - Horses with improving form: 2/16
2025-11-09 15:08:34,132 - race_prediction.competitive_field_analyzer - INFO - === HOT CONNECTIONS ANALYSIS ===
2025-11-09 15:08:34,132 - race_prediction.competitive_field_analyzer - INFO - Jockeys with wins today: 0/16
2025-11-09 15:08:34,132 - race_prediction.competitive_field_analyzer - INFO - Trainers with wins today: 0/16
2025-11-09 15:08:34,132 - race_prediction.competitive_field_analyzer - INFO - === DISTANCE COMFORT ANALYSIS ===
2025-11-09 15:08:34,132 - race_prediction.competitive_field_analyzer - INFO - Current race distance: 1600m
2025-11-09 15:08:34,132 - race_prediction.competitive_field_analyzer - INFO - Horses with similar recent distance: 14/16
2025-11-09 15:08:34,132 - race_prediction.competitive_field_analyzer - INFO - === REALISTIC COMPETITIVE SCORING ===
2025-11-09 15:08:34,134 - race_prediction.competitive_field_analyzer - INFO - 📊 COMPETITIVE ANALYSIS SUMMARY:
2025-11-09 15:08:34,134 - race_prediction.competitive_field_analyzer - INFO -    Total competitive races: 150
2025-11-09 15:08:34,134 - race_prediction.competitive_field_analyzer - INFO -    Horses with historical data: 16/16
2025-11-09 15:08:34,134 - race_prediction.competitive_field_analyzer - INFO -    Average races per horse: 9.4
2025-11-09 15:08:34,161 - race_prediction.quinte_prediction_storage - INFO - Stored 16 horses for Quinté race 1621443
